Project Informationc:\users\hp bang\onedrive\desktop\logic\logic\seq2b8lv_gdf\seq2b8lv\btn4lv.rpt

MAX+plus II Compiler Report File
Version 10.2 07/10/2002
Compiled: 10/19/2022 23:51:32

Copyright (C) 1988-2002 Altera Corporation
Any megafunction design, and related net list (encrypted or decrypted),
support information, device programming or simulation file, and any other
associated documentation or information provided by Altera or a partner
under Altera's Megafunction Partnership Program may be used only to
program PLD devices (but not masked PLD devices) from Altera.  Any other
use of such megafunction design, net list, support information, device
programming or simulation file, or any other related documentation or
information is prohibited for any other purpose, including, but not
limited to modification, reverse engineering, de-compiling, or use with
any other silicon devices, unless such use is explicitly licensed under
a separate agreement with Altera or a megafunction partner.  Title to
the intellectual property, including patents, copyrights, trademarks,
trade secrets, or maskworks, embodied in any such megafunction design,
net list, support information, device programming or simulation file, or
any other related documentation or information provided by Altera or a
megafunction partner, remains with Altera, the megafunction partner, or
their respective licensors.  No other licenses, including any licenses
needed under any third party's intellectual property, are provided herein.



***** Project compilation was successful




** DEVICE SUMMARY **

Chip/                     Input   Output   Bidir         Shareable
POF       Device          Pins    Pins     Pins     LCs  Expanders  % Utilized

btn4lv    EPM7128SLC84-6   6        14       0      44      33          34 %

User Pins:                 6        14       0  



Project Informationc:\users\hp bang\onedrive\desktop\logic\logic\seq2b8lv_gdf\seq2b8lv\btn4lv.rpt

** AUTO GLOBAL SIGNALS **



INFO: Signal 'GCLK' chosen for auto global Clock


Project Informationc:\users\hp bang\onedrive\desktop\logic\logic\seq2b8lv_gdf\seq2b8lv\btn4lv.rpt

** PIN/LOCATION/CHIP ASSIGNMENTS **

                  Actual                  
    User       Assignments                
Assignments   (if different)     Node Name

btn4lv@33                         a
btn4lv@34                         b
btn4lv@52                         btn1
btn4lv@51                         btn2
btn4lv@50                         btn3
btn4lv@49                         btn4
btn4lv@35                         c
btn4lv@11                         clkL
btn4lv@36                         d
btn4lv@37                         e
btn4lv@39                         f
btn4lv@40                         g
btn4lv@83                         GCLK
btn4lv@21                         L1
btn4lv@20                         L2
btn4lv@18                         L3
btn4lv@17                         L4
btn4lv@15                         ReL
btn4lv@63                         reset
btn4lv@16                         T


Project Informationc:\users\hp bang\onedrive\desktop\logic\logic\seq2b8lv_gdf\seq2b8lv\btn4lv.rpt

** FILE HIERARCHY **



|t_ff:4|
|t_ff:4|d_latch:1|
|t_ff:4|d_latch:2|
|t_ff:3|
|t_ff:3|d_latch:1|
|t_ff:3|d_latch:2|
|t_ff:2|
|t_ff:2|d_latch:1|
|t_ff:2|d_latch:2|
|t_ff:1|
|t_ff:1|d_latch:1|
|t_ff:1|d_latch:2|
|dc4:5|
|ta2:7|
|tb2:8|
|tc2:9|
|td2:10|
|ec3:11|
|clkdiv18:21|
|7447:45|


Device-Specific Information:c:\users\hp bang\onedrive\desktop\logic\logic\seq2b8lv_gdf\seq2b8lv\btn4lv.rpt
btn4lv

***** Logic for device 'btn4lv' compiled without errors.




Device: EPM7128SLC84-6

Device Options:
    Turbo Bit                                    = ON
    Security Bit                                 = OFF
    Enable JTAG Support                        = ON
    User Code                                  = ffff
    MultiVolt I/O                              = OFF

                 R  R  R     R  R  R                    R  R  R     R  R  R  
                 E  E  E     E  E  E                    E  E  E     E  E  E  
                 S  S  S     S  S  S  V                 S  S  S     S  S  S  
                 E  E  E     E  E  E  C                 E  E  E  V  E  E  E  
              c  R  R  R     R  R  R  C           G     R  R  R  C  R  R  R  
              l  V  V  V  G  V  V  V  I  G  G  G  C  G  V  V  V  C  V  V  V  
              k  E  E  E  N  E  E  E  N  N  N  N  L  N  E  E  E  I  E  E  E  
              L  D  D  D  D  D  D  D  T  D  D  D  K  D  D  D  D  O  D  D  D  
            -----------------------------------------------------------------_ 
          /  11 10  9  8  7  6  5  4  3  2  1 84 83 82 81 80 79 78 77 76 75   | 
RESERVED | 12                                                              74 | RESERVED 
   VCCIO | 13                                                              73 | RESERVED 
    #TDI | 14                                                              72 | GND 
     ReL | 15                                                              71 | #TDO 
       T | 16                                                              70 | RESERVED 
      L4 | 17                                                              69 | RESERVED 
      L3 | 18                                                              68 | RESERVED 
     GND | 19                                                              67 | RESERVED 
      L2 | 20                                                              66 | VCCIO 
      L1 | 21                                                              65 | RESERVED 
RESERVED | 22                        EPM7128SLC84-6                        64 | RESERVED 
    #TMS | 23                                                              63 | reset 
RESERVED | 24                                                              62 | #TCK 
RESERVED | 25                                                              61 | RESERVED 
   VCCIO | 26                                                              60 | RESERVED 
RESERVED | 27                                                              59 | GND 
RESERVED | 28                                                              58 | RESERVED 
RESERVED | 29                                                              57 | RESERVED 
RESERVED | 30                                                              56 | RESERVED 
RESERVED | 31                                                              55 | RESERVED 
     GND | 32                                                              54 | RESERVED 
         |_  33 34 35 36 37 38 39 40 41 42 43 44 45 46 47 48 49 50 51 52 53  _| 
           ------------------------------------------------------------------ 
              a  b  c  d  e  V  f  g  R  G  V  R  R  R  G  R  b  b  b  b  V  
                             C        E  N  C  E  E  E  N  E  t  t  t  t  C  
                             C        S  D  C  S  S  S  D  S  n  n  n  n  C  
                             I        E     I  E  E  E     E  4  3  2  1  I  
                             O        R     N  R  R  R     R              O  
                                      V     T  V  V  V     V                 
                                      E        E  E  E     E                 
                                      D        D  D  D     D                 


N.C. = No Connect. This pin has no internal connection to the device.
VCCINT = Dedicated power pin, which MUST be connected to VCC (5.0 volts).
VCCIO = Dedicated power pin, which MUST be connected to VCC (5.0 volts).
GND = Dedicated ground pin or unused dedicated input, which MUST be connected to GND.
RESERVED = Unused I/O pin, which MUST be left unconnected.

^ = Dedicated configuration pin.
+ = Reserved configuration pin, which is tri-stated during user mode.
* = Reserved configuration pin, which drives out in user mode.
PDn = Power Down pin. 
@ = Special-purpose pin. 
# = JTAG Boundary-Scan Testing/In-System Programming or Configuration Pin. The JTAG inputs TMS and TDI should be tied to VCC and TCK should be tied to GND when not in use.
& = JTAG pin used for I/O. When used as user I/O, JTAG pins must be kept stable before and during configuration.  JTAG pin stability prevents accidental loading of JTAG instructions.


Device-Specific Information:c:\users\hp bang\onedrive\desktop\logic\logic\seq2b8lv_gdf\seq2b8lv\btn4lv.rpt
btn4lv

** RESOURCE USAGE **

                                                Shareable     External
Logic Array Block     Logic Cells   I/O Pins    Expanders   Interconnect

A:     LC1 - LC16     1/16(  6%)   1/ 8( 12%)   0/16(  0%)   1/36(  2%) 
B:    LC17 - LC32    15/16( 93%)   7/ 8( 87%)   9/16( 56%)  16/36( 44%) 
C:    LC33 - LC48     0/16(  0%)   1/ 8( 12%)   0/16(  0%)   0/36(  0%) 
D:    LC49 - LC64    16/16(100%)   7/ 8( 87%)  13/16( 81%)  23/36( 63%) 
E:    LC65 - LC80     0/16(  0%)   4/ 8( 50%)   0/16(  0%)   0/36(  0%) 
F:    LC81 - LC96     0/16(  0%)   1/ 8( 12%)   0/16(  0%)   0/36(  0%) 
G:   LC97 - LC112     0/16(  0%)   2/ 8( 25%)   0/16(  0%)   0/36(  0%) 
H:  LC113 - LC128    12/16( 75%)   0/ 8(  0%)  16/16(100%)  22/36( 61%) 


Total dedicated input pins used:                 1/4      ( 25%)
Total I/O pins used:                            23/64     ( 35%)
Total logic cells used:                         44/128    ( 34%)
Total shareable expanders used:                 33/128    ( 25%)
Total Turbo logic cells used:                   44/128    ( 34%)
Total shareable expanders not available (n/a):   5/128    (  3%)
Average fan-in:                                  3.97
Total fan-in:                                   175

Total input pins required:                       6
Total fast input logic cells required:           0
Total output pins required:                     14
Total bidirectional pins required:               0
Total reserved pins required                     4
Total logic cells required:                     44
Total flipflops required:                       19
Total product terms required:                  149
Total logic cells lending parallel expanders:    0
Total shareable expanders in database:          29

Synthesized logic cells:                        12/ 128   (  9%)



Device-Specific Information:c:\users\hp bang\onedrive\desktop\logic\logic\seq2b8lv_gdf\seq2b8lv\btn4lv.rpt
btn4lv

** INPUTS **

                                         Shareable
                                         Expanders     Fan-In    Fan-Out
 Pin     LC  LAB  Primitive    Code   Total Shared n/a INP  FBK  OUT  FBK  Name
  52   (80)  (E)      INPUT               0      0   0    0    0    1    4  btn1
  51   (77)  (E)      INPUT               0      0   0    0    0    1    4  btn2
  50   (75)  (E)      INPUT               0      0   0    0    0    1    4  btn3
  49   (73)  (E)      INPUT               0      0   0    0    0    1    4  btn4
  83      -   -       INPUT  G            0      0   0    0    0    0    0  GCLK
  63   (97)  (G)      INPUT               0      0   0    0    0    1    4  reset


Code:

s = Synthesized pin or logic cell
t = Turbo logic cell
+ = Synchronous flipflop
/ = Slow slew-rate output
! = NOT gate push-back
r = Fitter-inserted logic cell
G = Global Source. Fan-out destinations counted here do not include destinations
that are driven using global routing resources. Refer to the Auto Global Signals,
Clock Signals, Clear Signals, Synchronous Load Signals, and Synchronous Clear Signals
Sections of this Report File for information on which signals' fan-outs are used as
Clock, Clear, Preset, Output Enable, and synchronous Load signals.


Device-Specific Information:c:\users\hp bang\onedrive\desktop\logic\logic\seq2b8lv_gdf\seq2b8lv\btn4lv.rpt
btn4lv

** OUTPUTS **

                                         Shareable
                                         Expanders     Fan-In    Fan-Out
 Pin     LC  LAB  Primitive    Code   Total Shared n/a INP  FBK  OUT  FBK  Name
  33     64    D     OUTPUT      t        0      0   0    0    5    0    0  a
  34     61    D     OUTPUT      t        0      0   0    0    5    0    0  b
  35     59    D     OUTPUT      t        0      0   0    0    5    0    0  c
  11      5    A         FF      t        0      0   0    0    1    1   12  clkL (|clkdiv18:21|:65)
  36     57    D     OUTPUT      t        2      1   1    0    4    0    0  d
  37     56    D     OUTPUT      t        1      1   0    0    4    0    0  e
  39     53    D     OUTPUT      t        1      1   0    0    5    0    0  f
  40     51    D     OUTPUT      t        0      0   0    0    9    0    0  g
  21     19    B     OUTPUT      t        0      0   0    1    5    0    0  L1
  20     21    B     OUTPUT      t        0      0   0    1    4    0    0  L2
  18     24    B     OUTPUT      t        0      0   0    1    5    0    0  L3
  17     25    B     OUTPUT      t        0      0   0    1    4    0    0  L4
  15     29    B     OUTPUT      t        0      0   0    1    0    0    0  ReL
  16     27    B     OUTPUT      t        0      0   0    0    5    0    0  T


Code:

s = Synthesized pin or logic cell
t = Turbo logic cell
+ = Synchronous flipflop
/ = Slow slew-rate output
! = NOT gate push-back
r = Fitter-inserted logic cell


Device-Specific Information:c:\users\hp bang\onedrive\desktop\logic\logic\seq2b8lv_gdf\seq2b8lv\btn4lv.rpt
btn4lv

** BURIED LOGIC **

                                         Shareable
                                         Expanders     Fan-In    Fan-Out
 Pin     LC  LAB  Primitive    Code   Total Shared n/a INP  FBK  OUT  FBK  Name
   -     23    B       TFFE   +  t        0      0   0    0    0    0    1  |clkdiv18:21|:38
   -     62    D       TFFE      t        0      0   0    0    1    0    1  |clkdiv18:21|:40
   -     63    D       TFFE      t        0      0   0    0    1    0    1  |clkdiv18:21|:41
   -     54    D       TFFE      t        0      0   0    0    1    0    1  |clkdiv18:21|:50
   -     55    D       TFFE      t        0      0   0    0    1    0    1  |clkdiv18:21|:51
   -     50    D       TFFE      t        0      0   0    0    1    0    1  |clkdiv18:21|:52
   -     60    D       TFFE      t        0      0   0    0    1    0    1  |clkdiv18:21|:53
   -     52    D       TFFE      t        0      0   0    0    1    0    1  |clkdiv18:21|:54
 (79)   125    H       TFFE      t        0      0   0    0    1    0    1  |clkdiv18:21|:55
   -     58    D       TFFE      t        0      0   0    0    1    1    0  |clkdiv18:21|:56
 (75)   118    H       TFFE      t        0      0   0    0    1    0    1  |clkdiv18:21|:57
   -    121    H       TFFE      t        0      0   0    0    1    0    1  |clkdiv18:21|:58
 (77)   123    H       TFFE      t        0      0   0    0    1    0    1  |clkdiv18:21|:59
   -    116    H       TFFE      t        0      0   0    0    1    0    1  |clkdiv18:21|:60
   -    114    H       TFFE      t        0      0   0    0    1    0    1  |clkdiv18:21|:61
   -    113    H       TFFE      t        0      0   0    0    1    0    1  |clkdiv18:21|:62
 (80)   126    H       TFFE      t        0      0   0    0    1    0    1  |clkdiv18:21|:63
   -    122    H       TFFE      t        0      0   0    0    1    0    1  |clkdiv18:21|:64
 (76)   120    H      LCELL    s t        9      2   1    5    7    0    2  |t_ff:1|d_latch:1|~3~1
 (73)   115    H      LCELL    s t        0      0   0    0    3   10    5  |t_ff:1|d_latch:2|~3~1
 (74)   117    H      LCELL    s t        9      4   1    5    7    1    3  |t_ff:2|d_latch:1|~3~1
   -     20    B      LCELL    s t        0      0   0    0    3    1    3  |t_ff:2|d_latch:2|~2~1
   -     26    B       SOFT    s t        0      0   0    0    3   10    3  |t_ff:2|d_latch:2|~3~1
 (14)    32    B      LCELL    s t        9      1   1    5    7    0    4  |t_ff:3|d_latch:1|~3~1
   -     28    B      LCELL    s t        0      0   0    0    3    0    4  |t_ff:3|d_latch:2|~2~1
 (22)    17    B       SOFT    s t        0      0   0    0    3    6    3  |t_ff:3|d_latch:2|~3~1
 (41)    49    D      LCELL    s t       11      3   1    5    7    0    3  |t_ff:4|d_latch:1|~3~1
   -     30    B      LCELL    s t        0      0   0    0    4   12    5  |t_ff:4|d_latch:2|~2~1
   -     31    B      LCELL    s t        0      0   0    0    2   12    5  |t_ff:4|d_latch:2|~6~1
   -     22    B       SOFT    s t        0      0   0    0    3    7    0  |7447:45|~27~1


Code:

s = Synthesized pin or logic cell
t = Turbo logic cell
+ = Synchronous flipflop
/ = Slow slew-rate output
! = NOT gate push-back
r = Fitter-inserted logic cell


Device-Specific Information:c:\users\hp bang\onedrive\desktop\logic\logic\seq2b8lv_gdf\seq2b8lv\btn4lv.rpt
btn4lv

** LOGIC CELL INTERCONNECTIONS **

Logic Array Block 'A':

           Logic cells placed in LAB 'A'
        +- LC5 clkL
        | 
        |   Other LABs fed by signals
        |   that feed LAB 'A'
LC      | | A B C D E F G H |     Logic cells that feed LAB 'A':

Pin
83   -> - | - - - - - - - - | <-- GCLK
LC58 -> * | * - - - - - - - | <-- |clkdiv18:21|:56


* = The logic cell or pin is an input to the logic cell (or LAB) through the PIA.
- = The logic cell or pin is not an input to the logic cell (or LAB).


Device-Specific Information:c:\users\hp bang\onedrive\desktop\logic\logic\seq2b8lv_gdf\seq2b8lv\btn4lv.rpt
btn4lv

** LOGIC CELL INTERCONNECTIONS **

Logic Array Block 'B':

                                       Logic cells placed in LAB 'B'
        +----------------------------- LC23 |clkdiv18:21|:38
        | +--------------------------- LC19 L1
        | | +------------------------- LC21 L2
        | | | +----------------------- LC24 L3
        | | | | +--------------------- LC25 L4
        | | | | | +------------------- LC29 ReL
        | | | | | | +----------------- LC27 T
        | | | | | | | +--------------- LC20 |t_ff:2|d_latch:2|~2~1
        | | | | | | | | +------------- LC26 |t_ff:2|d_latch:2|~3~1
        | | | | | | | | | +----------- LC32 |t_ff:3|d_latch:1|~3~1
        | | | | | | | | | | +--------- LC28 |t_ff:3|d_latch:2|~2~1
        | | | | | | | | | | | +------- LC17 |t_ff:3|d_latch:2|~3~1
        | | | | | | | | | | | | +----- LC30 |t_ff:4|d_latch:2|~2~1
        | | | | | | | | | | | | | +--- LC31 |t_ff:4|d_latch:2|~6~1
        | | | | | | | | | | | | | | +- LC22 |7447:45|~27~1
        | | | | | | | | | | | | | | | 
        | | | | | | | | | | | | | | |   Other LABs fed by signals
        | | | | | | | | | | | | | | |   that feed LAB 'B'
LC      | | | | | | | | | | | | | | | | A B C D E F G H |     Logic cells that feed LAB 'B':
LC20 -> - - - - - - - * * * - - - - - | - * - * - - - - | <-- |t_ff:2|d_latch:2|~2~1
LC26 -> - * - * - - * - - - - - - - - | - * - * - - - * | <-- |t_ff:2|d_latch:2|~3~1
LC32 -> - - - - - - - - - * * * - - * | - * - - - - - - | <-- |t_ff:3|d_latch:1|~3~1
LC28 -> - - - - - - - - - * * * - - * | - * - - - - - - | <-- |t_ff:3|d_latch:2|~2~1
LC17 -> - * * * * - * - - - - - - - - | - * - * - - - * | <-- |t_ff:3|d_latch:2|~3~1
LC30 -> - * * * * - * - - * - - * - - | - * - * - - - * | <-- |t_ff:4|d_latch:2|~2~1
LC31 -> - * * * * - * - - * - - * - - | - * - * - - - * | <-- |t_ff:4|d_latch:2|~6~1

Pin
52   -> - * - - - - - - - * - - - - - | - * - * - - - * | <-- btn1
51   -> - - * - - - - - - * - - - - - | - * - * - - - * | <-- btn2
50   -> - - - * - - - - - * - - - - - | - * - * - - - * | <-- btn3
49   -> - - - - * - - - - * - - - - - | - * - * - - - * | <-- btn4
83   -> - - - - - - - - - - - - - - - | - - - - - - - - | <-- GCLK
63   -> - - - - - * - - - * - - - - - | - * - * - - - * | <-- reset
LC5  -> - - - - - - - * * * * * * * * | - * - * - - - * | <-- clkL
LC115-> - * * * * - * - - * - - - - - | - * - * - - - * | <-- |t_ff:1|d_latch:2|~3~1
LC117-> - - - - - - - * * - - - - - - | - * - * - - - * | <-- |t_ff:2|d_latch:1|~3~1
LC49 -> - - - - - - - - - - - - * * - | - * - * - - - - | <-- |t_ff:4|d_latch:1|~3~1


* = The logic cell or pin is an input to the logic cell (or LAB) through the PIA.
- = The logic cell or pin is not an input to the logic cell (or LAB).


Device-Specific Information:c:\users\hp bang\onedrive\desktop\logic\logic\seq2b8lv_gdf\seq2b8lv\btn4lv.rpt
btn4lv

** LOGIC CELL INTERCONNECTIONS **

Logic Array Block 'D':

                                         Logic cells placed in LAB 'D'
        +------------------------------- LC64 a
        | +----------------------------- LC61 b
        | | +--------------------------- LC59 c
        | | | +------------------------- LC62 |clkdiv18:21|:40
        | | | | +----------------------- LC63 |clkdiv18:21|:41
        | | | | | +--------------------- LC54 |clkdiv18:21|:50
        | | | | | | +------------------- LC55 |clkdiv18:21|:51
        | | | | | | | +----------------- LC50 |clkdiv18:21|:52
        | | | | | | | | +--------------- LC60 |clkdiv18:21|:53
        | | | | | | | | | +------------- LC52 |clkdiv18:21|:54
        | | | | | | | | | | +----------- LC58 |clkdiv18:21|:56
        | | | | | | | | | | | +--------- LC57 d
        | | | | | | | | | | | | +------- LC56 e
        | | | | | | | | | | | | | +----- LC53 f
        | | | | | | | | | | | | | | +--- LC51 g
        | | | | | | | | | | | | | | | +- LC49 |t_ff:4|d_latch:1|~3~1
        | | | | | | | | | | | | | | | | 
        | | | | | | | | | | | | | | | |   Other LABs fed by signals
        | | | | | | | | | | | | | | | |   that feed LAB 'D'
LC      | | | | | | | | | | | | | | | | | A B C D E F G H |     Logic cells that feed LAB 'D':
LC62 -> - - - * * - - - - - - - - - - - | - - - * - - - - | <-- |clkdiv18:21|:40
LC63 -> - - - - * - * - - - - - - - - - | - - - * - - - - | <-- |clkdiv18:21|:41
LC54 -> - - - - - * - - * - - - - - - - | - - - * - - - - | <-- |clkdiv18:21|:50
LC55 -> - - - - - * * - - - - - - - - - | - - - * - - - - | <-- |clkdiv18:21|:51
LC60 -> - - - - - - - * * - - - - - - - | - - - * - - - - | <-- |clkdiv18:21|:53
LC49 -> - - - - - - - - - - - - - - - * | - * - * - - - - | <-- |t_ff:4|d_latch:1|~3~1

Pin
52   -> - - - - - - - - - - - - - - - * | - * - * - - - * | <-- btn1
51   -> - - - - - - - - - - - - - - - * | - * - * - - - * | <-- btn2
50   -> - - - - - - - - - - - - - - - * | - * - * - - - * | <-- btn3
49   -> - - - - - - - - - - - - - - - * | - * - * - - - * | <-- btn4
83   -> - - - - - - - - - - - - - - - - | - - - - - - - - | <-- GCLK
63   -> - - - - - - - - - - - - - - - * | - * - * - - - * | <-- reset
LC23 -> - - - * - - - - - - - - - - - - | - - - * - - - - | <-- |clkdiv18:21|:38
LC125-> - - - - - - - - - * - - - - - - | - - - * - - - - | <-- |clkdiv18:21|:55
LC118-> - - - - - - - - - - * - - - - - | - - - * - - - - | <-- |clkdiv18:21|:57
LC5  -> - - - - - - - - - - - - - - * * | - * - * - - - * | <-- clkL
LC115-> * * * - - - - - - - - - - * * * | - * - * - - - * | <-- |t_ff:1|d_latch:2|~3~1
LC117-> - - - - - - - - - - - - - - * - | - * - * - - - * | <-- |t_ff:2|d_latch:1|~3~1
LC20 -> - - - - - - - - - - - - - - * - | - * - * - - - - | <-- |t_ff:2|d_latch:2|~2~1
LC26 -> * * * - - - - - - - - * * * * * | - * - * - - - * | <-- |t_ff:2|d_latch:2|~3~1
LC17 -> - - - - - - - - - - - - - - * * | - * - * - - - * | <-- |t_ff:3|d_latch:2|~3~1
LC30 -> * * * - - - - - - - - * * * * * | - * - * - - - * | <-- |t_ff:4|d_latch:2|~2~1
LC31 -> * * * - - - - - - - - * * * * * | - * - * - - - * | <-- |t_ff:4|d_latch:2|~6~1
LC22 -> * * * - - - - - - - - * * * * - | - - - * - - - - | <-- |7447:45|~27~1


* = The logic cell or pin is an input to the logic cell (or LAB) through the PIA.
- = The logic cell or pin is not an input to the logic cell (or LAB).


Device-Specific Information:c:\users\hp bang\onedrive\desktop\logic\logic\seq2b8lv_gdf\seq2b8lv\btn4lv.rpt
btn4lv

** LOGIC CELL INTERCONNECTIONS **

Logic Array Block 'H':

                                 Logic cells placed in LAB 'H'
        +----------------------- LC125 |clkdiv18:21|:55
        | +--------------------- LC118 |clkdiv18:21|:57
        | | +------------------- LC121 |clkdiv18:21|:58
        | | | +----------------- LC123 |clkdiv18:21|:59
        | | | | +--------------- LC116 |clkdiv18:21|:60
        | | | | | +------------- LC114 |clkdiv18:21|:61
        | | | | | | +----------- LC113 |clkdiv18:21|:62
        | | | | | | | +--------- LC126 |clkdiv18:21|:63
        | | | | | | | | +------- LC122 |clkdiv18:21|:64
        | | | | | | | | | +----- LC120 |t_ff:1|d_latch:1|~3~1
        | | | | | | | | | | +--- LC115 |t_ff:1|d_latch:2|~3~1
        | | | | | | | | | | | +- LC117 |t_ff:2|d_latch:1|~3~1
        | | | | | | | | | | | | 
        | | | | | | | | | | | |   Other LABs fed by signals
        | | | | | | | | | | | |   that feed LAB 'H'
LC      | | | | | | | | | | | | | A B C D E F G H |     Logic cells that feed LAB 'H':
LC121-> - * * - - - - - - - - - | - - - - - - - * | <-- |clkdiv18:21|:58
LC123-> - - * * - - - - - - - - | - - - - - - - * | <-- |clkdiv18:21|:59
LC116-> - - - * * - - - - - - - | - - - - - - - * | <-- |clkdiv18:21|:60
LC114-> - - - - * * - - - - - - | - - - - - - - * | <-- |clkdiv18:21|:61
LC113-> - - - - - * * - - - - - | - - - - - - - * | <-- |clkdiv18:21|:62
LC126-> - - - - - - * * - - - - | - - - - - - - * | <-- |clkdiv18:21|:63
LC122-> - - - - - - - * * - - - | - - - - - - - * | <-- |clkdiv18:21|:64
LC120-> - - - - - - - - - * * - | - - - - - - - * | <-- |t_ff:1|d_latch:1|~3~1
LC115-> - - - - - - - - - * * * | - * - * - - - * | <-- |t_ff:1|d_latch:2|~3~1
LC117-> - - - - - - - - - - - * | - * - * - - - * | <-- |t_ff:2|d_latch:1|~3~1

Pin
52   -> - - - - - - - - - * - * | - * - * - - - * | <-- btn1
51   -> - - - - - - - - - * - * | - * - * - - - * | <-- btn2
50   -> - - - - - - - - - * - * | - * - * - - - * | <-- btn3
49   -> - - - - - - - - - * - * | - * - * - - - * | <-- btn4
83   -> - - - - - - - - - - - - | - - - - - - - - | <-- GCLK
63   -> - - - - - - - - - * - * | - * - * - - - * | <-- reset
LC50 -> * - - - - - - - - - - - | - - - - - - - * | <-- |clkdiv18:21|:52
LC52 -> - - - - - - - - * - - - | - - - - - - - * | <-- |clkdiv18:21|:54
LC5  -> - - - - - - - - - * * * | - * - * - - - * | <-- clkL
LC26 -> - - - - - - - - - * - * | - * - * - - - * | <-- |t_ff:2|d_latch:2|~3~1
LC17 -> - - - - - - - - - * - * | - * - * - - - * | <-- |t_ff:3|d_latch:2|~3~1
LC30 -> - - - - - - - - - * - * | - * - * - - - * | <-- |t_ff:4|d_latch:2|~2~1
LC31 -> - - - - - - - - - * - * | - * - * - - - * | <-- |t_ff:4|d_latch:2|~6~1


* = The logic cell or pin is an input to the logic cell (or LAB) through the PIA.
- = The logic cell or pin is not an input to the logic cell (or LAB).


Device-Specific Information:c:\users\hp bang\onedrive\desktop\logic\logic\seq2b8lv_gdf\seq2b8lv\btn4lv.rpt
btn4lv

** EQUATIONS **

btn1     : INPUT;
btn2     : INPUT;
btn3     : INPUT;
btn4     : INPUT;
GCLK     : INPUT;
reset    : INPUT;

-- Node name is 'a' 
-- Equation name is 'a', location is LC064, type is output.
 a       = LCELL( _EQ001 $  GND);
  _EQ001 =  _LC022 & !_LC026 & !_LC030 & !_LC031 & !_LC115
         #  _LC026 &  _LC031
         #  _LC026 &  _LC030
         # !_LC022 &  _LC115;

-- Node name is 'b' 
-- Equation name is 'b', location is LC061, type is output.
 b       = LCELL( _EQ002 $  GND);
  _EQ002 =  _LC022 &  _LC026 & !_LC030 & !_LC031
         # !_LC022 &  _LC026 &  _LC031
         # !_LC022 &  _LC026 &  _LC030
         # !_LC022 &  _LC115;

-- Node name is 'c' 
-- Equation name is 'c', location is LC059, type is output.
 c       = LCELL( _EQ003 $  VCC);
  _EQ003 = !_LC026 & !_LC030 & !_LC031
         #  _LC026 & !_LC115
         #  _LC022 & !_LC026;

-- Node name is 'clkL' = '|clkdiv18:21|clk_div' 
-- Equation name is 'clkL', type is output 
 clkL    = TFFE( VCC,  _LC058,  VCC,  VCC,  VCC);

-- Node name is 'd' 
-- Equation name is 'd', location is LC057, type is output.
 d       = LCELL( _EQ004 $  VCC);
  _EQ004 =  _LC022 &  _LC026 & !_LC030 & !_LC031
         # !_LC030 & !_LC031 &  _X001
         # !_LC026 &  _X001
         # !_LC022 & !_LC026
         # !_LC022 &  _X001;
  _X001  = EXP(!_LC030 & !_LC031);

-- Node name is 'e' 
-- Equation name is 'e', location is LC056, type is output.
 e       = LCELL( _EQ005 $  _EQ006);
  _EQ005 =  _LC022 &  _LC026 &  _X001;
  _X001  = EXP(!_LC030 & !_LC031);
  _EQ006 = !_LC030 & !_LC031;

-- Node name is 'f' 
-- Equation name is 'f', location is LC053, type is output.
 f       = LCELL( _EQ007 $  _EQ008);
  _EQ007 =  _LC022 &  _LC026 & !_LC030 & !_LC031
         #  _LC022 & !_LC030 & !_LC031 &  _LC115
         # !_LC022 & !_LC026 &  _X001;
  _X001  = EXP(!_LC030 & !_LC031);
  _EQ008 = !_LC030 & !_LC031;

-- Node name is 'g' 
-- Equation name is 'g', location is LC051, type is output.
 g       = LCELL( _EQ009 $  GND);
  _EQ009 =  clkL &  _LC022 & !_LC115 & !_LC117
         #  _LC017 &  _LC026 & !_LC030 & !_LC031
         #  _LC020 &  _LC022 & !_LC115;

-- Node name is 'L1' 
-- Equation name is 'L1', location is LC019, type is output.
 L1      = LCELL( _EQ010 $ !btn1);
  _EQ010 =  btn1 &  _LC017 &  _LC026 & !_LC030 & !_LC031 &  _LC115
         #  btn1 &  _LC017 & !_LC026 &  _LC031 &  _LC115
         #  btn1 &  _LC017 & !_LC026 &  _LC030 &  _LC115;

-- Node name is 'L2' 
-- Equation name is 'L2', location is LC021, type is output.
 L2      = LCELL( _EQ011 $ !btn2);
  _EQ011 =  btn2 &  _LC017 & !_LC030 & !_LC031 &  _LC115;

-- Node name is 'L3' 
-- Equation name is 'L3', location is LC024, type is output.
 L3      = LCELL( _EQ012 $ !btn3);
  _EQ012 =  btn3 &  _LC017 &  _LC026 & !_LC030 & !_LC031 &  _LC115
         #  btn3 &  _LC017 & !_LC026 &  _LC031 &  _LC115
         #  btn3 &  _LC017 & !_LC026 &  _LC030 &  _LC115;

-- Node name is 'L4' 
-- Equation name is 'L4', location is LC025, type is output.
 L4      = LCELL( _EQ013 $ !btn4);
  _EQ013 =  btn4 &  _LC017 & !_LC030 & !_LC031 &  _LC115;

-- Node name is 'ReL' 
-- Equation name is 'ReL', location is LC029, type is output.
 ReL     = LCELL( reset $  GND);

-- Node name is 'T' 
-- Equation name is 'T', location is LC027, type is output.
 T       = LCELL( _EQ014 $  GND);
  _EQ014 =  _LC017 &  _LC026 &  _LC031 & !_LC115
         #  _LC017 &  _LC026 &  _LC030 & !_LC115
         # !_LC026 & !_LC030 & !_LC031 & !_LC115;

-- Node name is '|clkdiv18:21|:38' 
-- Equation name is '_LC023', type is buried 
_LC023   = TFFE( VCC, GLOBAL( GCLK),  VCC,  VCC,  VCC);

-- Node name is '|clkdiv18:21|:40' 
-- Equation name is '_LC062', type is buried 
_LC062   = TFFE( VCC,  _LC023,  VCC,  VCC,  VCC);

-- Node name is '|clkdiv18:21|:41' 
-- Equation name is '_LC063', type is buried 
_LC063   = TFFE( VCC,  _LC062,  VCC,  VCC,  VCC);

-- Node name is '|clkdiv18:21|:50' 
-- Equation name is '_LC054', type is buried 
_LC054   = TFFE( VCC,  _LC055,  VCC,  VCC,  VCC);

-- Node name is '|clkdiv18:21|:51' 
-- Equation name is '_LC055', type is buried 
_LC055   = TFFE( VCC,  _LC063,  VCC,  VCC,  VCC);

-- Node name is '|clkdiv18:21|:52' 
-- Equation name is '_LC050', type is buried 
_LC050   = TFFE( VCC,  _LC060,  VCC,  VCC,  VCC);

-- Node name is '|clkdiv18:21|:53' 
-- Equation name is '_LC060', type is buried 
_LC060   = TFFE( VCC,  _LC054,  VCC,  VCC,  VCC);

-- Node name is '|clkdiv18:21|:54' 
-- Equation name is '_LC052', type is buried 
_LC052   = TFFE( VCC,  _LC125,  VCC,  VCC,  VCC);

-- Node name is '|clkdiv18:21|:55' 
-- Equation name is '_LC125', type is buried 
_LC125   = TFFE( VCC,  _LC050,  VCC,  VCC,  VCC);

-- Node name is '|clkdiv18:21|:56' 
-- Equation name is '_LC058', type is buried 
_LC058   = TFFE( VCC,  _LC118,  VCC,  VCC,  VCC);

-- Node name is '|clkdiv18:21|:57' 
-- Equation name is '_LC118', type is buried 
_LC118   = TFFE( VCC,  _LC121,  VCC,  VCC,  VCC);

-- Node name is '|clkdiv18:21|:58' 
-- Equation name is '_LC121', type is buried 
_LC121   = TFFE( VCC,  _LC123,  VCC,  VCC,  VCC);

-- Node name is '|clkdiv18:21|:59' 
-- Equation name is '_LC123', type is buried 
_LC123   = TFFE( VCC,  _LC116,  VCC,  VCC,  VCC);

-- Node name is '|clkdiv18:21|:60' 
-- Equation name is '_LC116', type is buried 
_LC116   = TFFE( VCC,  _LC114,  VCC,  VCC,  VCC);

-- Node name is '|clkdiv18:21|:61' 
-- Equation name is '_LC114', type is buried 
_LC114   = TFFE( VCC,  _LC113,  VCC,  VCC,  VCC);

-- Node name is '|clkdiv18:21|:62' 
-- Equation name is '_LC113', type is buried 
_LC113   = TFFE( VCC,  _LC126,  VCC,  VCC,  VCC);

-- Node name is '|clkdiv18:21|:63' 
-- Equation name is '_LC126', type is buried 
_LC126   = TFFE( VCC,  _LC122,  VCC,  VCC,  VCC);

-- Node name is '|clkdiv18:21|:64' 
-- Equation name is '_LC122', type is buried 
_LC122   = TFFE( VCC,  _LC052,  VCC,  VCC,  VCC);

-- Node name is '|t_ff:1|d_latch:1|~3~1' 
-- Equation name is '_LC120', type is buried 
-- synthesized logic cell 
_LC120   = LCELL( _EQ015 $  _EQ016);
  _EQ015 = !btn2 &  btn3 &  btn4 & !clkL & !_LC017 &  _LC026 & !_LC030 & 
             !_LC031 & !_LC115 &  _X002 &  _X003 &  _X004 &  _X005 &  _X006 & 
              _X007 &  _X008 &  _X009
         #  btn2 &  btn3 &  btn4 & !clkL &  _LC017 &  _LC026 &  _LC030 & 
             !_LC115 &  _X002 &  _X003 &  _X004 &  _X005 &  _X006 &  _X007 & 
              _X008 &  _X009
         #  btn2 &  btn3 &  btn4 & !clkL &  _LC017 &  _LC026 &  _LC031 & 
             !_LC115 &  _X002 &  _X003 &  _X004 &  _X005 &  _X006 &  _X007 & 
              _X008 &  _X009
         #  btn2 & !btn3 &  btn4 & !clkL &  _LC017 & !_LC026 &  _LC030 & 
             !_LC115 &  _X002 &  _X003 &  _X004 &  _X005 &  _X006 &  _X007 & 
              _X008 &  _X009;
  _X002  = EXP(!clkL &  reset);
  _X003  = EXP( btn2 &  btn3 &  btn4 & !clkL & !_LC017 & !_LC026 & !_LC115);
  _X004  = EXP( btn2 & !btn3 &  btn4 & !clkL &  _LC017 & !_LC026 &  _LC031 & 
             !_LC115);
  _X005  = EXP( btn2 & !btn3 &  btn4 & !clkL & !_LC017 &  _LC026 &  _LC030 & 
             !_LC115);
  _X006  = EXP( btn2 & !btn3 &  btn4 & !clkL & !_LC017 &  _LC026 &  _LC031 & 
             !_LC115);
  _X007  = EXP( btn2 &  btn3 &  btn4 & !clkL & !_LC026 & !_LC030 & !_LC031 & 
             !_LC115);
  _X008  = EXP( btn1 &  btn2 &  btn3 &  btn4 & !clkL & !_LC115);
  _X009  = EXP( clkL & !_LC120);
  _EQ016 =  _X002 &  _X003 &  _X004 &  _X005 &  _X006 &  _X007 &  _X008 & 
              _X009;
  _X002  = EXP(!clkL &  reset);
  _X003  = EXP( btn2 &  btn3 &  btn4 & !clkL & !_LC017 & !_LC026 & !_LC115);
  _X004  = EXP( btn2 & !btn3 &  btn4 & !clkL &  _LC017 & !_LC026 &  _LC031 & 
             !_LC115);
  _X005  = EXP( btn2 & !btn3 &  btn4 & !clkL & !_LC017 &  _LC026 &  _LC030 & 
             !_LC115);
  _X006  = EXP( btn2 & !btn3 &  btn4 & !clkL & !_LC017 &  _LC026 &  _LC031 & 
             !_LC115);
  _X007  = EXP( btn2 &  btn3 &  btn4 & !clkL & !_LC026 & !_LC030 & !_LC031 & 
             !_LC115);
  _X008  = EXP( btn1 &  btn2 &  btn3 &  btn4 & !clkL & !_LC115);
  _X009  = EXP( clkL & !_LC120);

-- Node name is '|t_ff:1|d_latch:2|~3~1' 
-- Equation name is '_LC115', type is buried 
-- synthesized logic cell 
_LC115   = LCELL( _EQ017 $  GND);
  _EQ017 =  clkL &  _LC120
         # !clkL &  _LC115
         #  _LC115 &  _LC120;

-- Node name is '|t_ff:2|d_latch:1|~3~1' 
-- Equation name is '_LC117', type is buried 
-- synthesized logic cell 
_LC117   = LCELL( _EQ018 $  _EQ019);
  _EQ018 =  btn2 & !btn3 &  btn4 & !clkL &  _LC017 &  _LC026 & !_LC030 & 
             !_LC031 & !_LC115 &  _X002 &  _X003 &  _X010 &  _X011 &  _X012 & 
              _X013 &  _X014 &  _X015
         # !btn2 &  btn3 &  btn4 & !clkL & !_LC026 &  _LC030 &  _LC115 & 
              _X002 &  _X003 &  _X010 &  _X011 &  _X012 &  _X013 &  _X014 & 
              _X015
         # !btn2 &  btn3 &  btn4 & !clkL & !_LC026 &  _LC031 &  _LC115 & 
              _X002 &  _X003 &  _X010 &  _X011 &  _X012 &  _X013 &  _X014 & 
              _X015
         #  btn2 & !btn3 &  btn4 & !clkL &  _LC017 & !_LC026 &  _LC030 & 
              _X002 &  _X003 &  _X010 &  _X011 &  _X012 &  _X013 &  _X014 & 
              _X015;
  _X002  = EXP(!clkL &  reset);
  _X003  = EXP( btn2 &  btn3 &  btn4 & !clkL & !_LC017 & !_LC026 & !_LC115);
  _X010  = EXP( clkL & !_LC117);
  _X011  = EXP( btn2 & !btn3 &  btn4 & !clkL &  _LC017 & !_LC026 &  _LC031);
  _X012  = EXP(!btn2 & !btn3 & !clkL & !_LC026 & !_LC030 & !_LC031 &  _LC115);
  _X013  = EXP( btn1 &  btn2 &  btn3 &  btn4 & !clkL & !_LC026);
  _X014  = EXP(!btn4 & !clkL & !_LC026 & !_LC030 & !_LC031 &  _LC115);
  _X015  = EXP(!clkL &  _LC017 & !_LC026 &  _LC115);
  _EQ019 =  _X002 &  _X003 &  _X010 &  _X011 &  _X012 &  _X013 &  _X014 & 
              _X015;
  _X002  = EXP(!clkL &  reset);
  _X003  = EXP( btn2 &  btn3 &  btn4 & !clkL & !_LC017 & !_LC026 & !_LC115);
  _X010  = EXP( clkL & !_LC117);
  _X011  = EXP( btn2 & !btn3 &  btn4 & !clkL &  _LC017 & !_LC026 &  _LC031);
  _X012  = EXP(!btn2 & !btn3 & !clkL & !_LC026 & !_LC030 & !_LC031 &  _LC115);
  _X013  = EXP( btn1 &  btn2 &  btn3 &  btn4 & !clkL & !_LC026);
  _X014  = EXP(!btn4 & !clkL & !_LC026 & !_LC030 & !_LC031 &  _LC115);
  _X015  = EXP(!clkL &  _LC017 & !_LC026 &  _LC115);

-- Node name is '|t_ff:2|d_latch:2|~2~1' 
-- Equation name is '_LC020', type is buried 
-- synthesized logic cell 
_LC020   = LCELL( _EQ020 $  GND);
  _EQ020 =  clkL & !_LC117
         # !clkL &  _LC020
         #  _LC020 & !_LC117;

-- Node name is '|t_ff:2|d_latch:2|~3~1' 
-- Equation name is '_LC026', type is buried 
-- synthesized logic cell 
_LC026   = LCELL( _EQ021 $ !_LC020);
  _EQ021 =  clkL & !_LC020 & !_LC117;

-- Node name is '|t_ff:3|d_latch:1|~3~1' 
-- Equation name is '_LC032', type is buried 
-- synthesized logic cell 
_LC032   = LCELL( _EQ022 $  _EQ023);
  _EQ022 = !btn1 &  btn2 &  btn3 &  btn4 & !clkL &  _LC020 & !_LC028 & 
             !_LC030 & !_LC031 & !_LC115 &  _X002 &  _X016 &  _X017 &  _X018 & 
              _X019 &  _X020 &  _X021 &  _X022
         #  btn2 & !btn3 &  btn4 & !clkL & !_LC020 & !_LC028 & !_LC030 & 
             !_LC031 & !_LC115 &  _X002 &  _X016 &  _X017 &  _X018 &  _X019 & 
              _X020 &  _X021 &  _X022
         #  btn2 &  btn3 &  btn4 & !clkL &  _LC020 &  _LC028 &  _LC030 & 
             !_LC115 &  _X002 &  _X016 &  _X017 &  _X018 &  _X019 &  _X020 & 
              _X021 &  _X022
         #  btn2 &  btn3 &  btn4 & !clkL &  _LC020 &  _LC028 &  _LC031 & 
             !_LC115 &  _X002 &  _X016 &  _X017 &  _X018 &  _X019 &  _X020 & 
              _X021 &  _X022;
  _X002  = EXP(!clkL &  reset);
  _X016  = EXP(!btn2 &  btn3 &  btn4 & !clkL &  _LC028 &  _LC030 &  _LC115);
  _X017  = EXP(!btn2 &  btn3 &  btn4 & !clkL &  _LC028 &  _LC031 &  _LC115);
  _X018  = EXP( btn2 & !btn3 &  btn4 & !clkL & !_LC020 &  _LC028 &  _LC030);
  _X019  = EXP( btn2 & !btn3 &  btn4 & !clkL & !_LC020 &  _LC028 &  _LC031);
  _X020  = EXP( btn1 &  btn2 &  btn3 &  btn4 & !clkL &  _LC028);
  _X021  = EXP(!clkL & !_LC020 &  _LC028 &  _LC115);
  _X022  = EXP( clkL & !_LC032);
  _EQ023 =  _X002 &  _X016 &  _X017 &  _X018 &  _X019 &  _X020 &  _X021 & 
              _X022;
  _X002  = EXP(!clkL &  reset);
  _X016  = EXP(!btn2 &  btn3 &  btn4 & !clkL &  _LC028 &  _LC030 &  _LC115);
  _X017  = EXP(!btn2 &  btn3 &  btn4 & !clkL &  _LC028 &  _LC031 &  _LC115);
  _X018  = EXP( btn2 & !btn3 &  btn4 & !clkL & !_LC020 &  _LC028 &  _LC030);
  _X019  = EXP( btn2 & !btn3 &  btn4 & !clkL & !_LC020 &  _LC028 &  _LC031);
  _X020  = EXP( btn1 &  btn2 &  btn3 &  btn4 & !clkL &  _LC028);
  _X021  = EXP(!clkL & !_LC020 &  _LC028 &  _LC115);
  _X022  = EXP( clkL & !_LC032);

-- Node name is '|t_ff:3|d_latch:2|~2~1' 
-- Equation name is '_LC028', type is buried 
-- synthesized logic cell 
_LC028   = LCELL( _EQ024 $  GND);
  _EQ024 =  clkL & !_LC032
         # !clkL &  _LC028
         #  _LC028 & !_LC032;

-- Node name is '|t_ff:3|d_latch:2|~3~1' 
-- Equation name is '_LC017', type is buried 
-- synthesized logic cell 
_LC017   = LCELL( _EQ025 $ !_LC028);
  _EQ025 =  clkL & !_LC028 & !_LC032;

-- Node name is '|t_ff:4|d_latch:1|~3~1' 
-- Equation name is '_LC049', type is buried 
-- synthesized logic cell 
_LC049   = LCELL( _EQ026 $  _EQ027);
  _EQ026 =  btn2 & !btn3 &  btn4 & !clkL &  _LC017 &  _LC026 & !_LC030 & 
             !_LC031 & !_LC115 &  _X002 &  _X012 &  _X014 &  _X023 &  _X024 & 
              _X025 &  _X026 &  _X027 &  _X028 &  _X029
         # !btn1 &  btn2 &  btn3 &  btn4 & !clkL & !_LC026 & !_LC030 & 
             !_LC031 & !_LC115 &  _X002 &  _X012 &  _X014 &  _X023 &  _X024 & 
              _X025 &  _X026 &  _X027 &  _X028 &  _X029
         # !btn2 &  btn3 &  btn4 & !clkL & !_LC017 &  _LC026 & !_LC030 & 
             !_LC031 & !_LC115 &  _X002 &  _X012 &  _X014 &  _X023 &  _X024 & 
              _X025 &  _X026 &  _X027 &  _X028 &  _X029
         #  btn1 &  btn2 &  btn3 &  btn4 & !clkL & !_LC017 &  _LC030 &  _X002 & 
              _X012 &  _X014 &  _X023 &  _X024 &  _X025 &  _X026 &  _X027 & 
              _X028 &  _X029;
  _X002  = EXP(!clkL &  reset);
  _X012  = EXP(!btn2 & !btn3 & !clkL & !_LC026 & !_LC030 & !_LC031 &  _LC115);
  _X014  = EXP(!btn4 & !clkL & !_LC026 & !_LC030 & !_LC031 &  _LC115);
  _X023  = EXP(!clkL &  _LC026 &  _LC031 &  _LC115);
  _X024  = EXP( clkL & !_LC049);
  _X025  = EXP( btn1 &  btn2 &  btn3 &  btn4 & !clkL & !_LC017 &  _LC031);
  _X026  = EXP( btn1 &  btn2 &  btn3 &  btn4 & !clkL &  _LC030 & !_LC115);
  _X027  = EXP( btn1 &  btn2 &  btn3 &  btn4 & !clkL &  _LC031 & !_LC115);
  _X028  = EXP(!clkL &  _LC017 & !_LC026 & !_LC030 & !_LC031 &  _LC115);
  _X029  = EXP(!clkL &  _LC026 &  _LC030 &  _LC115);
  _EQ027 =  _X002 &  _X012 &  _X014 &  _X023 &  _X024 &  _X025 &  _X026 & 
              _X027 &  _X028 &  _X029;
  _X002  = EXP(!clkL &  reset);
  _X012  = EXP(!btn2 & !btn3 & !clkL & !_LC026 & !_LC030 & !_LC031 &  _LC115);
  _X014  = EXP(!btn4 & !clkL & !_LC026 & !_LC030 & !_LC031 &  _LC115);
  _X023  = EXP(!clkL &  _LC026 &  _LC031 &  _LC115);
  _X024  = EXP( clkL & !_LC049);
  _X025  = EXP( btn1 &  btn2 &  btn3 &  btn4 & !clkL & !_LC017 &  _LC031);
  _X026  = EXP( btn1 &  btn2 &  btn3 &  btn4 & !clkL &  _LC030 & !_LC115);
  _X027  = EXP( btn1 &  btn2 &  btn3 &  btn4 & !clkL &  _LC031 & !_LC115);
  _X028  = EXP(!clkL &  _LC017 & !_LC026 & !_LC030 & !_LC031 &  _LC115);
  _X029  = EXP(!clkL &  _LC026 &  _LC030 &  _LC115);

-- Node name is '|t_ff:4|d_latch:2|~2~1' 
-- Equation name is '_LC030', type is buried 
-- synthesized logic cell 
_LC030   = LCELL( _EQ028 $  VCC);
  _EQ028 =  clkL &  _LC049
         # !_LC030 & !_LC031;

-- Node name is '|t_ff:4|d_latch:2|~6~1' 
-- Equation name is '_LC031', type is buried 
-- synthesized logic cell 
_LC031   = LCELL( _EQ029 $  GND);
  _EQ029 =  clkL & !_LC049;

-- Node name is '|7447:45|~27~1' 
-- Equation name is '_LC022', type is buried 
-- synthesized logic cell 
_LC022   = LCELL( _EQ030 $  _LC028);
  _EQ030 =  clkL & !_LC028 & !_LC032;



--     Shareable expanders that are duplicated in multiple LABs:
--    _X002 occurs in LABs B, D, H
--    _X012 occurs in LABs D, H
--    _X014 occurs in LABs D, H




Project Informationc:\users\hp bang\onedrive\desktop\logic\logic\seq2b8lv_gdf\seq2b8lv\btn4lv.rpt

** COMPILATION SETTINGS & TIMES **

Processing Menu Commands
------------------------

Design Doctor                             = off

Logic Synthesis:

   Synthesis Type Used                    = Standard

   Default Synthesis Style                = NORMAL

      Logic option settings in 'NORMAL' style for 'MAX7000S' family

      DECOMPOSE_GATES                     = on
      DUPLICATE_LOGIC_EXTRACTION          = on
      MINIMIZATION                        = full
      MULTI_LEVEL_FACTORING               = on
      NOT_GATE_PUSH_BACK                  = on
      PARALLEL_EXPANDERS                  = off
      REDUCE_LOGIC                        = on
      REFACTORIZATION                     = on
      REGISTER_OPTIMIZATION               = on
      RESYNTHESIZE_NETWORK                = on
      SLOW_SLEW_RATE                      = off
      SOFT_BUFFER_INSERTION               = on
      SUBFACTOR_EXTRACTION                = on
      TURBO_BIT                           = on
      XOR_SYNTHESIS                       = on
      IGNORE_SOFT_BUFFERS                 = off
      USE_LPM_FOR_AHDL_OPERATORS          = off

   Other logic synthesis settings:

      Automatic Global Clock              = on
      Automatic Global Clear              = on
      Automatic Global Preset             = on
      Automatic Global Output Enable      = on
      Automatic Fast I/O                  = off
      Automatic Register Packing          = off
      Automatic Open-Drain Pins           = on
      Automatic Implement in EAB          = off
      One-Hot State Machine Encoding      = off
      Optimize                            = 5

Default Timing Specifications: None

Cut All Bidir Feedback Timing Paths       = on
Cut All Clear & Preset Timing Paths       = on

Ignore Timing Assignments                 = off

Functional SNF Extractor                  = off

Linked SNF Extractor                      = off
Timing SNF Extractor                      = on
Optimize Timing SNF                       = off
Generate AHDL TDO File                    = off
Fitter Settings                           = NORMAL
Smart Recompile                           = off
Total Recompile                           = off

Interfaces Menu Commands
------------------------

EDIF Netlist Writer                       = off
Verilog Netlist Writer                    = off
VHDL Netlist Writer                       = off

Compilation Times
-----------------

   Compiler Netlist Extractor             00:00:00
   Database Builder                       00:00:00
   Logic Synthesizer                      00:00:00
   Partitioner                            00:00:01
   Fitter                                 00:00:00
   Timing SNF Extractor                   00:00:00
   Assembler                              00:00:00
   --------------------------             --------
   Total Time                             00:00:01


Memory Allocated
-----------------

Peak memory allocated during compilation  = 3,823K
