Project Informationc:\users\hp bang\onedrive\desktop\logic\logic\seq2b8lv_gdf\seq2b8lv\seq2bit4lv.rpt

MAX+plus II Compiler Report File
Version 10.2 07/10/2002
Compiled: 10/20/2022 17:26:33

Copyright (C) 1988-2002 Altera Corporation
Any megafunction design, and related net list (encrypted or decrypted),
support information, device programming or simulation file, and any other
associated documentation or information provided by Altera or a partner
under Altera's Megafunction Partnership Program may be used only to
program PLD devices (but not masked PLD devices) from Altera.  Any other
use of such megafunction design, net list, support information, device
programming or simulation file, or any other related documentation or
information is prohibited for any other purpose, including, but not
limited to modification, reverse engineering, de-compiling, or use with
any other silicon devices, unless such use is explicitly licensed under
a separate agreement with Altera or a megafunction partner.  Title to
the intellectual property, including patents, copyrights, trademarks,
trade secrets, or maskworks, embodied in any such megafunction design,
net list, support information, device programming or simulation file, or
any other related documentation or information provided by Altera or a
megafunction partner, remains with Altera, the megafunction partner, or
their respective licensors.  No other licenses, including any licenses
needed under any third party's intellectual property, are provided herein.



***** Project compilation was successful




** DEVICE SUMMARY **

Chip/                     Input   Output   Bidir         Shareable
POF       Device          Pins    Pins     Pins     LCs  Expanders  % Utilized

seq2bit4lv
      EPM7128SLC84-6       7        14       0      69      56          53 %

User Pins:                 7        14       0  



Project Informationc:\users\hp bang\onedrive\desktop\logic\logic\seq2b8lv_gdf\seq2b8lv\seq2bit4lv.rpt

** AUTO GLOBAL SIGNALS **



INFO: Signal 'GCLK' chosen for auto global Clock


Project Informationc:\users\hp bang\onedrive\desktop\logic\logic\seq2b8lv_gdf\seq2b8lv\seq2bit4lv.rpt

** PIN/LOCATION/CHIP ASSIGNMENTS **

                  Actual                  
    User       Assignments                
Assignments   (if different)     Node Name

seq2bit4lv@33                     a
seq2bit4lv@34                     b
seq2bit4lv@52                     btn1
seq2bit4lv@51                     btn2
seq2bit4lv@50                     btn3
seq2bit4lv@49                     btn4
seq2bit4lv@35                     c
seq2bit4lv@11                     clkL
seq2bit4lv@36                     d
seq2bit4lv@37                     e
seq2bit4lv@39                     f
seq2bit4lv@40                     g
seq2bit4lv@83                     GCLK
seq2bit4lv@21                     L1
seq2bit4lv@20                     L2
seq2bit4lv@18                     L3
seq2bit4lv@17                     L4
seq2bit4lv@15                     ReL
seq2bit4lv@55                     reset
seq2bit4lv@54                     start
seq2bit4lv@16                     T


Project Informationc:\users\hp bang\onedrive\desktop\logic\logic\seq2b8lv_gdf\seq2b8lv\seq2bit4lv.rpt

** FILE HIERARCHY **



|light4lvedit:30|
|light4lvedit:30|t_ff:1|
|light4lvedit:30|t_ff:1|d_latch:1|
|light4lvedit:30|t_ff:1|d_latch:2|
|light4lvedit:30|t_ff:4|
|light4lvedit:30|t_ff:4|d_latch:1|
|light4lvedit:30|t_ff:4|d_latch:2|
|light4lvedit:30|t_ff:5|
|light4lvedit:30|t_ff:5|d_latch:1|
|light4lvedit:30|t_ff:5|d_latch:2|
|light4lvedit:30|t_ff:3|
|light4lvedit:30|t_ff:3|d_latch:1|
|light4lvedit:30|t_ff:3|d_latch:2|
|light4lvedit:30|ta:6|
|light4lvedit:30|tb:7|
|light4lvedit:30|tc:8|
|light4lvedit:30|td:11|
|light4lvedit:30|l1:13|
|light4lvedit:30|l2:19|
|light4lvedit:30|l3:20|
|light4lvedit:30|l4:21|
|light4lvedit:30|7447:30|
|light4lvedit:30|bcd_a:32|
|light4lvedit:30|bcd_b:33|
|light4lvedit:30|bcd_c:34|
|btn4lvedit:37|
|btn4lvedit:37|t_ff:4|
|btn4lvedit:37|t_ff:4|d_latch:1|
|btn4lvedit:37|t_ff:4|d_latch:2|
|btn4lvedit:37|t_ff:3|
|btn4lvedit:37|t_ff:3|d_latch:1|
|btn4lvedit:37|t_ff:3|d_latch:2|
|btn4lvedit:37|t_ff:2|
|btn4lvedit:37|t_ff:2|d_latch:1|
|btn4lvedit:37|t_ff:2|d_latch:2|
|btn4lvedit:37|t_ff:1|
|btn4lvedit:37|t_ff:1|d_latch:1|
|btn4lvedit:37|t_ff:1|d_latch:2|
|btn4lvedit:37|dc4:5|
|btn4lvedit:37|ta2:7|
|btn4lvedit:37|tb2:8|
|btn4lvedit:37|tc2:9|
|btn4lvedit:37|td2:10|
|btn4lvedit:37|ec3:11|
|clkdiv18:38|


Device-Specific Information:c:\users\hp bang\onedrive\desktop\logic\logic\seq2b8lv_gdf\seq2b8lv\seq2bit4lv.rpt
seq2bit4lv

***** Logic for device 'seq2bit4lv' compiled without errors.




Device: EPM7128SLC84-6

Device Options:
    Turbo Bit                                    = ON
    Security Bit                                 = OFF
    Enable JTAG Support                        = ON
    User Code                                  = ffff
    MultiVolt I/O                              = OFF

                 R  R  R     R  R  R                    R  R  R     R  R  R  
                 E  E  E     E  E  E                    E  E  E     E  E  E  
                 S  S  S     S  S  S  V                 S  S  S     S  S  S  
                 E  E  E     E  E  E  C                 E  E  E  V  E  E  E  
              c  R  R  R     R  R  R  C           G     R  R  R  C  R  R  R  
              l  V  V  V  G  V  V  V  I  G  G  G  C  G  V  V  V  C  V  V  V  
              k  E  E  E  N  E  E  E  N  N  N  N  L  N  E  E  E  I  E  E  E  
              L  D  D  D  D  D  D  D  T  D  D  D  K  D  D  D  D  O  D  D  D  
            -----------------------------------------------------------------_ 
          /  11 10  9  8  7  6  5  4  3  2  1 84 83 82 81 80 79 78 77 76 75   | 
RESERVED | 12                                                              74 | RESERVED 
   VCCIO | 13                                                              73 | RESERVED 
    #TDI | 14                                                              72 | GND 
     ReL | 15                                                              71 | #TDO 
       T | 16                                                              70 | RESERVED 
      L4 | 17                                                              69 | RESERVED 
      L3 | 18                                                              68 | RESERVED 
     GND | 19                                                              67 | RESERVED 
      L2 | 20                                                              66 | VCCIO 
      L1 | 21                                                              65 | RESERVED 
RESERVED | 22                        EPM7128SLC84-6                        64 | RESERVED 
    #TMS | 23                                                              63 | RESERVED 
RESERVED | 24                                                              62 | #TCK 
RESERVED | 25                                                              61 | RESERVED 
   VCCIO | 26                                                              60 | RESERVED 
RESERVED | 27                                                              59 | GND 
RESERVED | 28                                                              58 | RESERVED 
RESERVED | 29                                                              57 | RESERVED 
RESERVED | 30                                                              56 | RESERVED 
RESERVED | 31                                                              55 | reset 
     GND | 32                                                              54 | start 
         |_  33 34 35 36 37 38 39 40 41 42 43 44 45 46 47 48 49 50 51 52 53  _| 
           ------------------------------------------------------------------ 
              a  b  c  d  e  V  f  g  R  G  V  R  R  R  G  R  b  b  b  b  V  
                             C        E  N  C  E  E  E  N  E  t  t  t  t  C  
                             C        S  D  C  S  S  S  D  S  n  n  n  n  C  
                             I        E     I  E  E  E     E  4  3  2  1  I  
                             O        R     N  R  R  R     R              O  
                                      V     T  V  V  V     V                 
                                      E        E  E  E     E                 
                                      D        D  D  D     D                 


N.C. = No Connect. This pin has no internal connection to the device.
VCCINT = Dedicated power pin, which MUST be connected to VCC (5.0 volts).
VCCIO = Dedicated power pin, which MUST be connected to VCC (5.0 volts).
GND = Dedicated ground pin or unused dedicated input, which MUST be connected to GND.
RESERVED = Unused I/O pin, which MUST be left unconnected.

^ = Dedicated configuration pin.
+ = Reserved configuration pin, which is tri-stated during user mode.
* = Reserved configuration pin, which drives out in user mode.
PDn = Power Down pin. 
@ = Special-purpose pin. 
# = JTAG Boundary-Scan Testing/In-System Programming or Configuration Pin. The JTAG inputs TMS and TDI should be tied to VCC and TCK should be tied to GND when not in use.
& = JTAG pin used for I/O. When used as user I/O, JTAG pins must be kept stable before and during configuration.  JTAG pin stability prevents accidental loading of JTAG instructions.


Device-Specific Information:c:\users\hp bang\onedrive\desktop\logic\logic\seq2b8lv_gdf\seq2b8lv\seq2bit4lv.rpt
seq2bit4lv

** RESOURCE USAGE **

                                                Shareable     External
Logic Array Block     Logic Cells   I/O Pins    Expanders   Interconnect

A:     LC1 - LC16     1/16(  6%)   1/ 8( 12%)   0/16(  0%)   1/36(  2%) 
B:    LC17 - LC32    14/16( 87%)   7/ 8( 87%)  16/16(100%)  23/36( 63%) 
C:    LC33 - LC48     0/16(  0%)   1/ 8( 12%)   0/16(  0%)   0/36(  0%) 
D:    LC49 - LC64    15/16( 93%)   7/ 8( 87%)  15/16( 93%)  23/36( 63%) 
E:    LC65 - LC80     0/16(  0%)   4/ 8( 50%)   0/16(  0%)   0/36(  0%) 
F:    LC81 - LC96     8/16( 50%)   3/ 8( 37%)  15/16( 93%)  14/36( 38%) 
G:   LC97 - LC112    15/16( 93%)   1/ 8( 12%)  14/16( 87%)  26/36( 72%) 
H:  LC113 - LC128    16/16(100%)   0/ 8(  0%)  16/16(100%)  27/36( 75%) 


Total dedicated input pins used:                 1/4      ( 25%)
Total I/O pins used:                            24/64     ( 37%)
Total logic cells used:                         69/128    ( 53%)
Total shareable expanders used:                 56/128    ( 43%)
Total Turbo logic cells used:                   69/128    ( 53%)
Total shareable expanders not available (n/a):  20/128    ( 15%)
Average fan-in:                                  5.79
Total fan-in:                                   400

Total input pins required:                       7
Total fast input logic cells required:           0
Total output pins required:                     14
Total bidirectional pins required:               0
Total reserved pins required                     4
Total logic cells required:                     69
Total flipflops required:                       19
Total product terms required:                  267
Total logic cells lending parallel expanders:    0
Total shareable expanders in database:          48

Synthesized logic cells:                        37/ 128   ( 28%)



Device-Specific Information:c:\users\hp bang\onedrive\desktop\logic\logic\seq2b8lv_gdf\seq2b8lv\seq2bit4lv.rpt
seq2bit4lv

** INPUTS **

                                         Shareable
                                         Expanders     Fan-In    Fan-Out
 Pin     LC  LAB  Primitive    Code   Total Shared n/a INP  FBK  OUT  FBK  Name
  52   (80)  (E)      INPUT               0      0   0    0    0    0    8  btn1
  51   (77)  (E)      INPUT               0      0   0    0    0    1   10  btn2
  50   (75)  (E)      INPUT               0      0   0    0    0    1   10  btn3
  49   (73)  (E)      INPUT               0      0   0    0    0    1   10  btn4
  83      -   -       INPUT  G            0      0   0    0    0    0    0  GCLK
  55   (85)  (F)      INPUT               0      0   0    0    0    1   12  reset
  54   (83)  (F)      INPUT               0      0   0    0    0    0    8  start


Code:

s = Synthesized pin or logic cell
t = Turbo logic cell
+ = Synchronous flipflop
/ = Slow slew-rate output
! = NOT gate push-back
r = Fitter-inserted logic cell
G = Global Source. Fan-out destinations counted here do not include destinations
that are driven using global routing resources. Refer to the Auto Global Signals,
Clock Signals, Clear Signals, Synchronous Load Signals, and Synchronous Clear Signals
Sections of this Report File for information on which signals' fan-outs are used as
Clock, Clear, Preset, Output Enable, and synchronous Load signals.


Device-Specific Information:c:\users\hp bang\onedrive\desktop\logic\logic\seq2b8lv_gdf\seq2b8lv\seq2bit4lv.rpt
seq2bit4lv

** OUTPUTS **

                                         Shareable
                                         Expanders     Fan-In    Fan-Out
 Pin     LC  LAB  Primitive    Code   Total Shared n/a INP  FBK  OUT  FBK  Name
  33     64    D     OUTPUT      t        0      0   0    0    7    0    0  a
  34     61    D     OUTPUT      t        0      0   0    0    6    0    0  b
  35     59    D     OUTPUT      t        2      1   0    0    7    0    0  c
  11      5    A         FF      t        0      0   0    0    1    0   30  clkL
  36     57    D     OUTPUT      t        2      1   1    0    7    0    0  d
  37     56    D     OUTPUT      t        0      0   0    0    6    0    0  e
  39     53    D     OUTPUT      t        1      0   1    0    6    0    0  f
  40     51    D     OUTPUT      t        0      0   0    0    7    0    0  g
  21     19    B     OUTPUT      t        0      0   0    0    1    0    0  L1
  20     21    B     OUTPUT      t        0      0   0    1    9    0    0  L2
  18     24    B     OUTPUT      t       10      3   0    1   11    0    0  L3
  17     25    B     OUTPUT      t        0      0   0    1   10    0    0  L4
  15     29    B     OUTPUT      t        0      0   0    1    0    0    0  ReL
  16     27    B     OUTPUT      t        0      0   0    0    6    0    0  T


Code:

s = Synthesized pin or logic cell
t = Turbo logic cell
+ = Synchronous flipflop
/ = Slow slew-rate output
! = NOT gate push-back
r = Fitter-inserted logic cell


Device-Specific Information:c:\users\hp bang\onedrive\desktop\logic\logic\seq2b8lv_gdf\seq2b8lv\seq2bit4lv.rpt
seq2bit4lv

** BURIED LOGIC **

                                         Shareable
                                         Expanders     Fan-In    Fan-Out
 Pin     LC  LAB  Primitive    Code   Total Shared n/a INP  FBK  OUT  FBK  Name
   -     22    B      LCELL    s t        0      0   0    0    5    1    8  |btn4lvedit:37|dc4:5|~23~1
 (70)   109    G      LCELL    s t        8      3   1    4    9    0    2  |btn4lvedit:37|t_ff:1|d_latch:1|~3~1
   -    124    H       SOFT    s t        1      0   1    4    7    0    1  |btn4lvedit:37|t_ff:1|d_latch:1|q~2 (|btn4lvedit:37|t_ff:1|d_latch:1|~3~2)
   -    108    G      LCELL    s t        0      0   0    0    3    4   13  |btn4lvedit:37|t_ff:1|d_latch:2|~3~1
 (71)   112    G      LCELL    s t        9      3   1    4    9    0    2  |btn4lvedit:37|t_ff:2|d_latch:1|~3~1
   -    113    H       SOFT    s t        1      0   1    4    7    0    1  |btn4lvedit:37|t_ff:2|d_latch:1|q~2 (|btn4lvedit:37|t_ff:2|d_latch:1|~3~2)
 (69)   107    G      LCELL    s t        0      0   0    0    3    2   13  |btn4lvedit:37|t_ff:2|d_latch:2|~3~1
   -    116    H      LCELL    s t        8      2   1    5    9    0    2  |btn4lvedit:37|t_ff:3|d_latch:1|~3~1
   -    114    H       SOFT    s t        1      0   1    4    7    0    1  |btn4lvedit:37|t_ff:3|d_latch:1|q~2 (|btn4lvedit:37|t_ff:3|d_latch:1|~3~2)
 (73)   115    H      LCELL    s t        0      0   0    0    3    4   12  |btn4lvedit:37|t_ff:3|d_latch:2|~3~1
 (14)    32    B      LCELL    s t        5      1   1    5   10    0    3  |btn4lvedit:37|t_ff:4|d_latch:1|~3~1
 (79)   125    H       SOFT    s t        1      0   1    4    6    0    1  |btn4lvedit:37|t_ff:4|d_latch:1|q~2 (|btn4lvedit:37|t_ff:4|d_latch:1|~3~2)
   -    122    H       SOFT    s t        1      0   1    3    6    0    1  |btn4lvedit:37|t_ff:4|d_latch:1|q~3 (|btn4lvedit:37|t_ff:4|d_latch:1|~3~3)
 (22)    17    B      LCELL    s t        0      0   0    0    4    4   13  |btn4lvedit:37|t_ff:4|d_latch:2|~2~1
   -     20    B      LCELL    s t        0      0   0    0    2    4   13  |btn4lvedit:37|t_ff:4|d_latch:2|~6~1
   -     28    B       SOFT    s t        1      0   1    4    7    0    1  |btn4lvedit:37|t_ff:4|d_latch:2|~6~2
   -     26    B       TFFE   +  t        0      0   0    0    0    0    1  |clkdiv18:38|:38
 (76)   120    H       TFFE      t        0      0   0    0    1    0    1  |clkdiv18:38|:40
   -    100    G       TFFE      t        0      0   0    0    1    0    1  |clkdiv18:38|:41
   -    110    G       TFFE      t        0      0   0    0    1    0    1  |clkdiv18:38|:50
   -    111    G       TFFE      t        0      0   0    0    1    0    1  |clkdiv18:38|:51
 (63)    97    G       TFFE      t        0      0   0    0    1    0    1  |clkdiv18:38|:52
 (65)   101    G       TFFE      t        0      0   0    0    1    0    1  |clkdiv18:38|:53
   -     98    G       TFFE      t        0      0   0    0    1    0    1  |clkdiv18:38|:54
   -    102    G       TFFE      t        0      0   0    0    1    0    1  |clkdiv18:38|:55
 (64)    99    G       TFFE      t        0      0   0    0    1    1    0  |clkdiv18:38|clk_div (|clkdiv18:38|:56)
 (67)   104    G       TFFE      t        0      0   0    0    1    0    1  |clkdiv18:38|:57
   -    106    G       TFFE      t        0      0   0    0    1    0    1  |clkdiv18:38|:58
 (68)   105    G       TFFE      t        0      0   0    0    1    0    1  |clkdiv18:38|:59
   -     63    D       TFFE      t        0      0   0    0    1    0    1  |clkdiv18:38|:60
   -     62    D       TFFE      t        0      0   0    0    1    0    1  |clkdiv18:38|:61
   -     60    D       TFFE      t        0      0   0    0    1    0    1  |clkdiv18:38|:62
   -     58    D       TFFE      t        0      0   0    0    1    0    1  |clkdiv18:38|:63
 (41)    49    D       TFFE      t        0      0   0    0    1    0    1  |clkdiv18:38|:64
   -     30    B       SOFT    s t        0      0   0    0    6    7    0  |light4lvedit:30|bcd_a:32|~17~1
   -     92    F       SOFT    s t        1      0   1    0    6    7    1  |light4lvedit:30|bcd_b:33|~18~1
 (81)   128    H      LCELL    s t        2      2   0    2    8    0    1  |light4lvedit:30|t_ff:1|d_latch:1|~3~1~2
   -    127    H      LCELL    s t        3      2   1    2    9    0    4  |light4lvedit:30|t_ff:1|d_latch:1|~3~1
 (74)   117    H      LCELL    s t        0      0   0    0    4   10   14  |light4lvedit:30|t_ff:1|d_latch:2|~2~1
 (75)   118    H      LCELL    s t        0      0   0    0    2   10   14  |light4lvedit:30|t_ff:1|d_latch:2|~6~1
   -     89    F      LCELL    s t        2      1   1    1    8    0    1  |light4lvedit:30|t_ff:3|d_latch:1|~3~1~2
 (77)   123    H      LCELL    s t        0      0   0    1    3    0    1  |light4lvedit:30|t_ff:3|d_latch:1|~3~1~3
   -     82    F      LCELL    s t        2      1   1    2    8    0    3  |light4lvedit:30|t_ff:3|d_latch:1|~3~1
   -    119    H      LCELL    s t        0      0   0    0    3    9   14  |light4lvedit:30|t_ff:3|d_latch:2|~3~1
 (57)    88    F      LCELL    s t        3      2   1    2    8    0    1  |light4lvedit:30|t_ff:4|d_latch:1|~3~1~2
   -     90    F      LCELL    s t        3      2   1    2    8    0    1  |light4lvedit:30|t_ff:4|d_latch:1|~3~1~3
   -     52    D      LCELL    s t        0      0   0    0    2    0    1  |light4lvedit:30|t_ff:4|d_latch:1|~3~1~4
   -     84    F      LCELL    s t        3      2   1    2    8    0    3  |light4lvedit:30|t_ff:4|d_latch:1|~3~1
   -     81    F      LCELL    s t        0      0   0    0    3   10   14  |light4lvedit:30|t_ff:4|d_latch:2|~3~1
 (54)    83    F      LCELL    s t        6      1   1    2    8    0    3  |light4lvedit:30|t_ff:5|d_latch:1|~3~1
 (80)   126    H      LCELL    s t        0      0   0    0    4    3   12  |light4lvedit:30|t_ff:5|d_latch:2|~2~1
   -    121    H      LCELL    s t        0      0   0    0    2    3   12  |light4lvedit:30|t_ff:5|d_latch:2|~6~1
   -     31    B       SOFT    s t        0      0   0    0    4    3    0  |light4lvedit:30|7447:30|~24~1
   -     50    D       SOFT    s t        0      0   0    0    5    1    0  |light4lvedit:30|7447:30|~38~1
   -     54    D     OUTPUT    s t  r    11      3   0    1   11    1    0  L1~fit~in1


Code:

s = Synthesized pin or logic cell
t = Turbo logic cell
+ = Synchronous flipflop
/ = Slow slew-rate output
! = NOT gate push-back
r = Fitter-inserted logic cell


Device-Specific Information:c:\users\hp bang\onedrive\desktop\logic\logic\seq2b8lv_gdf\seq2b8lv\seq2bit4lv.rpt
seq2bit4lv

** LOGIC CELL INTERCONNECTIONS **

Logic Array Block 'A':

           Logic cells placed in LAB 'A'
        +- LC5 clkL
        | 
        |   Other LABs fed by signals
        |   that feed LAB 'A'
LC      | | A B C D E F G H |     Logic cells that feed LAB 'A':

Pin
83   -> - | - - - - - - - - | <-- GCLK
LC99 -> * | * - - - - - - - | <-- |clkdiv18:38|clk_div


* = The logic cell or pin is an input to the logic cell (or LAB) through the PIA.
- = The logic cell or pin is not an input to the logic cell (or LAB).


Device-Specific Information:c:\users\hp bang\onedrive\desktop\logic\logic\seq2b8lv_gdf\seq2b8lv\seq2bit4lv.rpt
seq2bit4lv

** LOGIC CELL INTERCONNECTIONS **

Logic Array Block 'B':

                                     Logic cells placed in LAB 'B'
        +--------------------------- LC22 |btn4lvedit:37|dc4:5|~23~1
        | +------------------------- LC32 |btn4lvedit:37|t_ff:4|d_latch:1|~3~1
        | | +----------------------- LC17 |btn4lvedit:37|t_ff:4|d_latch:2|~2~1
        | | | +--------------------- LC20 |btn4lvedit:37|t_ff:4|d_latch:2|~6~1
        | | | | +------------------- LC28 |btn4lvedit:37|t_ff:4|d_latch:2|~6~2
        | | | | | +----------------- LC26 |clkdiv18:38|:38
        | | | | | | +--------------- LC30 |light4lvedit:30|bcd_a:32|~17~1
        | | | | | | | +------------- LC31 |light4lvedit:30|7447:30|~24~1
        | | | | | | | | +----------- LC19 L1
        | | | | | | | | | +--------- LC21 L2
        | | | | | | | | | | +------- LC24 L3
        | | | | | | | | | | | +----- LC25 L4
        | | | | | | | | | | | | +--- LC29 ReL
        | | | | | | | | | | | | | +- LC27 T
        | | | | | | | | | | | | | | 
        | | | | | | | | | | | | | |   Other LABs fed by signals
        | | | | | | | | | | | | | |   that feed LAB 'B'
LC      | | | | | | | | | | | | | | | A B C D E F G H |     Logic cells that feed LAB 'B':
LC22 -> - * - - - - - - - - - - - * | - * - - - - * * | <-- |btn4lvedit:37|dc4:5|~23~1
LC32 -> - - * * * - - - - - - - - - | - * - - - - - - | <-- |btn4lvedit:37|t_ff:4|d_latch:1|~3~1
LC17 -> * * * - * - - - - * * * - * | - * - * - - * * | <-- |btn4lvedit:37|t_ff:4|d_latch:2|~2~1
LC20 -> * * * - * - - - - * * * - * | - * - * - - * * | <-- |btn4lvedit:37|t_ff:4|d_latch:2|~6~1
LC28 -> - * - - - - - - - - - - - - | - * - - - - - - | <-- |btn4lvedit:37|t_ff:4|d_latch:2|~6~2

Pin
52   -> - * - - * - - - - - - - - - | - * - * - - - * | <-- btn1
51   -> - * - - * - - - - * - - - - | - * - - - - * * | <-- btn2
50   -> - * - - * - - - - - * - - - | - * - - - - * * | <-- btn3
49   -> - * - - * - - - - - - * - - | - * - - - - * * | <-- btn4
83   -> - - - - - - - - - - - - - - | - - - - - - - - | <-- GCLK
55   -> - * - - - - - - - - - - * - | - * - - - * * * | <-- reset
LC108-> * * - - * - - - - * * * - * | - * - * - - * * | <-- |btn4lvedit:37|t_ff:1|d_latch:2|~3~1
LC107-> * * - - * - - - - - * - - * | - * - * - - * * | <-- |btn4lvedit:37|t_ff:2|d_latch:2|~3~1
LC115-> * * - - * - - - - * * * - * | - * - * - - * * | <-- |btn4lvedit:37|t_ff:3|d_latch:2|~3~1
LC125-> - * - - - - - - - - - - - - | - * - - - - - - | <-- |btn4lvedit:37|t_ff:4|d_latch:1|q~2
LC122-> - * - - - - - - - - - - - - | - * - - - - - - | <-- |btn4lvedit:37|t_ff:4|d_latch:1|q~3
LC5  -> - * * * * - - - - - - - - - | - * - - - * * * | <-- clkL
LC117-> - - - - - - * * - * * * - - | - * - * - * - * | <-- |light4lvedit:30|t_ff:1|d_latch:2|~2~1
LC118-> - - - - - - * * - * * * - - | - * - * - * - * | <-- |light4lvedit:30|t_ff:1|d_latch:2|~6~1
LC119-> - - - - - - * * - - * * - - | - * - * - * - * | <-- |light4lvedit:30|t_ff:3|d_latch:2|~3~1
LC81 -> - - - - - - * * - * * * - - | - * - * - * - * | <-- |light4lvedit:30|t_ff:4|d_latch:2|~3~1
LC126-> - - - - - - * - - * * * - - | - * - * - * - * | <-- |light4lvedit:30|t_ff:5|d_latch:2|~2~1
LC121-> - - - - - - * - - * * * - - | - * - * - * - * | <-- |light4lvedit:30|t_ff:5|d_latch:2|~6~1
LC54 -> - - - - - - - - * - - - - - | - * - - - - - - | <-- L1~fit~in1


* = The logic cell or pin is an input to the logic cell (or LAB) through the PIA.
- = The logic cell or pin is not an input to the logic cell (or LAB).


Device-Specific Information:c:\users\hp bang\onedrive\desktop\logic\logic\seq2b8lv_gdf\seq2b8lv\seq2bit4lv.rpt
seq2bit4lv

** LOGIC CELL INTERCONNECTIONS **

Logic Array Block 'D':

                                       Logic cells placed in LAB 'D'
        +----------------------------- LC64 a
        | +--------------------------- LC61 b
        | | +------------------------- LC59 c
        | | | +----------------------- LC63 |clkdiv18:38|:60
        | | | | +--------------------- LC62 |clkdiv18:38|:61
        | | | | | +------------------- LC60 |clkdiv18:38|:62
        | | | | | | +----------------- LC58 |clkdiv18:38|:63
        | | | | | | | +--------------- LC49 |clkdiv18:38|:64
        | | | | | | | | +------------- LC57 d
        | | | | | | | | | +----------- LC56 e
        | | | | | | | | | | +--------- LC53 f
        | | | | | | | | | | | +------- LC51 g
        | | | | | | | | | | | | +----- LC52 |light4lvedit:30|t_ff:4|d_latch:1|~3~1~4
        | | | | | | | | | | | | | +--- LC50 |light4lvedit:30|7447:30|~38~1
        | | | | | | | | | | | | | | +- LC54 L1~fit~in1
        | | | | | | | | | | | | | | | 
        | | | | | | | | | | | | | | |   Other LABs fed by signals
        | | | | | | | | | | | | | | |   that feed LAB 'D'
LC      | | | | | | | | | | | | | | | | A B C D E F G H |     Logic cells that feed LAB 'D':
LC62 -> - - - * * - - - - - - - - - - | - - - * - - - - | <-- |clkdiv18:38|:61
LC60 -> - - - - * * - - - - - - - - - | - - - * - - - - | <-- |clkdiv18:38|:62
LC58 -> - - - - - * * - - - - - - - - | - - - * - - - - | <-- |clkdiv18:38|:63
LC49 -> - - - - - - * * - - - - - - - | - - - * - - - - | <-- |clkdiv18:38|:64
LC50 -> - - - - - - - - - - - * - - - | - - - * - - - - | <-- |light4lvedit:30|7447:30|~38~1

Pin
52   -> - - - - - - - - - - - - - - * | - * - * - - - * | <-- btn1
83   -> - - - - - - - - - - - - - - - | - - - - - - - - | <-- GCLK
LC108-> - - - - - - - - - - - - - - * | - * - * - - * * | <-- |btn4lvedit:37|t_ff:1|d_latch:2|~3~1
LC107-> - - - - - - - - - - - - - - * | - * - * - - * * | <-- |btn4lvedit:37|t_ff:2|d_latch:2|~3~1
LC115-> - - - - - - - - - - - - - - * | - * - * - - * * | <-- |btn4lvedit:37|t_ff:3|d_latch:2|~3~1
LC17 -> - - - - - - - - - - - - - - * | - * - * - - * * | <-- |btn4lvedit:37|t_ff:4|d_latch:2|~2~1
LC20 -> - - - - - - - - - - - - - - * | - * - * - - * * | <-- |btn4lvedit:37|t_ff:4|d_latch:2|~6~1
LC98 -> - - - - - - - * - - - - - - - | - - - * - - - - | <-- |clkdiv18:38|:54
LC30 -> * * * - - - - - * * * * - - - | - - - * - - - - | <-- |light4lvedit:30|bcd_a:32|~17~1
LC92 -> * * * - - - - - * * * * - * - | - - - * - - - - | <-- |light4lvedit:30|bcd_b:33|~18~1
LC117-> * * * - - - - - * * * * - * * | - * - * - * - * | <-- |light4lvedit:30|t_ff:1|d_latch:2|~2~1
LC118-> * * * - - - - - * * * * - * * | - * - * - * - * | <-- |light4lvedit:30|t_ff:1|d_latch:2|~6~1
LC119-> * * * - - - - - * * * * - * * | - * - * - * - * | <-- |light4lvedit:30|t_ff:3|d_latch:2|~3~1
LC88 -> - - - - - - - - - - - - * - - | - - - * - - - - | <-- |light4lvedit:30|t_ff:4|d_latch:1|~3~1~2
LC90 -> - - - - - - - - - - - - * - - | - - - * - - - - | <-- |light4lvedit:30|t_ff:4|d_latch:1|~3~1~3
LC81 -> * * * - - - - - * * * * - * * | - * - * - * - * | <-- |light4lvedit:30|t_ff:4|d_latch:2|~3~1
LC126-> - - - - - - - - - - - - - - * | - * - * - * - * | <-- |light4lvedit:30|t_ff:5|d_latch:2|~2~1
LC121-> - - - - - - - - - - - - - - * | - * - * - * - * | <-- |light4lvedit:30|t_ff:5|d_latch:2|~6~1
LC31 -> * - * - - - - - * - - - - - - | - - - * - - - - | <-- |light4lvedit:30|7447:30|~24~1


* = The logic cell or pin is an input to the logic cell (or LAB) through the PIA.
- = The logic cell or pin is not an input to the logic cell (or LAB).


Device-Specific Information:c:\users\hp bang\onedrive\desktop\logic\logic\seq2b8lv_gdf\seq2b8lv\seq2bit4lv.rpt
seq2bit4lv

** LOGIC CELL INTERCONNECTIONS **

Logic Array Block 'F':

                         Logic cells placed in LAB 'F'
        +--------------- LC92 |light4lvedit:30|bcd_b:33|~18~1
        | +------------- LC89 |light4lvedit:30|t_ff:3|d_latch:1|~3~1~2
        | | +----------- LC82 |light4lvedit:30|t_ff:3|d_latch:1|~3~1
        | | | +--------- LC88 |light4lvedit:30|t_ff:4|d_latch:1|~3~1~2
        | | | | +------- LC90 |light4lvedit:30|t_ff:4|d_latch:1|~3~1~3
        | | | | | +----- LC84 |light4lvedit:30|t_ff:4|d_latch:1|~3~1
        | | | | | | +--- LC81 |light4lvedit:30|t_ff:4|d_latch:2|~3~1
        | | | | | | | +- LC83 |light4lvedit:30|t_ff:5|d_latch:1|~3~1
        | | | | | | | | 
        | | | | | | | |   Other LABs fed by signals
        | | | | | | | |   that feed LAB 'F'
LC      | | | | | | | | | A B C D E F G H |     Logic cells that feed LAB 'F':
LC82 -> - * - - - - - - | - - - - - * - * | <-- |light4lvedit:30|t_ff:3|d_latch:1|~3~1
LC84 -> - - - * * - * - | - - - - - * - - | <-- |light4lvedit:30|t_ff:4|d_latch:1|~3~1
LC81 -> * * * * * * * * | - * - * - * - * | <-- |light4lvedit:30|t_ff:4|d_latch:2|~3~1
LC83 -> - - - - - - - * | - - - - - * - * | <-- |light4lvedit:30|t_ff:5|d_latch:1|~3~1

Pin
83   -> - - - - - - - - | - - - - - - - - | <-- GCLK
55   -> - - * * * * - * | - * - - - * * * | <-- reset
54   -> - * * * * * - * | - - - - - * - * | <-- start
LC5  -> - * * * * * * * | - * - - - * * * | <-- clkL
LC117-> * * * * * * - * | - * - * - * - * | <-- |light4lvedit:30|t_ff:1|d_latch:2|~2~1
LC118-> * * * * * * - * | - * - * - * - * | <-- |light4lvedit:30|t_ff:1|d_latch:2|~6~1
LC123-> - - * - - - - - | - - - - - * - - | <-- |light4lvedit:30|t_ff:3|d_latch:1|~3~1~3
LC119-> * * * * * * - * | - * - * - * - * | <-- |light4lvedit:30|t_ff:3|d_latch:2|~3~1
LC52 -> - - - - - * - - | - - - - - * - - | <-- |light4lvedit:30|t_ff:4|d_latch:1|~3~1~4
LC126-> * * * * * * - * | - * - * - * - * | <-- |light4lvedit:30|t_ff:5|d_latch:2|~2~1
LC121-> * * * * * * - * | - * - * - * - * | <-- |light4lvedit:30|t_ff:5|d_latch:2|~6~1


* = The logic cell or pin is an input to the logic cell (or LAB) through the PIA.
- = The logic cell or pin is not an input to the logic cell (or LAB).


Device-Specific Information:c:\users\hp bang\onedrive\desktop\logic\logic\seq2b8lv_gdf\seq2b8lv\seq2bit4lv.rpt
seq2bit4lv

** LOGIC CELL INTERCONNECTIONS **

Logic Array Block 'G':

                                       Logic cells placed in LAB 'G'
        +----------------------------- LC109 |btn4lvedit:37|t_ff:1|d_latch:1|~3~1
        | +--------------------------- LC108 |btn4lvedit:37|t_ff:1|d_latch:2|~3~1
        | | +------------------------- LC112 |btn4lvedit:37|t_ff:2|d_latch:1|~3~1
        | | | +----------------------- LC107 |btn4lvedit:37|t_ff:2|d_latch:2|~3~1
        | | | | +--------------------- LC100 |clkdiv18:38|:41
        | | | | | +------------------- LC110 |clkdiv18:38|:50
        | | | | | | +----------------- LC111 |clkdiv18:38|:51
        | | | | | | | +--------------- LC97 |clkdiv18:38|:52
        | | | | | | | | +------------- LC101 |clkdiv18:38|:53
        | | | | | | | | | +----------- LC98 |clkdiv18:38|:54
        | | | | | | | | | | +--------- LC102 |clkdiv18:38|:55
        | | | | | | | | | | | +------- LC99 |clkdiv18:38|clk_div
        | | | | | | | | | | | | +----- LC104 |clkdiv18:38|:57
        | | | | | | | | | | | | | +--- LC106 |clkdiv18:38|:58
        | | | | | | | | | | | | | | +- LC105 |clkdiv18:38|:59
        | | | | | | | | | | | | | | | 
        | | | | | | | | | | | | | | |   Other LABs fed by signals
        | | | | | | | | | | | | | | |   that feed LAB 'G'
LC      | | | | | | | | | | | | | | | | A B C D E F G H |     Logic cells that feed LAB 'G':
LC109-> * * - - - - - - - - - - - - - | - - - - - - * - | <-- |btn4lvedit:37|t_ff:1|d_latch:1|~3~1
LC108-> * * * - - - - - - - - - - - - | - * - * - - * * | <-- |btn4lvedit:37|t_ff:1|d_latch:2|~3~1
LC112-> - - * * - - - - - - - - - - - | - - - - - - * - | <-- |btn4lvedit:37|t_ff:2|d_latch:1|~3~1
LC107-> * - * * - - - - - - - - - - - | - * - * - - * * | <-- |btn4lvedit:37|t_ff:2|d_latch:2|~3~1
LC100-> - - - - * - * - - - - - - - - | - - - - - - * - | <-- |clkdiv18:38|:41
LC110-> - - - - - * - - * - - - - - - | - - - - - - * - | <-- |clkdiv18:38|:50
LC111-> - - - - - * * - - - - - - - - | - - - - - - * - | <-- |clkdiv18:38|:51
LC97 -> - - - - - - - * - - * - - - - | - - - - - - * - | <-- |clkdiv18:38|:52
LC101-> - - - - - - - * * - - - - - - | - - - - - - * - | <-- |clkdiv18:38|:53
LC102-> - - - - - - - - - * * - - - - | - - - - - - * - | <-- |clkdiv18:38|:55
LC104-> - - - - - - - - - - - * * - - | - - - - - - * - | <-- |clkdiv18:38|:57
LC106-> - - - - - - - - - - - - * * - | - - - - - - * - | <-- |clkdiv18:38|:58
LC105-> - - - - - - - - - - - - - * * | - - - - - - * - | <-- |clkdiv18:38|:59

Pin
51   -> * - * - - - - - - - - - - - - | - * - - - - * * | <-- btn2
50   -> * - * - - - - - - - - - - - - | - * - - - - * * | <-- btn3
49   -> * - * - - - - - - - - - - - - | - * - - - - * * | <-- btn4
83   -> - - - - - - - - - - - - - - - | - - - - - - - - | <-- GCLK
55   -> * - * - - - - - - - - - - - - | - * - - - * * * | <-- reset
LC22 -> * - * - - - - - - - - - - - - | - * - - - - * * | <-- |btn4lvedit:37|dc4:5|~23~1
LC124-> * - - - - - - - - - - - - - - | - - - - - - * - | <-- |btn4lvedit:37|t_ff:1|d_latch:1|q~2
LC113-> - - * - - - - - - - - - - - - | - - - - - - * - | <-- |btn4lvedit:37|t_ff:2|d_latch:1|q~2
LC115-> * - * - - - - - - - - - - - - | - * - * - - * * | <-- |btn4lvedit:37|t_ff:3|d_latch:2|~3~1
LC17 -> * - * - - - - - - - - - - - - | - * - * - - * * | <-- |btn4lvedit:37|t_ff:4|d_latch:2|~2~1
LC20 -> * - * - - - - - - - - - - - - | - * - * - - * * | <-- |btn4lvedit:37|t_ff:4|d_latch:2|~6~1
LC120-> - - - - * - - - - - - - - - - | - - - - - - * - | <-- |clkdiv18:38|:40
LC63 -> - - - - - - - - - - - - - - * | - - - - - - * - | <-- |clkdiv18:38|:60
LC5  -> * * * * - - - - - - - - - - - | - * - - - * * * | <-- clkL


* = The logic cell or pin is an input to the logic cell (or LAB) through the PIA.
- = The logic cell or pin is not an input to the logic cell (or LAB).


Device-Specific Information:c:\users\hp bang\onedrive\desktop\logic\logic\seq2b8lv_gdf\seq2b8lv\seq2bit4lv.rpt
seq2bit4lv

** LOGIC CELL INTERCONNECTIONS **

Logic Array Block 'H':

                                         Logic cells placed in LAB 'H'
        +------------------------------- LC124 |btn4lvedit:37|t_ff:1|d_latch:1|q~2
        | +----------------------------- LC113 |btn4lvedit:37|t_ff:2|d_latch:1|q~2
        | | +--------------------------- LC116 |btn4lvedit:37|t_ff:3|d_latch:1|~3~1
        | | | +------------------------- LC114 |btn4lvedit:37|t_ff:3|d_latch:1|q~2
        | | | | +----------------------- LC115 |btn4lvedit:37|t_ff:3|d_latch:2|~3~1
        | | | | | +--------------------- LC125 |btn4lvedit:37|t_ff:4|d_latch:1|q~2
        | | | | | | +------------------- LC122 |btn4lvedit:37|t_ff:4|d_latch:1|q~3
        | | | | | | | +----------------- LC120 |clkdiv18:38|:40
        | | | | | | | | +--------------- LC128 |light4lvedit:30|t_ff:1|d_latch:1|~3~1~2
        | | | | | | | | | +------------- LC127 |light4lvedit:30|t_ff:1|d_latch:1|~3~1
        | | | | | | | | | | +----------- LC117 |light4lvedit:30|t_ff:1|d_latch:2|~2~1
        | | | | | | | | | | | +--------- LC118 |light4lvedit:30|t_ff:1|d_latch:2|~6~1
        | | | | | | | | | | | | +------- LC123 |light4lvedit:30|t_ff:3|d_latch:1|~3~1~3
        | | | | | | | | | | | | | +----- LC119 |light4lvedit:30|t_ff:3|d_latch:2|~3~1
        | | | | | | | | | | | | | | +--- LC126 |light4lvedit:30|t_ff:5|d_latch:2|~2~1
        | | | | | | | | | | | | | | | +- LC121 |light4lvedit:30|t_ff:5|d_latch:2|~6~1
        | | | | | | | | | | | | | | | | 
        | | | | | | | | | | | | | | | |   Other LABs fed by signals
        | | | | | | | | | | | | | | | |   that feed LAB 'H'
LC      | | | | | | | | | | | | | | | | | A B C D E F G H |     Logic cells that feed LAB 'H':
LC116-> - - * - * - - - - - - - - - - - | - - - - - - - * | <-- |btn4lvedit:37|t_ff:3|d_latch:1|~3~1
LC114-> - - * - - - - - - - - - - - - - | - - - - - - - * | <-- |btn4lvedit:37|t_ff:3|d_latch:1|q~2
LC115-> * * * * * * - - - - - - - - - - | - * - * - - * * | <-- |btn4lvedit:37|t_ff:3|d_latch:2|~3~1
LC128-> - - - - - - - - - * - - - - - - | - - - - - - - * | <-- |light4lvedit:30|t_ff:1|d_latch:1|~3~1~2
LC127-> - - - - - - - - * * * * - - - - | - - - - - - - * | <-- |light4lvedit:30|t_ff:1|d_latch:1|~3~1
LC117-> - - - - - - - - * * * - - - - - | - * - * - * - * | <-- |light4lvedit:30|t_ff:1|d_latch:2|~2~1
LC118-> - - - - - - - - * * * - - - - - | - * - * - * - * | <-- |light4lvedit:30|t_ff:1|d_latch:2|~6~1
LC119-> - - - - - - - - * * - - - * - - | - * - * - * - * | <-- |light4lvedit:30|t_ff:3|d_latch:2|~3~1
LC126-> - - - - - - - - * * - - - - * - | - * - * - * - * | <-- |light4lvedit:30|t_ff:5|d_latch:2|~2~1
LC121-> - - - - - - - - * * - - - - * - | - * - * - * - * | <-- |light4lvedit:30|t_ff:5|d_latch:2|~6~1

Pin
52   -> * * * * - * - - - - - - - - - - | - * - * - - - * | <-- btn1
51   -> * * * * - * * - - - - - - - - - | - * - - - - * * | <-- btn2
50   -> * * * * - * * - - - - - - - - - | - * - - - - * * | <-- btn3
49   -> * * * * - * * - - - - - - - - - | - * - - - - * * | <-- btn4
83   -> - - - - - - - - - - - - - - - - | - - - - - - - - | <-- GCLK
55   -> - - * - - - - - * * - - * - - - | - * - - - * * * | <-- reset
54   -> - - - - - - - - * * - - - - - - | - - - - - * - * | <-- start
LC22 -> * * * * - - * - - - - - - - - - | - * - - - - * * | <-- |btn4lvedit:37|dc4:5|~23~1
LC108-> * * * * - * * - - - - - - - - - | - * - * - - * * | <-- |btn4lvedit:37|t_ff:1|d_latch:2|~3~1
LC107-> * * * * - * * - - - - - - - - - | - * - * - - * * | <-- |btn4lvedit:37|t_ff:2|d_latch:2|~3~1
LC17 -> * * * * - * * - - - - - - - - - | - * - * - - * * | <-- |btn4lvedit:37|t_ff:4|d_latch:2|~2~1
LC20 -> * * * * - * * - - - - - - - - - | - * - * - - * * | <-- |btn4lvedit:37|t_ff:4|d_latch:2|~6~1
LC26 -> - - - - - - - * - - - - - - - - | - - - - - - - * | <-- |clkdiv18:38|:38
LC5  -> * * * * * * * - * * * * * * * * | - * - - - * * * | <-- clkL
LC89 -> - - - - - - - - - - - - * - - - | - - - - - - - * | <-- |light4lvedit:30|t_ff:3|d_latch:1|~3~1~2
LC82 -> - - - - - - - - - - - - * * - - | - - - - - * - * | <-- |light4lvedit:30|t_ff:3|d_latch:1|~3~1
LC81 -> - - - - - - - - * * - - - - - - | - * - * - * - * | <-- |light4lvedit:30|t_ff:4|d_latch:2|~3~1
LC83 -> - - - - - - - - - - - - - - * * | - - - - - * - * | <-- |light4lvedit:30|t_ff:5|d_latch:1|~3~1


* = The logic cell or pin is an input to the logic cell (or LAB) through the PIA.
- = The logic cell or pin is not an input to the logic cell (or LAB).


Device-Specific Information:c:\users\hp bang\onedrive\desktop\logic\logic\seq2b8lv_gdf\seq2b8lv\seq2bit4lv.rpt
seq2bit4lv

** EQUATIONS **

btn1     : INPUT;
btn2     : INPUT;
btn3     : INPUT;
btn4     : INPUT;
GCLK     : INPUT;
reset    : INPUT;
start    : INPUT;

-- Node name is 'a' 
-- Equation name is 'a', location is LC064, type is output.
 a       = LCELL( _EQ001 $  GND);
  _EQ001 =  _LC030 & !_LC081 & !_LC092 & !_LC119
         #  _LC030 & !_LC092 &  _LC118
         #  _LC030 & !_LC092 &  _LC117
         # !_LC030 &  _LC031;

-- Node name is 'b' 
-- Equation name is 'b', location is LC061, type is output.
 b       = LCELL( _EQ002 $  GND);
  _EQ002 = !_LC030 &  _LC081 &  _LC092 & !_LC117 & !_LC118
         # !_LC030 &  _LC092 & !_LC117 & !_LC118 &  _LC119
         #  _LC030 &  _LC081 & !_LC092 & !_LC117 & !_LC118
         #  _LC030 & !_LC092 & !_LC117 & !_LC118 &  _LC119;

-- Node name is 'c' 
-- Equation name is 'c', location is LC059, type is output.
 c       = LCELL( _EQ003 $  VCC);
  _EQ003 = !_LC117 & !_LC118 &  _X001
         #  _LC030 & !_LC031
         #  _X002;
  _X001  = EXP(!_LC081 & !_LC119);
  _X002  = EXP(!_LC030 &  _LC092);

-- Node name is 'clkL' = ':40' 
-- Equation name is 'clkL', type is output 
 clkL    = TFFE( VCC,  _LC099,  VCC,  VCC,  VCC);

-- Node name is 'd' 
-- Equation name is 'd', location is LC057, type is output.
 d       = LCELL( _EQ004 $ !_LC092);
  _EQ004 =  _LC030 & !_LC092 & !_LC117 & !_LC118 &  _X001
         # !_LC031 & !_LC092 & !_LC117 & !_LC118 &  _X001
         #  _LC030 &  _LC031 &  _LC092
         # !_LC030 & !_LC031 & !_LC092;
  _X001  = EXP(!_LC081 & !_LC119);

-- Node name is 'e' 
-- Equation name is 'e', location is LC056, type is output.
 e       = LCELL( _EQ005 $  _LC030);
  _EQ005 = !_LC030 &  _LC081 & !_LC092 & !_LC117 & !_LC118
         # !_LC030 & !_LC092 & !_LC117 & !_LC118 &  _LC119;

-- Node name is 'f' 
-- Equation name is 'f', location is LC053, type is output.
 f       = LCELL( _EQ006 $  VCC);
  _EQ006 = !_LC030 & !_LC117 & !_LC118 &  _LC119
         # !_LC030 &  _LC081 & !_LC117 & !_LC118
         # !_LC092 & !_LC117 & !_LC118 &  _LC119
         #  _LC081 & !_LC092 & !_LC117 & !_LC118
         # !_LC030 & !_LC092;

-- Node name is 'g' 
-- Equation name is 'g', location is LC051, type is output.
 g       = LCELL( _EQ007 $  _LC050);
  _EQ007 =  _LC030 & !_LC050 &  _LC081 &  _LC092 & !_LC117 & !_LC118
         #  _LC030 & !_LC050 &  _LC092 & !_LC117 & !_LC118 &  _LC119;

-- Node name is 'L1~fit~in1' 
-- Equation name is 'L1~fit~in1', location is LC054, type is buried.
-- synthesized logic cell 
_LC054   = LCELL( _EQ008 $  VCC);
  _EQ008 =  btn1 &  _X003 &  _X004 &  _X005 &  _X006 &  _X007 &  _X008 & 
              _X009 &  _X010 &  _X011 &  _X012 &  _X013;
  _X003  = EXP(!_LC017 & !_LC020 &  _LC107 &  _LC108 &  _LC115);
  _X004  = EXP( _LC081 &  _LC118 &  _LC119 &  _LC121);
  _X005  = EXP( _LC020 & !_LC107 &  _LC108 &  _LC115);
  _X006  = EXP( _LC117 & !_LC119 & !_LC121 & !_LC126);
  _X007  = EXP( _LC118 & !_LC119 & !_LC121 & !_LC126);
  _X008  = EXP( _LC081 &  _LC117 &  _LC119 &  _LC126);
  _X009  = EXP( _LC081 &  _LC117 &  _LC119 &  _LC121);
  _X010  = EXP( _LC081 &  _LC118 &  _LC119 &  _LC126);
  _X011  = EXP( _LC017 & !_LC107 &  _LC108 &  _LC115);
  _X012  = EXP( _LC081 & !_LC117 & !_LC118 & !_LC119 &  _LC126);
  _X013  = EXP( _LC081 & !_LC117 & !_LC118 & !_LC119 &  _LC121);

-- Node name is 'L1' 
-- Equation name is 'L1', location is LC019, type is output.
 L1      = LCELL( _LC054 $  GND);

-- Node name is 'L2' 
-- Equation name is 'L2', location is LC021, type is output.
 L2      = LCELL( _EQ009 $ !btn2);
  _EQ009 =  btn2 & !_LC017 & !_LC020 &  _LC108 &  _LC115
         #  btn2 & !_LC081 & !_LC117 & !_LC118 &  _LC121
         #  btn2 & !_LC081 & !_LC117 & !_LC118 &  _LC126;

-- Node name is 'L3' 
-- Equation name is 'L3', location is LC024, type is output.
 L3      = LCELL( _EQ010 $  VCC);
  _EQ010 =  btn3 &  _X003 &  _X005 &  _X011 &  _X014 &  _X015 &  _X016 & 
              _X017 &  _X018 &  _X019 &  _X020;
  _X003  = EXP(!_LC017 & !_LC020 &  _LC107 &  _LC108 &  _LC115);
  _X005  = EXP( _LC020 & !_LC107 &  _LC108 &  _LC115);
  _X011  = EXP( _LC017 & !_LC107 &  _LC108 &  _LC115);
  _X014  = EXP( _LC081 & !_LC117 & !_LC118 & !_LC119 & !_LC121 & !_LC126);
  _X015  = EXP(!_LC081 &  _LC118 &  _LC119 &  _LC126);
  _X016  = EXP( _LC081 &  _LC118 &  _LC119 & !_LC121 & !_LC126);
  _X017  = EXP( _LC081 &  _LC117 &  _LC119 & !_LC121 & !_LC126);
  _X018  = EXP(!_LC081 &  _LC118 &  _LC119 &  _LC121);
  _X019  = EXP(!_LC081 &  _LC117 &  _LC119 &  _LC126);
  _X020  = EXP(!_LC081 &  _LC117 &  _LC119 &  _LC121);

-- Node name is 'L4' 
-- Equation name is 'L4', location is LC025, type is output.
 L4      = LCELL( _EQ011 $  GND);
  _EQ011 = !_LC081 & !_LC117 & !_LC118 &  _LC119 & !_LC121 & !_LC126
         # !_LC017 & !_LC020 &  _LC108 &  _LC115
         # !btn4;

-- Node name is 'ReL' 
-- Equation name is 'ReL', location is LC029, type is output.
 ReL     = LCELL( reset $  GND);

-- Node name is 'T' 
-- Equation name is 'T', location is LC027, type is output.
 T       = LCELL( _EQ012 $  _LC022);
  _EQ012 = !_LC017 & !_LC020 & !_LC022 & !_LC107 & !_LC108 &  _LC115
         #  _LC020 & !_LC022 &  _LC107 & !_LC108 &  _LC115
         #  _LC017 & !_LC022 &  _LC107 & !_LC108 &  _LC115;

-- Node name is '|btn4lvedit:37|dc4:5|~23~1' 
-- Equation name is '_LC022', type is buried 
-- synthesized logic cell 
_LC022   = LCELL( _EQ013 $  GND);
  _EQ013 = !_LC017 & !_LC020 & !_LC107 & !_LC108 & !_LC115;

-- Node name is '|btn4lvedit:37|t_ff:1|d_latch:1|~3~2' = '|btn4lvedit:37|t_ff:1|d_latch:1|q~2' 
-- Equation name is '_LC124', type is buried 
-- synthesized logic cell 
_LC124   = LCELL( _EQ014 $  GND);
  _EQ014 = !btn2 &  btn3 &  btn4 & !clkL & !_LC017 & !_LC020 & !_LC022 & 
             !_LC108 & !_LC115
         #  btn2 &  btn3 &  btn4 & !clkL &  _LC017 &  _LC107 & !_LC108 & 
              _LC115
         #  btn2 &  btn3 &  btn4 & !clkL &  _LC020 &  _LC107 & !_LC108 & 
              _LC115
         #  btn2 &  btn3 &  btn4 & !clkL & !_LC017 & !_LC020 & !_LC107 & 
             !_LC108
         #  btn1 &  btn2 &  btn3 &  btn4 & !clkL & !_LC108;

-- Node name is '|btn4lvedit:37|t_ff:1|d_latch:1|~3~1' 
-- Equation name is '_LC109', type is buried 
-- synthesized logic cell 
_LC109   = LCELL( _EQ015 $  _EQ016);
  _EQ015 =  btn2 & !btn3 &  btn4 & !clkL &  _LC017 & !_LC022 &  _LC107 & 
             !_LC108 & !_LC115 & !_LC124 &  _X021 &  _X022 &  _X023 &  _X024 & 
              _X025 &  _X026 &  _X027
         #  btn2 & !btn3 &  btn4 & !clkL &  _LC020 & !_LC022 &  _LC107 & 
             !_LC108 & !_LC115 & !_LC124 &  _X021 &  _X022 &  _X023 &  _X024 & 
              _X025 &  _X026 &  _X027
         #  btn2 & !btn3 &  btn4 & !clkL &  _LC017 & !_LC022 & !_LC107 & 
             !_LC108 &  _LC115 & !_LC124 &  _X021 &  _X022 &  _X023 &  _X024 & 
              _X025 &  _X026 &  _X027
         #  btn2 & !btn3 &  btn4 & !clkL &  _LC020 & !_LC022 & !_LC107 & 
             !_LC108 &  _LC115 & !_LC124 &  _X021 &  _X022 &  _X023 &  _X024 & 
              _X025 &  _X026 &  _X027;
  _X021  = EXP(!clkL &  reset);
  _X022  = EXP(!clkL & !_LC017 & !_LC020 & !_LC022 & !_LC107 & !_LC108 & !_LC115);
  _X023  = EXP( btn2 &  btn3 &  btn4 & !clkL & !_LC107 & !_LC108 & !_LC115);
  _X024  = EXP(!btn2 & !clkL &  _LC022 &  _LC108);
  _X025  = EXP(!btn3 & !clkL &  _LC022 &  _LC108);
  _X026  = EXP(!btn4 & !clkL &  _LC022 &  _LC108);
  _X027  = EXP( clkL & !_LC109);
  _EQ016 = !_LC124 &  _X021 &  _X022 &  _X023 &  _X024 &  _X025 &  _X026 & 
              _X027;
  _X021  = EXP(!clkL &  reset);
  _X022  = EXP(!clkL & !_LC017 & !_LC020 & !_LC022 & !_LC107 & !_LC108 & !_LC115);
  _X023  = EXP( btn2 &  btn3 &  btn4 & !clkL & !_LC107 & !_LC108 & !_LC115);
  _X024  = EXP(!btn2 & !clkL &  _LC022 &  _LC108);
  _X025  = EXP(!btn3 & !clkL &  _LC022 &  _LC108);
  _X026  = EXP(!btn4 & !clkL &  _LC022 &  _LC108);
  _X027  = EXP( clkL & !_LC109);

-- Node name is '|btn4lvedit:37|t_ff:1|d_latch:2|~3~1' 
-- Equation name is '_LC108', type is buried 
-- synthesized logic cell 
_LC108   = LCELL( _EQ017 $  GND);
  _EQ017 =  clkL &  _LC109
         # !clkL &  _LC108
         #  _LC108 &  _LC109;

-- Node name is '|btn4lvedit:37|t_ff:2|d_latch:1|~3~2' = '|btn4lvedit:37|t_ff:2|d_latch:1|q~2' 
-- Equation name is '_LC113', type is buried 
-- synthesized logic cell 
_LC113   = LCELL( _EQ018 $  GND);
  _EQ018 = !btn2 &  btn3 &  btn4 & !clkL &  _LC020 & !_LC022 & !_LC107 & 
              _LC108
         # !btn2 & !btn3 & !clkL & !_LC017 & !_LC020 & !_LC022 & !_LC107 & 
              _LC108
         #  btn2 &  btn3 &  btn4 & !clkL & !_LC107 &  _LC108 &  _LC115
         # !btn4 & !clkL & !_LC017 & !_LC020 & !_LC022 & !_LC107 &  _LC108
         #  btn1 &  btn2 &  btn3 &  btn4 & !clkL & !_LC107;

-- Node name is '|btn4lvedit:37|t_ff:2|d_latch:1|~3~1' 
-- Equation name is '_LC112', type is buried 
-- synthesized logic cell 
_LC112   = LCELL( _EQ019 $  _EQ020);
  _EQ019 =  btn2 & !btn3 &  btn4 & !clkL & !_LC017 & !_LC020 &  _LC107 & 
             !_LC108 & !_LC113 &  _LC115 &  _X021 &  _X022 &  _X023 &  _X028 & 
              _X029 &  _X030 &  _X031 &  _X032
         #  btn2 & !btn3 &  btn4 & !clkL &  _LC017 & !_LC022 & !_LC107 & 
             !_LC113 &  _LC115 &  _X021 &  _X022 &  _X023 &  _X028 &  _X029 & 
              _X030 &  _X031 &  _X032
         #  btn2 & !btn3 &  btn4 & !clkL &  _LC020 & !_LC022 & !_LC107 & 
             !_LC113 &  _LC115 &  _X021 &  _X022 &  _X023 &  _X028 &  _X029 & 
              _X030 &  _X031 &  _X032
         # !btn2 &  btn3 &  btn4 & !clkL &  _LC017 & !_LC022 & !_LC107 & 
              _LC108 & !_LC113 &  _X021 &  _X022 &  _X023 &  _X028 &  _X029 & 
              _X030 &  _X031 &  _X032;
  _X021  = EXP(!clkL &  reset);
  _X022  = EXP(!clkL & !_LC017 & !_LC020 & !_LC022 & !_LC107 & !_LC108 & !_LC115);
  _X023  = EXP( btn2 &  btn3 &  btn4 & !clkL & !_LC107 & !_LC108 & !_LC115);
  _X028  = EXP( clkL & !_LC112);
  _X029  = EXP(!clkL & !_LC022 & !_LC107 &  _LC108 &  _LC115);
  _X030  = EXP(!btn2 & !clkL &  _LC022 &  _LC107);
  _X031  = EXP(!btn4 & !clkL &  _LC022 &  _LC107);
  _X032  = EXP(!btn3 & !clkL &  _LC022 &  _LC107);
  _EQ020 = !_LC113 &  _X021 &  _X022 &  _X023 &  _X028 &  _X029 &  _X030 & 
              _X031 &  _X032;
  _X021  = EXP(!clkL &  reset);
  _X022  = EXP(!clkL & !_LC017 & !_LC020 & !_LC022 & !_LC107 & !_LC108 & !_LC115);
  _X023  = EXP( btn2 &  btn3 &  btn4 & !clkL & !_LC107 & !_LC108 & !_LC115);
  _X028  = EXP( clkL & !_LC112);
  _X029  = EXP(!clkL & !_LC022 & !_LC107 &  _LC108 &  _LC115);
  _X030  = EXP(!btn2 & !clkL &  _LC022 &  _LC107);
  _X031  = EXP(!btn4 & !clkL &  _LC022 &  _LC107);
  _X032  = EXP(!btn3 & !clkL &  _LC022 &  _LC107);

-- Node name is '|btn4lvedit:37|t_ff:2|d_latch:2|~3~1' 
-- Equation name is '_LC107', type is buried 
-- synthesized logic cell 
_LC107   = LCELL( _EQ021 $  GND);
  _EQ021 =  clkL &  _LC112
         # !clkL &  _LC107
         #  _LC107 &  _LC112;

-- Node name is '|btn4lvedit:37|t_ff:3|d_latch:1|~3~2' = '|btn4lvedit:37|t_ff:3|d_latch:1|q~2' 
-- Equation name is '_LC114', type is buried 
-- synthesized logic cell 
_LC114   = LCELL( _EQ022 $  GND);
  _EQ022 = !btn2 &  btn3 &  btn4 & !clkL &  _LC017 & !_LC022 &  _LC108 & 
             !_LC115
         # !btn2 &  btn3 &  btn4 & !clkL &  _LC020 & !_LC022 &  _LC108 & 
             !_LC115
         #  btn2 &  btn3 &  btn4 & !clkL & !_LC022 & !_LC107 & !_LC108 & 
             !_LC115
         #  btn1 &  btn2 &  btn3 &  btn4 & !clkL & !_LC115
         # !clkL & !_LC022 &  _LC107 &  _LC108 & !_LC115;

-- Node name is '|btn4lvedit:37|t_ff:3|d_latch:1|~3~1' 
-- Equation name is '_LC116', type is buried 
-- synthesized logic cell 
_LC116   = LCELL( _EQ023 $  _EQ024);
  _EQ023 = !btn1 &  btn2 &  btn3 &  btn4 & !clkL & !_LC017 & !_LC020 & 
             !_LC107 & !_LC108 & !_LC114 &  _LC115 &  _X021 &  _X022 &  _X033 & 
              _X034 &  _X035 &  _X036 &  _X037
         #  btn2 & !btn3 &  btn4 & !clkL & !_LC017 & !_LC020 &  _LC107 & 
             !_LC108 & !_LC114 &  _LC115 &  _X021 &  _X022 &  _X033 &  _X034 & 
              _X035 &  _X036 &  _X037
         #  btn2 & !btn3 &  btn4 & !clkL &  _LC017 & !_LC022 &  _LC107 & 
             !_LC114 & !_LC115 &  _X021 &  _X022 &  _X033 &  _X034 &  _X035 & 
              _X036 &  _X037
         #  btn2 & !btn3 &  btn4 & !clkL &  _LC020 & !_LC022 &  _LC107 & 
             !_LC114 & !_LC115 &  _X021 &  _X022 &  _X033 &  _X034 &  _X035 & 
              _X036 &  _X037;
  _X021  = EXP(!clkL &  reset);
  _X022  = EXP(!clkL & !_LC017 & !_LC020 & !_LC022 & !_LC107 & !_LC108 & !_LC115);
  _X033  = EXP(!btn1 & !clkL &  _LC022 &  _LC115);
  _X034  = EXP(!btn2 & !clkL &  _LC022 &  _LC115);
  _X035  = EXP(!btn4 & !clkL &  _LC022 &  _LC115);
  _X036  = EXP(!btn3 & !clkL &  _LC022 &  _LC115);
  _X037  = EXP( clkL & !_LC116);
  _EQ024 = !_LC114 &  _X021 &  _X022 &  _X033 &  _X034 &  _X035 &  _X036 & 
              _X037;
  _X021  = EXP(!clkL &  reset);
  _X022  = EXP(!clkL & !_LC017 & !_LC020 & !_LC022 & !_LC107 & !_LC108 & !_LC115);
  _X033  = EXP(!btn1 & !clkL &  _LC022 &  _LC115);
  _X034  = EXP(!btn2 & !clkL &  _LC022 &  _LC115);
  _X035  = EXP(!btn4 & !clkL &  _LC022 &  _LC115);
  _X036  = EXP(!btn3 & !clkL &  _LC022 &  _LC115);
  _X037  = EXP( clkL & !_LC116);

-- Node name is '|btn4lvedit:37|t_ff:3|d_latch:2|~3~1' 
-- Equation name is '_LC115', type is buried 
-- synthesized logic cell 
_LC115   = LCELL( _EQ025 $  GND);
  _EQ025 =  clkL &  _LC116
         # !clkL &  _LC115
         #  _LC115 &  _LC116;

-- Node name is '|btn4lvedit:37|t_ff:4|d_latch:1|~3~2' = '|btn4lvedit:37|t_ff:4|d_latch:1|q~2' 
-- Equation name is '_LC125', type is buried 
-- synthesized logic cell 
_LC125   = LCELL( _EQ026 $  GND);
  _EQ026 =  btn1 &  btn2 &  btn3 &  btn4 & !clkL &  _LC020 & !_LC108
         #  btn1 &  btn2 &  btn3 &  btn4 & !clkL &  _LC020 & !_LC115
         # !btn2 & !btn3 & !clkL & !_LC017 & !_LC020 & !_LC107 &  _LC108
         # !clkL & !_LC017 & !_LC020 & !_LC107 &  _LC108 &  _LC115
         # !btn4 & !clkL & !_LC017 & !_LC020 & !_LC107 &  _LC108;

-- Node name is '|btn4lvedit:37|t_ff:4|d_latch:1|~3~3' = '|btn4lvedit:37|t_ff:4|d_latch:1|q~3' 
-- Equation name is '_LC122', type is buried 
-- synthesized logic cell 
_LC122   = LCELL( _EQ027 $  GND);
  _EQ027 = !btn2 & !clkL &  _LC017 &  _LC107 &  _LC108
         # !clkL &  _LC017 & !_LC022 &  _LC107 &  _LC108
         # !btn3 & !clkL &  _LC017 &  _LC107 &  _LC108
         # !btn4 & !clkL &  _LC017 &  _LC107 &  _LC108
         # !btn2 & !clkL &  _LC020 &  _LC107 &  _LC108;

-- Node name is '|btn4lvedit:37|t_ff:4|d_latch:1|~3~1' 
-- Equation name is '_LC032', type is buried 
-- synthesized logic cell 
_LC032   = LCELL( _EQ028 $  _EQ029);
  _EQ028 =  btn2 & !btn3 &  btn4 & !clkL & !_LC017 & !_LC020 & !_LC028 & 
              _LC107 & !_LC108 &  _LC115 & !_LC122 & !_LC125 &  _X021 & 
              _X038 &  _X039 &  _X040
         # !btn1 &  btn2 &  btn3 &  btn4 & !clkL & !_LC017 & !_LC020 & 
             !_LC028 & !_LC107 &  _LC115 & !_LC122 & !_LC125 &  _X021 & 
              _X038 &  _X039 &  _X040
         # !btn2 &  btn3 &  btn4 & !clkL & !_LC017 & !_LC020 & !_LC028 & 
              _LC107 & !_LC108 & !_LC115 & !_LC122 & !_LC125 &  _X021 & 
              _X038 &  _X039 &  _X040
         # !btn1 &  btn2 &  btn3 &  btn4 & !clkL & !_LC017 & !_LC020 & 
              _LC022 & !_LC028 & !_LC122 & !_LC125 &  _X021 &  _X038 &  _X039 & 
              _X040;
  _X021  = EXP(!clkL &  reset);
  _X038  = EXP(!clkL &  _LC020 & !_LC022 &  _LC107 &  _LC108);
  _X039  = EXP(!btn3 & !clkL &  _LC020 &  _LC107 &  _LC108);
  _X040  = EXP(!btn4 & !clkL &  _LC020 &  _LC107 &  _LC108);
  _EQ029 = !_LC028 & !_LC122 & !_LC125 &  _X021 &  _X038 &  _X039 &  _X040;
  _X021  = EXP(!clkL &  reset);
  _X038  = EXP(!clkL &  _LC020 & !_LC022 &  _LC107 &  _LC108);
  _X039  = EXP(!btn3 & !clkL &  _LC020 &  _LC107 &  _LC108);
  _X040  = EXP(!btn4 & !clkL &  _LC020 &  _LC107 &  _LC108);

-- Node name is '|btn4lvedit:37|t_ff:4|d_latch:2|~2~1' 
-- Equation name is '_LC017', type is buried 
-- synthesized logic cell 
_LC017   = LCELL( _EQ030 $  VCC);
  _EQ030 =  clkL &  _LC032
         # !_LC017 & !_LC020;

-- Node name is '|btn4lvedit:37|t_ff:4|d_latch:2|~6~1' 
-- Equation name is '_LC020', type is buried 
-- synthesized logic cell 
_LC020   = LCELL( _EQ031 $  GND);
  _EQ031 =  clkL & !_LC032;

-- Node name is '|btn4lvedit:37|t_ff:4|d_latch:2|~6~2' 
-- Equation name is '_LC028', type is buried 
-- synthesized logic cell 
_LC028   = LCELL( _EQ032 $  GND);
  _EQ032 =  clkL & !_LC032
         #  btn1 &  btn2 &  btn3 &  btn4 & !clkL &  _LC017 &  _LC107
         #  btn1 &  btn2 &  btn3 &  btn4 & !clkL &  _LC020 &  _LC107
         #  btn1 &  btn2 &  btn3 &  btn4 & !clkL &  _LC017 & !_LC108
         #  btn1 &  btn2 &  btn3 &  btn4 & !clkL &  _LC017 & !_LC115;

-- Node name is '|clkdiv18:38|:56' = '|clkdiv18:38|clk_div' 
-- Equation name is '_LC099', type is buried 
_LC099   = TFFE( VCC,  _LC104,  VCC,  VCC,  VCC);

-- Node name is '|clkdiv18:38|:38' 
-- Equation name is '_LC026', type is buried 
_LC026   = TFFE( VCC, GLOBAL( GCLK),  VCC,  VCC,  VCC);

-- Node name is '|clkdiv18:38|:40' 
-- Equation name is '_LC120', type is buried 
_LC120   = TFFE( VCC,  _LC026,  VCC,  VCC,  VCC);

-- Node name is '|clkdiv18:38|:41' 
-- Equation name is '_LC100', type is buried 
_LC100   = TFFE( VCC,  _LC120,  VCC,  VCC,  VCC);

-- Node name is '|clkdiv18:38|:50' 
-- Equation name is '_LC110', type is buried 
_LC110   = TFFE( VCC,  _LC111,  VCC,  VCC,  VCC);

-- Node name is '|clkdiv18:38|:51' 
-- Equation name is '_LC111', type is buried 
_LC111   = TFFE( VCC,  _LC100,  VCC,  VCC,  VCC);

-- Node name is '|clkdiv18:38|:52' 
-- Equation name is '_LC097', type is buried 
_LC097   = TFFE( VCC,  _LC101,  VCC,  VCC,  VCC);

-- Node name is '|clkdiv18:38|:53' 
-- Equation name is '_LC101', type is buried 
_LC101   = TFFE( VCC,  _LC110,  VCC,  VCC,  VCC);

-- Node name is '|clkdiv18:38|:54' 
-- Equation name is '_LC098', type is buried 
_LC098   = TFFE( VCC,  _LC102,  VCC,  VCC,  VCC);

-- Node name is '|clkdiv18:38|:55' 
-- Equation name is '_LC102', type is buried 
_LC102   = TFFE( VCC,  _LC097,  VCC,  VCC,  VCC);

-- Node name is '|clkdiv18:38|:57' 
-- Equation name is '_LC104', type is buried 
_LC104   = TFFE( VCC,  _LC106,  VCC,  VCC,  VCC);

-- Node name is '|clkdiv18:38|:58' 
-- Equation name is '_LC106', type is buried 
_LC106   = TFFE( VCC,  _LC105,  VCC,  VCC,  VCC);

-- Node name is '|clkdiv18:38|:59' 
-- Equation name is '_LC105', type is buried 
_LC105   = TFFE( VCC,  _LC063,  VCC,  VCC,  VCC);

-- Node name is '|clkdiv18:38|:60' 
-- Equation name is '_LC063', type is buried 
_LC063   = TFFE( VCC,  _LC062,  VCC,  VCC,  VCC);

-- Node name is '|clkdiv18:38|:61' 
-- Equation name is '_LC062', type is buried 
_LC062   = TFFE( VCC,  _LC060,  VCC,  VCC,  VCC);

-- Node name is '|clkdiv18:38|:62' 
-- Equation name is '_LC060', type is buried 
_LC060   = TFFE( VCC,  _LC058,  VCC,  VCC,  VCC);

-- Node name is '|clkdiv18:38|:63' 
-- Equation name is '_LC058', type is buried 
_LC058   = TFFE( VCC,  _LC049,  VCC,  VCC,  VCC);

-- Node name is '|clkdiv18:38|:64' 
-- Equation name is '_LC049', type is buried 
_LC049   = TFFE( VCC,  _LC098,  VCC,  VCC,  VCC);

-- Node name is '|light4lvedit:30|bcd_a:32|~17~1' 
-- Equation name is '_LC030', type is buried 
-- synthesized logic cell 
_LC030   = LCELL( _EQ033 $  _LC081);
  _EQ033 = !_LC117 & !_LC118 & !_LC119
         # !_LC119 & !_LC121 & !_LC126;

-- Node name is '|light4lvedit:30|bcd_b:33|~18~1' 
-- Equation name is '_LC092', type is buried 
-- synthesized logic cell 
_LC092   = LCELL( _EQ034 $  _LC119);
  _EQ034 =  _LC081 &  _LC118 & !_LC119 & !_LC121 & !_LC126
         #  _LC081 &  _LC117 & !_LC119 & !_LC121 & !_LC126
         # !_LC081 & !_LC117 & !_LC118 & !_LC119
         # !_LC117 & !_LC118 &  _LC119;

-- Node name is '|light4lvedit:30|t_ff:1|d_latch:1|~3~1~2' 
-- Equation name is '_LC128', type is buried 
-- synthesized logic cell 
_LC128   = LCELL( _EQ035 $  GND);
  _EQ035 = !clkL & !_LC117 & !_LC118 &  _LC119 & !_LC121 & !_LC126 & !reset & 
              start &  _X041
         #  _LC081 &  _LC119 & !_LC121 & !_LC126 &  _LC127 & !reset &  _X041
         # !_LC081 & !_LC117 & !_LC118 &  _LC127 & !reset &  start
         # !_LC117 & !_LC118 &  _LC127 & !reset &  _X042;
  _X041  = EXP(!_LC117 & !_LC118);
  _X042  = EXP( _LC119 & !_LC121 & !_LC126);

-- Node name is '|light4lvedit:30|t_ff:1|d_latch:1|~3~1' 
-- Equation name is '_LC127', type is buried 
-- synthesized logic cell 
_LC127   = LCELL( _EQ036 $  GND);
  _EQ036 = !clkL &  _LC081 &  _LC119 & !_LC121 & !_LC126 & !reset &  _X041
         # !clkL & !_LC081 & !_LC117 & !_LC118 & !reset &  start
         # !clkL & !_LC117 & !_LC118 & !reset &  _X042
         #  clkL &  _LC127
         #  _LC128;
  _X041  = EXP(!_LC117 & !_LC118);
  _X042  = EXP( _LC119 & !_LC121 & !_LC126);

-- Node name is '|light4lvedit:30|t_ff:1|d_latch:2|~2~1' 
-- Equation name is '_LC117', type is buried 
-- synthesized logic cell 
_LC117   = LCELL( _EQ037 $  VCC);
  _EQ037 =  clkL &  _LC127
         # !_LC117 & !_LC118;

-- Node name is '|light4lvedit:30|t_ff:1|d_latch:2|~6~1' 
-- Equation name is '_LC118', type is buried 
-- synthesized logic cell 
_LC118   = LCELL( _EQ038 $  GND);
  _EQ038 =  clkL & !_LC127;

-- Node name is '|light4lvedit:30|t_ff:3|d_latch:1|~3~1~2' 
-- Equation name is '_LC089', type is buried 
-- synthesized logic cell 
_LC089   = LCELL( _EQ039 $  GND);
  _EQ039 = !clkL & !_LC117 & !_LC118 & !_LC121 & !_LC126 & !start &  _X043
         # !_LC082 & !_LC117 & !_LC118 &  _LC119 & !_LC121 & !_LC126 & !start
         # !clkL &  _LC081 & !_LC121 & !_LC126 &  _X043
         #  _LC081 & !_LC082 &  _LC119 & !_LC121 & !_LC126
         # !_LC082 & !_LC119 &  _X043;
  _X043  = EXP( _LC081 & !_LC121 & !_LC126);

-- Node name is '|light4lvedit:30|t_ff:3|d_latch:1|~3~1~3' 
-- Equation name is '_LC123', type is buried 
-- synthesized logic cell 
_LC123   = LCELL( _EQ040 $  GND);
  _EQ040 = !_LC082 &  reset
         #  clkL & !_LC082
         #  _LC089;

-- Node name is '|light4lvedit:30|t_ff:3|d_latch:1|~3~1' 
-- Equation name is '_LC082', type is buried 
-- synthesized logic cell 
_LC082   = LCELL( _EQ041 $  VCC);
  _EQ041 = !clkL & !_LC117 & !_LC118 &  _LC119 & !_LC121 & !_LC126 & !start
         # !clkL &  _LC081 &  _LC119 & !_LC121 & !_LC126
         # !clkL & !_LC119 &  _X043
         # !clkL &  reset
         #  _LC123;
  _X043  = EXP( _LC081 & !_LC121 & !_LC126);

-- Node name is '|light4lvedit:30|t_ff:3|d_latch:2|~3~1' 
-- Equation name is '_LC119', type is buried 
-- synthesized logic cell 
_LC119   = LCELL( _EQ042 $  GND);
  _EQ042 =  clkL &  _LC082
         # !clkL &  _LC119
         #  _LC082 &  _LC119;

-- Node name is '|light4lvedit:30|t_ff:4|d_latch:1|~3~1~2' 
-- Equation name is '_LC088', type is buried 
-- synthesized logic cell 
_LC088   = LCELL( _EQ043 $  GND);
  _EQ043 = !clkL & !_LC081 & !_LC117 & !_LC118 & !_LC121 & !_LC126 & !reset & 
              start &  _X041
         # !clkL & !_LC081 & !_LC117 & !_LC118 & !_LC119 & !_LC121 & !_LC126 & 
             !reset &  _X041
         # !clkL & !_LC117 & !_LC118 & !_LC119 & !_LC121 & !_LC126 & !reset & 
              start &  _X044
         # !_LC081 &  _LC084 & !_LC117 & !_LC118 & !_LC119 & !_LC121 & 
             !_LC126 & !reset &  start
         # !clkL &  _LC119 & !_LC121 & !_LC126 & !reset &  start &  _X041 & 
              _X044;
  _X041  = EXP(!_LC117 & !_LC118);
  _X044  = EXP(!_LC121 & !_LC126);

-- Node name is '|light4lvedit:30|t_ff:4|d_latch:1|~3~1~3' 
-- Equation name is '_LC090', type is buried 
-- synthesized logic cell 
_LC090   = LCELL( _EQ044 $  GND);
  _EQ044 = !_LC081 &  _LC084 &  _LC119 & !_LC121 & !_LC126 & !reset &  start & 
              _X041
         # !clkL & !_LC119 & !_LC121 & !_LC126 & !reset & !start &  _X041 & 
              _X044
         # !_LC081 &  _LC084 & !_LC119 & !_LC121 & !_LC126 & !reset & !start & 
              _X041
         #  _LC081 &  _LC084 & !reset &  _X044
         #  clkL &  _LC084;
  _X041  = EXP(!_LC117 & !_LC118);
  _X044  = EXP(!_LC121 & !_LC126);

-- Node name is '|light4lvedit:30|t_ff:4|d_latch:1|~3~1~4' 
-- Equation name is '_LC052', type is buried 
-- synthesized logic cell 
_LC052   = LCELL( _EQ045 $  GND);
  _EQ045 =  _LC088
         #  _LC090;

-- Node name is '|light4lvedit:30|t_ff:4|d_latch:1|~3~1' 
-- Equation name is '_LC084', type is buried 
-- synthesized logic cell 
_LC084   = LCELL( _EQ046 $  GND);
  _EQ046 = !clkL & !_LC081 & !_LC117 & !_LC118 & !_LC119 & !_LC121 & !_LC126 & 
             !reset &  start
         # !clkL & !_LC081 &  _LC119 & !_LC121 & !_LC126 & !reset &  start & 
              _X041
         # !clkL & !_LC081 & !_LC119 & !_LC121 & !_LC126 & !reset & !start & 
              _X041
         # !clkL &  _LC081 & !reset &  _X044
         #  _LC052;
  _X041  = EXP(!_LC117 & !_LC118);
  _X044  = EXP(!_LC121 & !_LC126);

-- Node name is '|light4lvedit:30|t_ff:4|d_latch:2|~3~1' 
-- Equation name is '_LC081', type is buried 
-- synthesized logic cell 
_LC081   = LCELL( _EQ047 $  GND);
  _EQ047 =  clkL &  _LC084
         # !clkL &  _LC081
         #  _LC081 &  _LC084;

-- Node name is '|light4lvedit:30|t_ff:5|d_latch:1|~3~1' 
-- Equation name is '_LC083', type is buried 
-- synthesized logic cell 
_LC083   = LCELL( _EQ048 $  _EQ049);
  _EQ048 = !clkL & !_LC117 & !_LC118 &  _LC119 & !_LC121 & !_LC126 & !start & 
              _X021 &  _X045 &  _X046 &  _X047 &  _X048
         # !clkL & !_LC081 & !_LC117 & !_LC118 & !_LC119 &  start &  _X021 & 
              _X045 &  _X046 &  _X047 &  _X048
         # !clkL & !_LC081 &  _LC117 &  _LC119 &  start &  _X021 &  _X045 & 
              _X046 &  _X047 &  _X048
         # !clkL & !_LC081 &  _LC118 &  _LC119 &  start &  _X021 &  _X045 & 
              _X046 &  _X047 &  _X048;
  _X021  = EXP(!clkL &  reset);
  _X045  = EXP( clkL & !_LC083);
  _X046  = EXP(!clkL &  _LC081 & !_LC121 & !_LC126);
  _X047  = EXP(!clkL &  _LC117 & !_LC119 & !start);
  _X048  = EXP(!clkL &  _LC118 & !_LC119 & !start);
  _EQ049 =  _X021 &  _X045 &  _X046 &  _X047 &  _X048;
  _X021  = EXP(!clkL &  reset);
  _X045  = EXP( clkL & !_LC083);
  _X046  = EXP(!clkL &  _LC081 & !_LC121 & !_LC126);
  _X047  = EXP(!clkL &  _LC117 & !_LC119 & !start);
  _X048  = EXP(!clkL &  _LC118 & !_LC119 & !start);

-- Node name is '|light4lvedit:30|t_ff:5|d_latch:2|~2~1' 
-- Equation name is '_LC126', type is buried 
-- synthesized logic cell 
_LC126   = LCELL( _EQ050 $  VCC);
  _EQ050 =  clkL &  _LC083
         # !_LC121 & !_LC126;

-- Node name is '|light4lvedit:30|t_ff:5|d_latch:2|~6~1' 
-- Equation name is '_LC121', type is buried 
-- synthesized logic cell 
_LC121   = LCELL( _EQ051 $  GND);
  _EQ051 =  clkL & !_LC083;

-- Node name is '|light4lvedit:30|7447:30|~24~1' 
-- Equation name is '_LC031', type is buried 
-- synthesized logic cell 
_LC031   = LCELL( _EQ052 $  GND);
  _EQ052 =  _LC081 & !_LC117 & !_LC118
         # !_LC117 & !_LC118 &  _LC119;

-- Node name is '|light4lvedit:30|7447:30|~38~1' 
-- Equation name is '_LC050', type is buried 
-- synthesized logic cell 
_LC050   = LCELL( _EQ053 $ !_LC092);
  _EQ053 = !_LC092 & !_LC117 & !_LC118 &  _LC119
         #  _LC081 & !_LC092 & !_LC117 & !_LC118;



--     Shareable expanders that are duplicated in multiple LABs:
--    _X003 occurs in LABs B, D
--    _X005 occurs in LABs B, D
--    _X011 occurs in LABs B, D
--    _X021 occurs in LABs B, F, G, H
--    _X022 occurs in LABs G, H
--    _X041 occurs in LABs F, H




Project Informationc:\users\hp bang\onedrive\desktop\logic\logic\seq2b8lv_gdf\seq2b8lv\seq2bit4lv.rpt

** COMPILATION SETTINGS & TIMES **

Processing Menu Commands
------------------------

Design Doctor                             = off

Logic Synthesis:

   Synthesis Type Used                    = Standard

   Default Synthesis Style                = NORMAL

      Logic option settings in 'NORMAL' style for 'MAX7000S' family

      DECOMPOSE_GATES                     = on
      DUPLICATE_LOGIC_EXTRACTION          = on
      MINIMIZATION                        = full
      MULTI_LEVEL_FACTORING               = on
      NOT_GATE_PUSH_BACK                  = on
      PARALLEL_EXPANDERS                  = off
      REDUCE_LOGIC                        = on
      REFACTORIZATION                     = on
      REGISTER_OPTIMIZATION               = on
      RESYNTHESIZE_NETWORK                = on
      SLOW_SLEW_RATE                      = off
      SOFT_BUFFER_INSERTION               = on
      SUBFACTOR_EXTRACTION                = on
      TURBO_BIT                           = on
      XOR_SYNTHESIS                       = on
      IGNORE_SOFT_BUFFERS                 = off
      USE_LPM_FOR_AHDL_OPERATORS          = off

   Other logic synthesis settings:

      Automatic Global Clock              = on
      Automatic Global Clear              = on
      Automatic Global Preset             = on
      Automatic Global Output Enable      = on
      Automatic Fast I/O                  = off
      Automatic Register Packing          = off
      Automatic Open-Drain Pins           = on
      Automatic Implement in EAB          = off
      One-Hot State Machine Encoding      = off
      Optimize                            = 5

Default Timing Specifications: None

Cut All Bidir Feedback Timing Paths       = on
Cut All Clear & Preset Timing Paths       = on

Ignore Timing Assignments                 = off

Functional SNF Extractor                  = off

Linked SNF Extractor                      = off
Timing SNF Extractor                      = on
Optimize Timing SNF                       = off
Generate AHDL TDO File                    = off
Fitter Settings                           = NORMAL
Smart Recompile                           = off
Total Recompile                           = off

Interfaces Menu Commands
------------------------

EDIF Netlist Writer                       = off
Verilog Netlist Writer                    = off
VHDL Netlist Writer                       = off

Compilation Times
-----------------

   Compiler Netlist Extractor             00:00:00
   Database Builder                       00:00:00
   Logic Synthesizer                      00:00:00
   Partitioner                            00:00:00
   Fitter                                 00:00:00
   Timing SNF Extractor                   00:00:00
   Assembler                              00:00:01
   --------------------------             --------
   Total Time                             00:00:01


Memory Allocated
-----------------

Peak memory allocated during compilation  = 3,915K
