Project Informationc:\users\hp bang\onedrive\desktop\logic\logic\seq2b8lv_gdf\seq2b8lv\seq2bit4lvreal2.rpt

MAX+plus II Compiler Report File
Version 10.2 07/10/2002
Compiled: 10/20/2022 21:16:35

Copyright (C) 1988-2002 Altera Corporation
Any megafunction design, and related net list (encrypted or decrypted),
support information, device programming or simulation file, and any other
associated documentation or information provided by Altera or a partner
under Altera's Megafunction Partnership Program may be used only to
program PLD devices (but not masked PLD devices) from Altera.  Any other
use of such megafunction design, net list, support information, device
programming or simulation file, or any other related documentation or
information is prohibited for any other purpose, including, but not
limited to modification, reverse engineering, de-compiling, or use with
any other silicon devices, unless such use is explicitly licensed under
a separate agreement with Altera or a megafunction partner.  Title to
the intellectual property, including patents, copyrights, trademarks,
trade secrets, or maskworks, embodied in any such megafunction design,
net list, support information, device programming or simulation file, or
any other related documentation or information provided by Altera or a
megafunction partner, remains with Altera, the megafunction partner, or
their respective licensors.  No other licenses, including any licenses
needed under any third party's intellectual property, are provided herein.



***** Project compilation was successful




** DEVICE SUMMARY **

Chip/                     Input   Output   Bidir         Shareable
POF       Device          Pins    Pins     Pins     LCs  Expanders  % Utilized

seq2bit4lvreal2
      EPM7128SLC84-6       7        14       0      69      56          53 %

User Pins:                 7        14       0  



Project Informationc:\users\hp bang\onedrive\desktop\logic\logic\seq2b8lv_gdf\seq2b8lv\seq2bit4lvreal2.rpt

** AUTO GLOBAL SIGNALS **



INFO: Signal 'GCLK' chosen for auto global Clock


Project Informationc:\users\hp bang\onedrive\desktop\logic\logic\seq2b8lv_gdf\seq2b8lv\seq2bit4lvreal2.rpt

** PIN/LOCATION/CHIP ASSIGNMENTS **

                  Actual                  
    User       Assignments                
Assignments   (if different)     Node Name

seq2bit4lvreal2@64                 a
seq2bit4lvreal2@65                 b
seq2bit4lvreal2@52                 btn1
seq2bit4lvreal2@51                 btn2
seq2bit4lvreal2@50                 btn3
seq2bit4lvreal2@49                 btn4
seq2bit4lvreal2@67                 c
seq2bit4lvreal2@11                 clkL
seq2bit4lvreal2@68                 d
seq2bit4lvreal2@69                 e
seq2bit4lvreal2@70                 f
seq2bit4lvreal2@73                 g
seq2bit4lvreal2@83                 GCLK
seq2bit4lvreal2@21                 L1
seq2bit4lvreal2@20                 L2
seq2bit4lvreal2@18                 L3
seq2bit4lvreal2@17                 L4
seq2bit4lvreal2@15                 ReL
seq2bit4lvreal2@63                 reset
seq2bit4lvreal2@54                 start
seq2bit4lvreal2@16                 T


Project Informationc:\users\hp bang\onedrive\desktop\logic\logic\seq2b8lv_gdf\seq2b8lv\seq2bit4lvreal2.rpt

** FILE HIERARCHY **



|btn4lvedit:37|
|btn4lvedit:37|t_ff:4|
|btn4lvedit:37|t_ff:4|d_latch:1|
|btn4lvedit:37|t_ff:4|d_latch:2|
|btn4lvedit:37|t_ff:3|
|btn4lvedit:37|t_ff:3|d_latch:1|
|btn4lvedit:37|t_ff:3|d_latch:2|
|btn4lvedit:37|t_ff:2|
|btn4lvedit:37|t_ff:2|d_latch:1|
|btn4lvedit:37|t_ff:2|d_latch:2|
|btn4lvedit:37|t_ff:1|
|btn4lvedit:37|t_ff:1|d_latch:1|
|btn4lvedit:37|t_ff:1|d_latch:2|
|btn4lvedit:37|dc4:5|
|btn4lvedit:37|ta2:7|
|btn4lvedit:37|tb2:8|
|btn4lvedit:37|tc2:9|
|btn4lvedit:37|td2:10|
|btn4lvedit:37|ec3:11|
|clkdiv18:38|
|light4lveditreal:44|
|light4lveditreal:44|t_ff:1|
|light4lveditreal:44|t_ff:1|d_latch:1|
|light4lveditreal:44|t_ff:1|d_latch:2|
|light4lveditreal:44|t_ff:4|
|light4lveditreal:44|t_ff:4|d_latch:1|
|light4lveditreal:44|t_ff:4|d_latch:2|
|light4lveditreal:44|t_ff:5|
|light4lveditreal:44|t_ff:5|d_latch:1|
|light4lveditreal:44|t_ff:5|d_latch:2|
|light4lveditreal:44|t_ff:3|
|light4lveditreal:44|t_ff:3|d_latch:1|
|light4lveditreal:44|t_ff:3|d_latch:2|
|light4lveditreal:44|ta:6|
|light4lveditreal:44|tb:7|
|light4lveditreal:44|tc:8|
|light4lveditreal:44|td:11|
|light4lveditreal:44|l1:13|
|light4lveditreal:44|l2:19|
|light4lveditreal:44|l3:20|
|light4lveditreal:44|l4:21|
|light4lveditreal:44|bcd_a:32|
|light4lveditreal:44|bcd_b:33|
|light4lveditreal:44|bcd_c:34|
|light4lveditreal:44|7448:42|


Device-Specific Information:c:\users\hp bang\onedrive\desktop\logic\logic\seq2b8lv_gdf\seq2b8lv\seq2bit4lvreal2.rpt
seq2bit4lvreal2

***** Logic for device 'seq2bit4lvreal2' compiled without errors.




Device: EPM7128SLC84-6

Device Options:
    Turbo Bit                                    = ON
    Security Bit                                 = OFF
    Enable JTAG Support                        = ON
    User Code                                  = ffff
    MultiVolt I/O                              = OFF

                 R  R  R     R  R  R                    R  R  R     R  R  R  
                 E  E  E     E  E  E                    E  E  E     E  E  E  
                 S  S  S     S  S  S  V                 S  S  S     S  S  S  
                 E  E  E     E  E  E  C                 E  E  E  V  E  E  E  
              c  R  R  R     R  R  R  C           G     R  R  R  C  R  R  R  
              l  V  V  V  G  V  V  V  I  G  G  G  C  G  V  V  V  C  V  V  V  
              k  E  E  E  N  E  E  E  N  N  N  N  L  N  E  E  E  I  E  E  E  
              L  D  D  D  D  D  D  D  T  D  D  D  K  D  D  D  D  O  D  D  D  
            -----------------------------------------------------------------_ 
          /  11 10  9  8  7  6  5  4  3  2  1 84 83 82 81 80 79 78 77 76 75   | 
RESERVED | 12                                                              74 | RESERVED 
   VCCIO | 13                                                              73 | g 
    #TDI | 14                                                              72 | GND 
     ReL | 15                                                              71 | #TDO 
       T | 16                                                              70 | f 
      L4 | 17                                                              69 | e 
      L3 | 18                                                              68 | d 
     GND | 19                                                              67 | c 
      L2 | 20                                                              66 | VCCIO 
      L1 | 21                                                              65 | b 
RESERVED | 22                        EPM7128SLC84-6                        64 | a 
    #TMS | 23                                                              63 | reset 
RESERVED | 24                                                              62 | #TCK 
RESERVED | 25                                                              61 | RESERVED 
   VCCIO | 26                                                              60 | RESERVED 
RESERVED | 27                                                              59 | GND 
RESERVED | 28                                                              58 | RESERVED 
RESERVED | 29                                                              57 | RESERVED 
RESERVED | 30                                                              56 | RESERVED 
RESERVED | 31                                                              55 | RESERVED 
     GND | 32                                                              54 | start 
         |_  33 34 35 36 37 38 39 40 41 42 43 44 45 46 47 48 49 50 51 52 53  _| 
           ------------------------------------------------------------------ 
              R  R  R  R  R  V  R  R  R  G  V  R  R  R  G  R  b  b  b  b  V  
              E  E  E  E  E  C  E  E  E  N  C  E  E  E  N  E  t  t  t  t  C  
              S  S  S  S  S  C  S  S  S  D  C  S  S  S  D  S  n  n  n  n  C  
              E  E  E  E  E  I  E  E  E     I  E  E  E     E  4  3  2  1  I  
              R  R  R  R  R  O  R  R  R     N  R  R  R     R              O  
              V  V  V  V  V     V  V  V     T  V  V  V     V                 
              E  E  E  E  E     E  E  E        E  E  E     E                 
              D  D  D  D  D     D  D  D        D  D  D     D                 


N.C. = No Connect. This pin has no internal connection to the device.
VCCINT = Dedicated power pin, which MUST be connected to VCC (5.0 volts).
VCCIO = Dedicated power pin, which MUST be connected to VCC (5.0 volts).
GND = Dedicated ground pin or unused dedicated input, which MUST be connected to GND.
RESERVED = Unused I/O pin, which MUST be left unconnected.

^ = Dedicated configuration pin.
+ = Reserved configuration pin, which is tri-stated during user mode.
* = Reserved configuration pin, which drives out in user mode.
PDn = Power Down pin. 
@ = Special-purpose pin. 
# = JTAG Boundary-Scan Testing/In-System Programming or Configuration Pin. The JTAG inputs TMS and TDI should be tied to VCC and TCK should be tied to GND when not in use.
& = JTAG pin used for I/O. When used as user I/O, JTAG pins must be kept stable before and during configuration.  JTAG pin stability prevents accidental loading of JTAG instructions.


Device-Specific Information:c:\users\hp bang\onedrive\desktop\logic\logic\seq2b8lv_gdf\seq2b8lv\seq2bit4lvreal2.rpt
seq2bit4lvreal2

** RESOURCE USAGE **

                                                Shareable     External
Logic Array Block     Logic Cells   I/O Pins    Expanders   Interconnect

A:     LC1 - LC16     1/16(  6%)   1/ 8( 12%)   0/16(  0%)   1/36(  2%) 
B:    LC17 - LC32    16/16(100%)   7/ 8( 87%)  16/16(100%)  24/36( 66%) 
C:    LC33 - LC48     0/16(  0%)   1/ 8( 12%)   0/16(  0%)   0/36(  0%) 
D:    LC49 - LC64     0/16(  0%)   0/ 8(  0%)   0/16(  0%)   0/36(  0%) 
E:    LC65 - LC80    16/16(100%)   4/ 8( 50%)  14/16( 87%)  27/36( 75%) 
F:    LC81 - LC96     8/16( 50%)   2/ 8( 25%)  14/16( 87%)  15/36( 41%) 
G:   LC97 - LC112    15/16( 93%)   8/ 8(100%)  16/16(100%)  18/36( 50%) 
H:  LC113 - LC128    13/16( 81%)   1/ 8( 12%)  16/16(100%)  27/36( 75%) 


Total dedicated input pins used:                 1/4      ( 25%)
Total I/O pins used:                            24/64     ( 37%)
Total logic cells used:                         69/128    ( 53%)
Total shareable expanders used:                 56/128    ( 43%)
Total Turbo logic cells used:                   69/128    ( 53%)
Total shareable expanders not available (n/a):  20/128    ( 15%)
Average fan-in:                                  5.75
Total fan-in:                                   397

Total input pins required:                       7
Total fast input logic cells required:           0
Total output pins required:                     14
Total bidirectional pins required:               0
Total reserved pins required                     4
Total logic cells required:                     69
Total flipflops required:                       19
Total product terms required:                  266
Total logic cells lending parallel expanders:    0
Total shareable expanders in database:          48

Synthesized logic cells:                        37/ 128   ( 28%)



Device-Specific Information:c:\users\hp bang\onedrive\desktop\logic\logic\seq2b8lv_gdf\seq2b8lv\seq2bit4lvreal2.rpt
seq2bit4lvreal2

** INPUTS **

                                         Shareable
                                         Expanders     Fan-In    Fan-Out
 Pin     LC  LAB  Primitive    Code   Total Shared n/a INP  FBK  OUT  FBK  Name
  52   (80)  (E)      INPUT               0      0   0    0    0    0    8  btn1
  51   (77)  (E)      INPUT               0      0   0    0    0    1   10  btn2
  50   (75)  (E)      INPUT               0      0   0    0    0    1   10  btn3
  49   (73)  (E)      INPUT               0      0   0    0    0    1   10  btn4
  83      -   -       INPUT  G            0      0   0    0    0    0    0  GCLK
  63   (97)  (G)      INPUT               0      0   0    0    0    1   12  reset
  54   (83)  (F)      INPUT               0      0   0    0    0    0    8  start


Code:

s = Synthesized pin or logic cell
t = Turbo logic cell
+ = Synchronous flipflop
/ = Slow slew-rate output
! = NOT gate push-back
r = Fitter-inserted logic cell
G = Global Source. Fan-out destinations counted here do not include destinations
that are driven using global routing resources. Refer to the Auto Global Signals,
Clock Signals, Clear Signals, Synchronous Load Signals, and Synchronous Clear Signals
Sections of this Report File for information on which signals' fan-outs are used as
Clock, Clear, Preset, Output Enable, and synchronous Load signals.


Device-Specific Information:c:\users\hp bang\onedrive\desktop\logic\logic\seq2b8lv_gdf\seq2b8lv\seq2bit4lvreal2.rpt
seq2bit4lvreal2

** OUTPUTS **

                                         Shareable
                                         Expanders     Fan-In    Fan-Out
 Pin     LC  LAB  Primitive    Code   Total Shared n/a INP  FBK  OUT  FBK  Name
  64     99    G     OUTPUT      t        0      0   0    0    7    0    0  a
  65    101    G     OUTPUT      t        0      0   0    0    6    0    0  b
  67    104    G     OUTPUT      t        2      1   0    0    7    0    0  c
  11      5    A         FF      t        0      0   0    0    1    0   30  clkL
  68    105    G     OUTPUT      t        2      1   1    0    7    0    0  d
  69    107    G     OUTPUT      t        0      0   0    0    3    0    0  e
  70    109    G     OUTPUT      t        1      0   1    0    6    0    0  f
  73    115    H     OUTPUT      t        0      0   0    0    7    0    0  g
  21     19    B     OUTPUT      t        0      0   0    0    1    0    0  L1
  20     21    B     OUTPUT      t        0      0   0    1    9    0    0  L2
  18     24    B     OUTPUT      t       10      3   0    1   11    0    0  L3
  17     25    B     OUTPUT      t        0      0   0    1   10    0    0  L4
  15     29    B     OUTPUT      t        0      0   0    1    0    0    0  ReL
  16     27    B     OUTPUT      t        0      0   0    0    6    0    0  T


Code:

s = Synthesized pin or logic cell
t = Turbo logic cell
+ = Synchronous flipflop
/ = Slow slew-rate output
! = NOT gate push-back
r = Fitter-inserted logic cell


Device-Specific Information:c:\users\hp bang\onedrive\desktop\logic\logic\seq2b8lv_gdf\seq2b8lv\seq2bit4lvreal2.rpt
seq2bit4lvreal2

** BURIED LOGIC **

                                         Shareable
                                         Expanders     Fan-In    Fan-Out
 Pin     LC  LAB  Primitive    Code   Total Shared n/a INP  FBK  OUT  FBK  Name
 (22)    17    B      LCELL    s t        0      0   0    0    5    1    8  |btn4lvedit:37|dc4:5|~23~1
 (44)    65    E      LCELL    s t        8      3   1    4    9    0    2  |btn4lvedit:37|t_ff:1|d_latch:1|~3~1
   -     81    F       SOFT    s t        1      0   1    4    7    0    1  |btn4lvedit:37|t_ff:1|d_latch:1|q~2 (|btn4lvedit:37|t_ff:1|d_latch:1|~3~2)
 (49)    73    E      LCELL    s t        0      0   0    0    3    4   13  |btn4lvedit:37|t_ff:1|d_latch:2|~3~1
   -     66    E      LCELL    s t        9      3   1    4    9    0    2  |btn4lvedit:37|t_ff:2|d_latch:1|~3~1
   -     82    F       SOFT    s t        1      0   1    4    7    0    1  |btn4lvedit:37|t_ff:2|d_latch:1|q~2 (|btn4lvedit:37|t_ff:2|d_latch:1|~3~2)
   -     78    E      LCELL    s t        0      0   0    0    3    2   13  |btn4lvedit:37|t_ff:2|d_latch:2|~3~1
 (54)    83    F      LCELL    s t        8      2   1    5    9    0    2  |btn4lvedit:37|t_ff:3|d_latch:1|~3~1
 (56)    86    F       SOFT    s t        1      0   1    4    7    0    1  |btn4lvedit:37|t_ff:3|d_latch:1|q~2 (|btn4lvedit:37|t_ff:3|d_latch:1|~3~2)
   -     87    F      LCELL    s t        0      0   0    0    3    4   12  |btn4lvedit:37|t_ff:3|d_latch:2|~3~1
   -     31    B      LCELL    s t        5      1   1    5   10    0    3  |btn4lvedit:37|t_ff:4|d_latch:1|~3~1
   -     92    F       SOFT    s t        1      0   1    4    6    0    1  |btn4lvedit:37|t_ff:4|d_latch:1|q~2 (|btn4lvedit:37|t_ff:4|d_latch:1|~3~2)
   -     90    F       SOFT    s t        1      0   1    3    6    0    1  |btn4lvedit:37|t_ff:4|d_latch:1|q~3 (|btn4lvedit:37|t_ff:4|d_latch:1|~3~3)
   -     26    B      LCELL    s t        0      0   0    0    4    4   13  |btn4lvedit:37|t_ff:4|d_latch:2|~2~1
   -     28    B      LCELL    s t        0      0   0    0    2    4   13  |btn4lvedit:37|t_ff:4|d_latch:2|~6~1
   -     89    F       SOFT    s t        1      0   1    4    7    0    1  |btn4lvedit:37|t_ff:4|d_latch:2|~6~2
   -     18    B       TFFE   +  t        0      0   0    0    0    0    1  |clkdiv18:38|:38
   -     74    E       TFFE      t        0      0   0    0    1    0    1  |clkdiv18:38|:40
   -     76    E       TFFE      t        0      0   0    0    1    0    1  |clkdiv18:38|:41
 (51)    77    E       TFFE      t        0      0   0    0    1    0    1  |clkdiv18:38|:50
 (52)    80    E       TFFE      t        0      0   0    0    1    0    1  |clkdiv18:38|:51
 (46)    69    E       TFFE      t        0      0   0    0    1    0    1  |clkdiv18:38|:52
   -     70    E       TFFE      t        0      0   0    0    1    0    1  |clkdiv18:38|:53
 (45)    67    E       TFFE      t        0      0   0    0    1    0    1  |clkdiv18:38|:54
   -     71    E       TFFE      t        0      0   0    0    1    0    1  |clkdiv18:38|:55
   -     68    E       TFFE      t        0      0   0    0    1    1    0  |clkdiv18:38|clk_div (|clkdiv18:38|:56)
 (48)    72    E       TFFE      t        0      0   0    0    1    0    1  |clkdiv18:38|:57
   -     79    E       TFFE      t        0      0   0    0    1    0    1  |clkdiv18:38|:58
 (50)    75    E       TFFE      t        0      0   0    0    1    0    1  |clkdiv18:38|:59
   -    127    H       TFFE      t        0      0   0    0    1    0    1  |clkdiv18:38|:60
 (80)   126    H       TFFE      t        0      0   0    0    1    0    1  |clkdiv18:38|:61
 (79)   125    H       TFFE      t        0      0   0    0    1    0    1  |clkdiv18:38|:62
   -    122    H       TFFE      t        0      0   0    0    1    0    1  |clkdiv18:38|:63
   -    114    H       TFFE      t        0      0   0    0    1    0    1  |clkdiv18:38|:64
   -     30    B       SOFT    s t        0      0   0    0    6    7    0  |light4lveditreal:44|bcd_a:32|~17~1
   -     23    B       SOFT    s t        1      0   1    0    6    7    1  |light4lveditreal:44|bcd_b:33|~18~1
 (71)   112    G      LCELL    s t        2      2   0    2    8    0    1  |light4lveditreal:44|t_ff:1|d_latch:1|~3~1~2
   -    111    G      LCELL    s t        3      2   1    2    9    0    4  |light4lveditreal:44|t_ff:1|d_latch:1|~3~1
   -    102    G      LCELL    s t        0      0   0    0    4    9   14  |light4lveditreal:44|t_ff:1|d_latch:2|~2~1
   -    100    G      LCELL    s t        0      0   0    0    2    9   14  |light4lveditreal:44|t_ff:1|d_latch:2|~6~1
   -    110    G      LCELL    s t        2      1   1    1    8    0    1  |light4lveditreal:44|t_ff:3|d_latch:1|~3~1~2
   -    108    G      LCELL    s t        0      0   0    1    3    0    1  |light4lveditreal:44|t_ff:3|d_latch:1|~3~1~3
   -    106    G      LCELL    s t        2      1   1    2    8    0    3  |light4lveditreal:44|t_ff:3|d_latch:1|~3~1
   -     98    G      LCELL    s t        0      0   0    0    3    8   14  |light4lveditreal:44|t_ff:3|d_latch:2|~3~1
 (76)   120    H      LCELL    s t        3      2   1    2    8    0    1  |light4lveditreal:44|t_ff:4|d_latch:1|~3~1~2
 (75)   118    H      LCELL    s t        3      2   1    2    8    0    1  |light4lveditreal:44|t_ff:4|d_latch:1|~3~1~3
 (74)   117    H      LCELL    s t        0      0   0    0    2    0    1  |light4lveditreal:44|t_ff:4|d_latch:1|~3~1~4
   -    121    H      LCELL    s t        3      2   1    2    8    0    3  |light4lveditreal:44|t_ff:4|d_latch:1|~3~1
   -    124    H      LCELL    s t        0      0   0    0    3    9   14  |light4lveditreal:44|t_ff:4|d_latch:2|~3~1
   -    103    G      LCELL    s t        6      1   1    2    8    0    3  |light4lveditreal:44|t_ff:5|d_latch:1|~3~1
   -     20    B      LCELL    s t        0      0   0    0    4    3   12  |light4lveditreal:44|t_ff:5|d_latch:2|~2~1
 (14)    32    B      LCELL    s t        0      0   0    0    2    3   12  |light4lveditreal:44|t_ff:5|d_latch:2|~6~1
   -     22    B       SOFT    s t        0      0   0    0    4    4    0  |light4lveditreal:44|7448:42|~24~1
   -    116    H       SOFT    s t        0      0   0    0    5    1    0  |light4lveditreal:44|7448:42|~38~1
   -    113    H     OUTPUT    s t  r    11      3   0    1   11    1    0  L1~fit~in1


Code:

s = Synthesized pin or logic cell
t = Turbo logic cell
+ = Synchronous flipflop
/ = Slow slew-rate output
! = NOT gate push-back
r = Fitter-inserted logic cell


Device-Specific Information:c:\users\hp bang\onedrive\desktop\logic\logic\seq2b8lv_gdf\seq2b8lv\seq2bit4lvreal2.rpt
seq2bit4lvreal2

** LOGIC CELL INTERCONNECTIONS **

Logic Array Block 'A':

           Logic cells placed in LAB 'A'
        +- LC5 clkL
        | 
        |   Other LABs fed by signals
        |   that feed LAB 'A'
LC      | | A B C D E F G H |     Logic cells that feed LAB 'A':

Pin
83   -> - | - - - - - - - - | <-- GCLK
LC68 -> * | * - - - - - - - | <-- |clkdiv18:38|clk_div


* = The logic cell or pin is an input to the logic cell (or LAB) through the PIA.
- = The logic cell or pin is not an input to the logic cell (or LAB).


Device-Specific Information:c:\users\hp bang\onedrive\desktop\logic\logic\seq2b8lv_gdf\seq2b8lv\seq2bit4lvreal2.rpt
seq2bit4lvreal2

** LOGIC CELL INTERCONNECTIONS **

Logic Array Block 'B':

                                         Logic cells placed in LAB 'B'
        +------------------------------- LC17 |btn4lvedit:37|dc4:5|~23~1
        | +----------------------------- LC31 |btn4lvedit:37|t_ff:4|d_latch:1|~3~1
        | | +--------------------------- LC26 |btn4lvedit:37|t_ff:4|d_latch:2|~2~1
        | | | +------------------------- LC28 |btn4lvedit:37|t_ff:4|d_latch:2|~6~1
        | | | | +----------------------- LC18 |clkdiv18:38|:38
        | | | | | +--------------------- LC30 |light4lveditreal:44|bcd_a:32|~17~1
        | | | | | | +------------------- LC23 |light4lveditreal:44|bcd_b:33|~18~1
        | | | | | | | +----------------- LC20 |light4lveditreal:44|t_ff:5|d_latch:2|~2~1
        | | | | | | | | +--------------- LC32 |light4lveditreal:44|t_ff:5|d_latch:2|~6~1
        | | | | | | | | | +------------- LC22 |light4lveditreal:44|7448:42|~24~1
        | | | | | | | | | | +----------- LC19 L1
        | | | | | | | | | | | +--------- LC21 L2
        | | | | | | | | | | | | +------- LC24 L3
        | | | | | | | | | | | | | +----- LC25 L4
        | | | | | | | | | | | | | | +--- LC29 ReL
        | | | | | | | | | | | | | | | +- LC27 T
        | | | | | | | | | | | | | | | | 
        | | | | | | | | | | | | | | | |   Other LABs fed by signals
        | | | | | | | | | | | | | | | |   that feed LAB 'B'
LC      | | | | | | | | | | | | | | | | | A B C D E F G H |     Logic cells that feed LAB 'B':
LC17 -> - * - - - - - - - - - - - - - * | - * - - * * - - | <-- |btn4lvedit:37|dc4:5|~23~1
LC31 -> - - * * - - - - - - - - - - - - | - * - - - * - - | <-- |btn4lvedit:37|t_ff:4|d_latch:1|~3~1
LC26 -> * * * - - - - - - - - * * * - * | - * - - * * - * | <-- |btn4lvedit:37|t_ff:4|d_latch:2|~2~1
LC28 -> * * * - - - - - - - - * * * - * | - * - - * * - * | <-- |btn4lvedit:37|t_ff:4|d_latch:2|~6~1
LC20 -> - - - - - * * * - - - * * * - - | - * - - - - * * | <-- |light4lveditreal:44|t_ff:5|d_latch:2|~2~1
LC32 -> - - - - - * * * - - - * * * - - | - * - - - - * * | <-- |light4lveditreal:44|t_ff:5|d_latch:2|~6~1

Pin
52   -> - * - - - - - - - - - - - - - - | - * - - - * - * | <-- btn1
51   -> - * - - - - - - - - - * - - - - | - * - - * * - - | <-- btn2
50   -> - * - - - - - - - - - - * - - - | - * - - * * - - | <-- btn3
49   -> - * - - - - - - - - - - - * - - | - * - - * * - - | <-- btn4
83   -> - - - - - - - - - - - - - - - - | - - - - - - - - | <-- GCLK
63   -> - * - - - - - - - - - - - - * - | - * - - * * * * | <-- reset
LC73 -> * * - - - - - - - - - * * * - * | - * - - * * - * | <-- |btn4lvedit:37|t_ff:1|d_latch:2|~3~1
LC78 -> * * - - - - - - - - - - * - - * | - * - - * * - * | <-- |btn4lvedit:37|t_ff:2|d_latch:2|~3~1
LC87 -> * * - - - - - - - - - * * * - * | - * - - * * - * | <-- |btn4lvedit:37|t_ff:3|d_latch:2|~3~1
LC92 -> - * - - - - - - - - - - - - - - | - * - - - - - - | <-- |btn4lvedit:37|t_ff:4|d_latch:1|q~2
LC90 -> - * - - - - - - - - - - - - - - | - * - - - - - - | <-- |btn4lvedit:37|t_ff:4|d_latch:1|q~3
LC89 -> - * - - - - - - - - - - - - - - | - * - - - - - - | <-- |btn4lvedit:37|t_ff:4|d_latch:2|~6~2
LC5  -> - * * * - - - * * - - - - - - - | - * - - * * * * | <-- clkL
LC102-> - - - - - * * - - * - * * * - - | - * - - - - * * | <-- |light4lveditreal:44|t_ff:1|d_latch:2|~2~1
LC100-> - - - - - * * - - * - * * * - - | - * - - - - * * | <-- |light4lveditreal:44|t_ff:1|d_latch:2|~6~1
LC98 -> - - - - - * * - - * - - * * - - | - * - - - - * * | <-- |light4lveditreal:44|t_ff:3|d_latch:2|~3~1
LC124-> - - - - - * * - - * - * * * - - | - * - - - - * * | <-- |light4lveditreal:44|t_ff:4|d_latch:2|~3~1
LC103-> - - - - - - - * * - - - - - - - | - * - - - - * - | <-- |light4lveditreal:44|t_ff:5|d_latch:1|~3~1
LC113-> - - - - - - - - - - * - - - - - | - * - - - - - - | <-- L1~fit~in1


* = The logic cell or pin is an input to the logic cell (or LAB) through the PIA.
- = The logic cell or pin is not an input to the logic cell (or LAB).


Device-Specific Information:c:\users\hp bang\onedrive\desktop\logic\logic\seq2b8lv_gdf\seq2b8lv\seq2bit4lvreal2.rpt
seq2bit4lvreal2

** LOGIC CELL INTERCONNECTIONS **

Logic Array Block 'E':

                                         Logic cells placed in LAB 'E'
        +------------------------------- LC65 |btn4lvedit:37|t_ff:1|d_latch:1|~3~1
        | +----------------------------- LC73 |btn4lvedit:37|t_ff:1|d_latch:2|~3~1
        | | +--------------------------- LC66 |btn4lvedit:37|t_ff:2|d_latch:1|~3~1
        | | | +------------------------- LC78 |btn4lvedit:37|t_ff:2|d_latch:2|~3~1
        | | | | +----------------------- LC74 |clkdiv18:38|:40
        | | | | | +--------------------- LC76 |clkdiv18:38|:41
        | | | | | | +------------------- LC77 |clkdiv18:38|:50
        | | | | | | | +----------------- LC80 |clkdiv18:38|:51
        | | | | | | | | +--------------- LC69 |clkdiv18:38|:52
        | | | | | | | | | +------------- LC70 |clkdiv18:38|:53
        | | | | | | | | | | +----------- LC67 |clkdiv18:38|:54
        | | | | | | | | | | | +--------- LC71 |clkdiv18:38|:55
        | | | | | | | | | | | | +------- LC68 |clkdiv18:38|clk_div
        | | | | | | | | | | | | | +----- LC72 |clkdiv18:38|:57
        | | | | | | | | | | | | | | +--- LC79 |clkdiv18:38|:58
        | | | | | | | | | | | | | | | +- LC75 |clkdiv18:38|:59
        | | | | | | | | | | | | | | | | 
        | | | | | | | | | | | | | | | |   Other LABs fed by signals
        | | | | | | | | | | | | | | | |   that feed LAB 'E'
LC      | | | | | | | | | | | | | | | | | A B C D E F G H |     Logic cells that feed LAB 'E':
LC65 -> * * - - - - - - - - - - - - - - | - - - - * - - - | <-- |btn4lvedit:37|t_ff:1|d_latch:1|~3~1
LC73 -> * * * - - - - - - - - - - - - - | - * - - * * - * | <-- |btn4lvedit:37|t_ff:1|d_latch:2|~3~1
LC66 -> - - * * - - - - - - - - - - - - | - - - - * - - - | <-- |btn4lvedit:37|t_ff:2|d_latch:1|~3~1
LC78 -> * - * * - - - - - - - - - - - - | - * - - * * - * | <-- |btn4lvedit:37|t_ff:2|d_latch:2|~3~1
LC74 -> - - - - * * - - - - - - - - - - | - - - - * - - - | <-- |clkdiv18:38|:40
LC76 -> - - - - - * - * - - - - - - - - | - - - - * - - - | <-- |clkdiv18:38|:41
LC77 -> - - - - - - * - - * - - - - - - | - - - - * - - - | <-- |clkdiv18:38|:50
LC80 -> - - - - - - * * - - - - - - - - | - - - - * - - - | <-- |clkdiv18:38|:51
LC69 -> - - - - - - - - * - - * - - - - | - - - - * - - - | <-- |clkdiv18:38|:52
LC70 -> - - - - - - - - * * - - - - - - | - - - - * - - - | <-- |clkdiv18:38|:53
LC71 -> - - - - - - - - - - * * - - - - | - - - - * - - - | <-- |clkdiv18:38|:55
LC72 -> - - - - - - - - - - - - * * - - | - - - - * - - - | <-- |clkdiv18:38|:57
LC79 -> - - - - - - - - - - - - - * * - | - - - - * - - - | <-- |clkdiv18:38|:58
LC75 -> - - - - - - - - - - - - - - * * | - - - - * - - - | <-- |clkdiv18:38|:59

Pin
51   -> * - * - - - - - - - - - - - - - | - * - - * * - - | <-- btn2
50   -> * - * - - - - - - - - - - - - - | - * - - * * - - | <-- btn3
49   -> * - * - - - - - - - - - - - - - | - * - - * * - - | <-- btn4
83   -> - - - - - - - - - - - - - - - - | - - - - - - - - | <-- GCLK
63   -> * - * - - - - - - - - - - - - - | - * - - * * * * | <-- reset
LC17 -> * - * - - - - - - - - - - - - - | - * - - * * - - | <-- |btn4lvedit:37|dc4:5|~23~1
LC81 -> * - - - - - - - - - - - - - - - | - - - - * - - - | <-- |btn4lvedit:37|t_ff:1|d_latch:1|q~2
LC82 -> - - * - - - - - - - - - - - - - | - - - - * - - - | <-- |btn4lvedit:37|t_ff:2|d_latch:1|q~2
LC87 -> * - * - - - - - - - - - - - - - | - * - - * * - * | <-- |btn4lvedit:37|t_ff:3|d_latch:2|~3~1
LC26 -> * - * - - - - - - - - - - - - - | - * - - * * - * | <-- |btn4lvedit:37|t_ff:4|d_latch:2|~2~1
LC28 -> * - * - - - - - - - - - - - - - | - * - - * * - * | <-- |btn4lvedit:37|t_ff:4|d_latch:2|~6~1
LC18 -> - - - - * - - - - - - - - - - - | - - - - * - - - | <-- |clkdiv18:38|:38
LC127-> - - - - - - - - - - - - - - - * | - - - - * - - - | <-- |clkdiv18:38|:60
LC5  -> * * * * - - - - - - - - - - - - | - * - - * * * * | <-- clkL


* = The logic cell or pin is an input to the logic cell (or LAB) through the PIA.
- = The logic cell or pin is not an input to the logic cell (or LAB).


Device-Specific Information:c:\users\hp bang\onedrive\desktop\logic\logic\seq2b8lv_gdf\seq2b8lv\seq2bit4lvreal2.rpt
seq2bit4lvreal2

** LOGIC CELL INTERCONNECTIONS **

Logic Array Block 'F':

                         Logic cells placed in LAB 'F'
        +--------------- LC81 |btn4lvedit:37|t_ff:1|d_latch:1|q~2
        | +------------- LC82 |btn4lvedit:37|t_ff:2|d_latch:1|q~2
        | | +----------- LC83 |btn4lvedit:37|t_ff:3|d_latch:1|~3~1
        | | | +--------- LC86 |btn4lvedit:37|t_ff:3|d_latch:1|q~2
        | | | | +------- LC87 |btn4lvedit:37|t_ff:3|d_latch:2|~3~1
        | | | | | +----- LC92 |btn4lvedit:37|t_ff:4|d_latch:1|q~2
        | | | | | | +--- LC90 |btn4lvedit:37|t_ff:4|d_latch:1|q~3
        | | | | | | | +- LC89 |btn4lvedit:37|t_ff:4|d_latch:2|~6~2
        | | | | | | | | 
        | | | | | | | |   Other LABs fed by signals
        | | | | | | | |   that feed LAB 'F'
LC      | | | | | | | | | A B C D E F G H |     Logic cells that feed LAB 'F':
LC83 -> - - * - * - - - | - - - - - * - - | <-- |btn4lvedit:37|t_ff:3|d_latch:1|~3~1
LC86 -> - - * - - - - - | - - - - - * - - | <-- |btn4lvedit:37|t_ff:3|d_latch:1|q~2
LC87 -> * * * * * * - * | - * - - * * - * | <-- |btn4lvedit:37|t_ff:3|d_latch:2|~3~1

Pin
52   -> * * * * - * - * | - * - - - * - * | <-- btn1
51   -> * * * * - * * * | - * - - * * - - | <-- btn2
50   -> * * * * - * * * | - * - - * * - - | <-- btn3
49   -> * * * * - * * * | - * - - * * - - | <-- btn4
83   -> - - - - - - - - | - - - - - - - - | <-- GCLK
63   -> - - * - - - - - | - * - - * * * * | <-- reset
LC17 -> * * * * - - * - | - * - - * * - - | <-- |btn4lvedit:37|dc4:5|~23~1
LC73 -> * * * * - * * * | - * - - * * - * | <-- |btn4lvedit:37|t_ff:1|d_latch:2|~3~1
LC78 -> * * * * - * * * | - * - - * * - * | <-- |btn4lvedit:37|t_ff:2|d_latch:2|~3~1
LC31 -> - - - - - - - * | - * - - - * - - | <-- |btn4lvedit:37|t_ff:4|d_latch:1|~3~1
LC26 -> * * * * - * * * | - * - - * * - * | <-- |btn4lvedit:37|t_ff:4|d_latch:2|~2~1
LC28 -> * * * * - * * * | - * - - * * - * | <-- |btn4lvedit:37|t_ff:4|d_latch:2|~6~1
LC5  -> * * * * * * * * | - * - - * * * * | <-- clkL


* = The logic cell or pin is an input to the logic cell (or LAB) through the PIA.
- = The logic cell or pin is not an input to the logic cell (or LAB).


Device-Specific Information:c:\users\hp bang\onedrive\desktop\logic\logic\seq2b8lv_gdf\seq2b8lv\seq2bit4lvreal2.rpt
seq2bit4lvreal2

** LOGIC CELL INTERCONNECTIONS **

Logic Array Block 'G':

                                       Logic cells placed in LAB 'G'
        +----------------------------- LC99 a
        | +--------------------------- LC101 b
        | | +------------------------- LC104 c
        | | | +----------------------- LC105 d
        | | | | +--------------------- LC107 e
        | | | | | +------------------- LC109 f
        | | | | | | +----------------- LC112 |light4lveditreal:44|t_ff:1|d_latch:1|~3~1~2
        | | | | | | | +--------------- LC111 |light4lveditreal:44|t_ff:1|d_latch:1|~3~1
        | | | | | | | | +------------- LC102 |light4lveditreal:44|t_ff:1|d_latch:2|~2~1
        | | | | | | | | | +----------- LC100 |light4lveditreal:44|t_ff:1|d_latch:2|~6~1
        | | | | | | | | | | +--------- LC110 |light4lveditreal:44|t_ff:3|d_latch:1|~3~1~2
        | | | | | | | | | | | +------- LC108 |light4lveditreal:44|t_ff:3|d_latch:1|~3~1~3
        | | | | | | | | | | | | +----- LC106 |light4lveditreal:44|t_ff:3|d_latch:1|~3~1
        | | | | | | | | | | | | | +--- LC98 |light4lveditreal:44|t_ff:3|d_latch:2|~3~1
        | | | | | | | | | | | | | | +- LC103 |light4lveditreal:44|t_ff:5|d_latch:1|~3~1
        | | | | | | | | | | | | | | | 
        | | | | | | | | | | | | | | |   Other LABs fed by signals
        | | | | | | | | | | | | | | |   that feed LAB 'G'
LC      | | | | | | | | | | | | | | | | A B C D E F G H |     Logic cells that feed LAB 'G':
LC112-> - - - - - - - * - - - - - - - | - - - - - - * - | <-- |light4lveditreal:44|t_ff:1|d_latch:1|~3~1~2
LC111-> - - - - - - * * * * - - - - - | - - - - - - * - | <-- |light4lveditreal:44|t_ff:1|d_latch:1|~3~1
LC102-> * * * * - * * * * - * - * - * | - * - - - - * * | <-- |light4lveditreal:44|t_ff:1|d_latch:2|~2~1
LC100-> * * * * - * * * * - * - * - * | - * - - - - * * | <-- |light4lveditreal:44|t_ff:1|d_latch:2|~6~1
LC110-> - - - - - - - - - - - * - - - | - - - - - - * - | <-- |light4lveditreal:44|t_ff:3|d_latch:1|~3~1~2
LC108-> - - - - - - - - - - - - * - - | - - - - - - * - | <-- |light4lveditreal:44|t_ff:3|d_latch:1|~3~1~3
LC106-> - - - - - - - - - - * * - * - | - - - - - - * - | <-- |light4lveditreal:44|t_ff:3|d_latch:1|~3~1
LC98 -> * * * * - * * * - - * - * * * | - * - - - - * * | <-- |light4lveditreal:44|t_ff:3|d_latch:2|~3~1
LC103-> - - - - - - - - - - - - - - * | - * - - - - * - | <-- |light4lveditreal:44|t_ff:5|d_latch:1|~3~1

Pin
83   -> - - - - - - - - - - - - - - - | - - - - - - - - | <-- GCLK
63   -> - - - - - - * * - - - * * - * | - * - - * * * * | <-- reset
54   -> - - - - - - * * - - * - * - * | - - - - - - * * | <-- start
LC5  -> - - - - - - * * * * * * * * * | - * - - * * * * | <-- clkL
LC30 -> * * * * * * - - - - - - - - - | - - - - - - * * | <-- |light4lveditreal:44|bcd_a:32|~17~1
LC23 -> * * * * * * - - - - - - - - - | - - - - - - * * | <-- |light4lveditreal:44|bcd_b:33|~18~1
LC124-> * * * * - * * * - - * - * - * | - * - - - - * * | <-- |light4lveditreal:44|t_ff:4|d_latch:2|~3~1
LC20 -> - - - - - - * * - - * - * - * | - * - - - - * * | <-- |light4lveditreal:44|t_ff:5|d_latch:2|~2~1
LC32 -> - - - - - - * * - - * - * - * | - * - - - - * * | <-- |light4lveditreal:44|t_ff:5|d_latch:2|~6~1
LC22 -> * - * * * - - - - - - - - - - | - - - - - - * - | <-- |light4lveditreal:44|7448:42|~24~1


* = The logic cell or pin is an input to the logic cell (or LAB) through the PIA.
- = The logic cell or pin is not an input to the logic cell (or LAB).


Device-Specific Information:c:\users\hp bang\onedrive\desktop\logic\logic\seq2b8lv_gdf\seq2b8lv\seq2bit4lvreal2.rpt
seq2bit4lvreal2

** LOGIC CELL INTERCONNECTIONS **

Logic Array Block 'H':

                                   Logic cells placed in LAB 'H'
        +------------------------- LC127 |clkdiv18:38|:60
        | +----------------------- LC126 |clkdiv18:38|:61
        | | +--------------------- LC125 |clkdiv18:38|:62
        | | | +------------------- LC122 |clkdiv18:38|:63
        | | | | +----------------- LC114 |clkdiv18:38|:64
        | | | | | +--------------- LC115 g
        | | | | | | +------------- LC120 |light4lveditreal:44|t_ff:4|d_latch:1|~3~1~2
        | | | | | | | +----------- LC118 |light4lveditreal:44|t_ff:4|d_latch:1|~3~1~3
        | | | | | | | | +--------- LC117 |light4lveditreal:44|t_ff:4|d_latch:1|~3~1~4
        | | | | | | | | | +------- LC121 |light4lveditreal:44|t_ff:4|d_latch:1|~3~1
        | | | | | | | | | | +----- LC124 |light4lveditreal:44|t_ff:4|d_latch:2|~3~1
        | | | | | | | | | | | +--- LC116 |light4lveditreal:44|7448:42|~38~1
        | | | | | | | | | | | | +- LC113 L1~fit~in1
        | | | | | | | | | | | | | 
        | | | | | | | | | | | | |   Other LABs fed by signals
        | | | | | | | | | | | | |   that feed LAB 'H'
LC      | | | | | | | | | | | | | | A B C D E F G H |     Logic cells that feed LAB 'H':
LC126-> * * - - - - - - - - - - - | - - - - - - - * | <-- |clkdiv18:38|:61
LC125-> - * * - - - - - - - - - - | - - - - - - - * | <-- |clkdiv18:38|:62
LC122-> - - * * - - - - - - - - - | - - - - - - - * | <-- |clkdiv18:38|:63
LC114-> - - - * * - - - - - - - - | - - - - - - - * | <-- |clkdiv18:38|:64
LC120-> - - - - - - - - * - - - - | - - - - - - - * | <-- |light4lveditreal:44|t_ff:4|d_latch:1|~3~1~2
LC118-> - - - - - - - - * - - - - | - - - - - - - * | <-- |light4lveditreal:44|t_ff:4|d_latch:1|~3~1~3
LC117-> - - - - - - - - - * - - - | - - - - - - - * | <-- |light4lveditreal:44|t_ff:4|d_latch:1|~3~1~4
LC121-> - - - - - - * * - - * - - | - - - - - - - * | <-- |light4lveditreal:44|t_ff:4|d_latch:1|~3~1
LC124-> - - - - - * * * - * * * * | - * - - - - * * | <-- |light4lveditreal:44|t_ff:4|d_latch:2|~3~1
LC116-> - - - - - * - - - - - - - | - - - - - - - * | <-- |light4lveditreal:44|7448:42|~38~1

Pin
52   -> - - - - - - - - - - - - * | - * - - - * - * | <-- btn1
83   -> - - - - - - - - - - - - - | - - - - - - - - | <-- GCLK
63   -> - - - - - - * * - * - - - | - * - - * * * * | <-- reset
54   -> - - - - - - * * - * - - - | - - - - - - * * | <-- start
LC73 -> - - - - - - - - - - - - * | - * - - * * - * | <-- |btn4lvedit:37|t_ff:1|d_latch:2|~3~1
LC78 -> - - - - - - - - - - - - * | - * - - * * - * | <-- |btn4lvedit:37|t_ff:2|d_latch:2|~3~1
LC87 -> - - - - - - - - - - - - * | - * - - * * - * | <-- |btn4lvedit:37|t_ff:3|d_latch:2|~3~1
LC26 -> - - - - - - - - - - - - * | - * - - * * - * | <-- |btn4lvedit:37|t_ff:4|d_latch:2|~2~1
LC28 -> - - - - - - - - - - - - * | - * - - * * - * | <-- |btn4lvedit:37|t_ff:4|d_latch:2|~6~1
LC67 -> - - - - * - - - - - - - - | - - - - - - - * | <-- |clkdiv18:38|:54
LC5  -> - - - - - - * * - * * - - | - * - - * * * * | <-- clkL
LC30 -> - - - - - * - - - - - - - | - - - - - - * * | <-- |light4lveditreal:44|bcd_a:32|~17~1
LC23 -> - - - - - * - - - - - * - | - - - - - - * * | <-- |light4lveditreal:44|bcd_b:33|~18~1
LC102-> - - - - - * * * - * - * * | - * - - - - * * | <-- |light4lveditreal:44|t_ff:1|d_latch:2|~2~1
LC100-> - - - - - * * * - * - * * | - * - - - - * * | <-- |light4lveditreal:44|t_ff:1|d_latch:2|~6~1
LC98 -> - - - - - * * * - * - * * | - * - - - - * * | <-- |light4lveditreal:44|t_ff:3|d_latch:2|~3~1
LC20 -> - - - - - - * * - * - - * | - * - - - - * * | <-- |light4lveditreal:44|t_ff:5|d_latch:2|~2~1
LC32 -> - - - - - - * * - * - - * | - * - - - - * * | <-- |light4lveditreal:44|t_ff:5|d_latch:2|~6~1


* = The logic cell or pin is an input to the logic cell (or LAB) through the PIA.
- = The logic cell or pin is not an input to the logic cell (or LAB).


Device-Specific Information:c:\users\hp bang\onedrive\desktop\logic\logic\seq2b8lv_gdf\seq2b8lv\seq2bit4lvreal2.rpt
seq2bit4lvreal2

** EQUATIONS **

btn1     : INPUT;
btn2     : INPUT;
btn3     : INPUT;
btn4     : INPUT;
GCLK     : INPUT;
reset    : INPUT;
start    : INPUT;

-- Node name is 'a' 
-- Equation name is 'a', location is LC099, type is output.
 a       = LCELL( _EQ001 $  VCC);
  _EQ001 = !_LC023 &  _LC030 & !_LC098 & !_LC124
         # !_LC023 &  _LC030 &  _LC100
         # !_LC023 &  _LC030 &  _LC102
         #  _LC022 & !_LC030;

-- Node name is 'b' 
-- Equation name is 'b', location is LC101, type is output.
 b       = LCELL( _EQ002 $  VCC);
  _EQ002 =  _LC023 & !_LC030 & !_LC100 & !_LC102 &  _LC124
         #  _LC023 & !_LC030 &  _LC098 & !_LC100 & !_LC102
         # !_LC023 &  _LC030 & !_LC100 & !_LC102 &  _LC124
         # !_LC023 &  _LC030 &  _LC098 & !_LC100 & !_LC102;

-- Node name is 'c' 
-- Equation name is 'c', location is LC104, type is output.
 c       = LCELL( _EQ003 $  GND);
  _EQ003 = !_LC100 & !_LC102 &  _X001
         # !_LC022 &  _LC030
         #  _X002;
  _X001  = EXP(!_LC098 & !_LC124);
  _X002  = EXP( _LC023 & !_LC030);

-- Node name is 'clkL' = ':40' 
-- Equation name is 'clkL', type is output 
 clkL    = TFFE( VCC,  _LC068,  VCC,  VCC,  VCC);

-- Node name is 'd' 
-- Equation name is 'd', location is LC105, type is output.
 d       = LCELL( _EQ004 $  _LC023);
  _EQ004 = !_LC023 &  _LC030 & !_LC100 & !_LC102 &  _X001
         # !_LC022 & !_LC023 & !_LC100 & !_LC102 &  _X001
         #  _LC022 &  _LC023 &  _LC030
         # !_LC022 & !_LC023 & !_LC030;
  _X001  = EXP(!_LC098 & !_LC124);

-- Node name is 'e' 
-- Equation name is 'e', location is LC107, type is output.
 e       = LCELL( _EQ005 $  GND);
  _EQ005 =  _LC023 & !_LC030
         # !_LC022 & !_LC030;

-- Node name is 'f' 
-- Equation name is 'f', location is LC109, type is output.
 f       = LCELL( _EQ006 $  GND);
  _EQ006 = !_LC030 &  _LC098 & !_LC100 & !_LC102
         # !_LC030 & !_LC100 & !_LC102 &  _LC124
         # !_LC023 &  _LC098 & !_LC100 & !_LC102
         # !_LC023 & !_LC100 & !_LC102 &  _LC124
         # !_LC023 & !_LC030;

-- Node name is 'g' 
-- Equation name is 'g', location is LC115, type is output.
 g       = LCELL( _EQ007 $ !_LC116);
  _EQ007 =  _LC023 &  _LC030 & !_LC100 & !_LC102 & !_LC116 &  _LC124
         #  _LC023 &  _LC030 &  _LC098 & !_LC100 & !_LC102 & !_LC116;

-- Node name is 'L1~fit~in1' 
-- Equation name is 'L1~fit~in1', location is LC113, type is buried.
-- synthesized logic cell 
_LC113   = LCELL( _EQ008 $  VCC);
  _EQ008 =  btn1 &  _X003 &  _X004 &  _X005 &  _X006 &  _X007 &  _X008 & 
              _X009 &  _X010 &  _X011 &  _X012 &  _X013;
  _X003  = EXP(!_LC026 & !_LC028 &  _LC073 &  _LC078 &  _LC087);
  _X004  = EXP( _LC032 &  _LC098 &  _LC100 &  _LC124);
  _X005  = EXP( _LC028 &  _LC073 & !_LC078 &  _LC087);
  _X006  = EXP(!_LC020 & !_LC032 & !_LC098 &  _LC102);
  _X007  = EXP(!_LC020 & !_LC032 & !_LC098 &  _LC100);
  _X008  = EXP( _LC020 &  _LC098 &  _LC102 &  _LC124);
  _X009  = EXP( _LC032 &  _LC098 &  _LC102 &  _LC124);
  _X010  = EXP( _LC020 &  _LC098 &  _LC100 &  _LC124);
  _X011  = EXP( _LC026 &  _LC073 & !_LC078 &  _LC087);
  _X012  = EXP( _LC020 & !_LC098 & !_LC100 & !_LC102 &  _LC124);
  _X013  = EXP( _LC032 & !_LC098 & !_LC100 & !_LC102 &  _LC124);

-- Node name is 'L1' 
-- Equation name is 'L1', location is LC019, type is output.
 L1      = LCELL( _LC113 $  GND);

-- Node name is 'L2' 
-- Equation name is 'L2', location is LC021, type is output.
 L2      = LCELL( _EQ009 $ !btn2);
  _EQ009 =  btn2 & !_LC026 & !_LC028 &  _LC073 &  _LC087
         #  btn2 &  _LC032 & !_LC100 & !_LC102 & !_LC124
         #  btn2 &  _LC020 & !_LC100 & !_LC102 & !_LC124;

-- Node name is 'L3' 
-- Equation name is 'L3', location is LC024, type is output.
 L3      = LCELL( _EQ010 $  VCC);
  _EQ010 =  btn3 &  _X003 &  _X005 &  _X011 &  _X014 &  _X015 &  _X016 & 
              _X017 &  _X018 &  _X019 &  _X020;
  _X003  = EXP(!_LC026 & !_LC028 &  _LC073 &  _LC078 &  _LC087);
  _X005  = EXP( _LC028 &  _LC073 & !_LC078 &  _LC087);
  _X011  = EXP( _LC026 &  _LC073 & !_LC078 &  _LC087);
  _X014  = EXP(!_LC020 & !_LC032 & !_LC098 & !_LC100 & !_LC102 &  _LC124);
  _X015  = EXP( _LC020 &  _LC098 &  _LC100 & !_LC124);
  _X016  = EXP(!_LC020 & !_LC032 &  _LC098 &  _LC100 &  _LC124);
  _X017  = EXP(!_LC020 & !_LC032 &  _LC098 &  _LC102 &  _LC124);
  _X018  = EXP( _LC032 &  _LC098 &  _LC100 & !_LC124);
  _X019  = EXP( _LC020 &  _LC098 &  _LC102 & !_LC124);
  _X020  = EXP( _LC032 &  _LC098 &  _LC102 & !_LC124);

-- Node name is 'L4' 
-- Equation name is 'L4', location is LC025, type is output.
 L4      = LCELL( _EQ011 $  GND);
  _EQ011 = !_LC020 & !_LC032 &  _LC098 & !_LC100 & !_LC102 & !_LC124
         # !_LC026 & !_LC028 &  _LC073 &  _LC087
         # !btn4;

-- Node name is 'ReL' 
-- Equation name is 'ReL', location is LC029, type is output.
 ReL     = LCELL( reset $  GND);

-- Node name is 'T' 
-- Equation name is 'T', location is LC027, type is output.
 T       = LCELL( _EQ012 $  _LC017);
  _EQ012 = !_LC017 & !_LC026 & !_LC028 & !_LC073 & !_LC078 &  _LC087
         # !_LC017 &  _LC028 & !_LC073 &  _LC078 &  _LC087
         # !_LC017 &  _LC026 & !_LC073 &  _LC078 &  _LC087;

-- Node name is '|btn4lvedit:37|dc4:5|~23~1' 
-- Equation name is '_LC017', type is buried 
-- synthesized logic cell 
_LC017   = LCELL( _EQ013 $  GND);
  _EQ013 = !_LC026 & !_LC028 & !_LC073 & !_LC078 & !_LC087;

-- Node name is '|btn4lvedit:37|t_ff:1|d_latch:1|~3~2' = '|btn4lvedit:37|t_ff:1|d_latch:1|q~2' 
-- Equation name is '_LC081', type is buried 
-- synthesized logic cell 
_LC081   = LCELL( _EQ014 $  GND);
  _EQ014 = !btn2 &  btn3 &  btn4 & !clkL & !_LC017 & !_LC026 & !_LC028 & 
             !_LC073 & !_LC087
         #  btn2 &  btn3 &  btn4 & !clkL &  _LC026 & !_LC073 &  _LC078 & 
              _LC087
         #  btn2 &  btn3 &  btn4 & !clkL &  _LC028 & !_LC073 &  _LC078 & 
              _LC087
         #  btn2 &  btn3 &  btn4 & !clkL & !_LC026 & !_LC028 & !_LC073 & 
             !_LC078
         #  btn1 &  btn2 &  btn3 &  btn4 & !clkL & !_LC073;

-- Node name is '|btn4lvedit:37|t_ff:1|d_latch:1|~3~1' 
-- Equation name is '_LC065', type is buried 
-- synthesized logic cell 
_LC065   = LCELL( _EQ015 $  _EQ016);
  _EQ015 =  btn2 & !btn3 &  btn4 & !clkL & !_LC017 &  _LC026 & !_LC073 & 
              _LC078 & !_LC081 & !_LC087 &  _X021 &  _X022 &  _X023 &  _X024 & 
              _X025 &  _X026 &  _X027
         #  btn2 & !btn3 &  btn4 & !clkL & !_LC017 &  _LC028 & !_LC073 & 
              _LC078 & !_LC081 & !_LC087 &  _X021 &  _X022 &  _X023 &  _X024 & 
              _X025 &  _X026 &  _X027
         #  btn2 & !btn3 &  btn4 & !clkL & !_LC017 &  _LC026 & !_LC073 & 
             !_LC078 & !_LC081 &  _LC087 &  _X021 &  _X022 &  _X023 &  _X024 & 
              _X025 &  _X026 &  _X027
         #  btn2 & !btn3 &  btn4 & !clkL & !_LC017 &  _LC028 & !_LC073 & 
             !_LC078 & !_LC081 &  _LC087 &  _X021 &  _X022 &  _X023 &  _X024 & 
              _X025 &  _X026 &  _X027;
  _X021  = EXP( btn2 &  btn3 &  btn4 & !clkL & !_LC073 & !_LC078 & !_LC087);
  _X022  = EXP(!clkL & !_LC017 & !_LC026 & !_LC028 & !_LC073 & !_LC078 & !_LC087);
  _X023  = EXP(!btn2 & !clkL &  _LC017 &  _LC073);
  _X024  = EXP(!btn3 & !clkL &  _LC017 &  _LC073);
  _X025  = EXP(!btn4 & !clkL &  _LC017 &  _LC073);
  _X026  = EXP(!clkL &  reset);
  _X027  = EXP( clkL & !_LC065);
  _EQ016 = !_LC081 &  _X021 &  _X022 &  _X023 &  _X024 &  _X025 &  _X026 & 
              _X027;
  _X021  = EXP( btn2 &  btn3 &  btn4 & !clkL & !_LC073 & !_LC078 & !_LC087);
  _X022  = EXP(!clkL & !_LC017 & !_LC026 & !_LC028 & !_LC073 & !_LC078 & !_LC087);
  _X023  = EXP(!btn2 & !clkL &  _LC017 &  _LC073);
  _X024  = EXP(!btn3 & !clkL &  _LC017 &  _LC073);
  _X025  = EXP(!btn4 & !clkL &  _LC017 &  _LC073);
  _X026  = EXP(!clkL &  reset);
  _X027  = EXP( clkL & !_LC065);

-- Node name is '|btn4lvedit:37|t_ff:1|d_latch:2|~3~1' 
-- Equation name is '_LC073', type is buried 
-- synthesized logic cell 
_LC073   = LCELL( _EQ017 $  GND);
  _EQ017 =  clkL &  _LC065
         # !clkL &  _LC073
         #  _LC065 &  _LC073;

-- Node name is '|btn4lvedit:37|t_ff:2|d_latch:1|~3~2' = '|btn4lvedit:37|t_ff:2|d_latch:1|q~2' 
-- Equation name is '_LC082', type is buried 
-- synthesized logic cell 
_LC082   = LCELL( _EQ018 $  GND);
  _EQ018 = !btn2 &  btn3 &  btn4 & !clkL & !_LC017 &  _LC028 &  _LC073 & 
             !_LC078
         # !btn2 & !btn3 & !clkL & !_LC017 & !_LC026 & !_LC028 &  _LC073 & 
             !_LC078
         #  btn2 &  btn3 &  btn4 & !clkL &  _LC073 & !_LC078 &  _LC087
         # !btn4 & !clkL & !_LC017 & !_LC026 & !_LC028 &  _LC073 & !_LC078
         #  btn1 &  btn2 &  btn3 &  btn4 & !clkL & !_LC078;

-- Node name is '|btn4lvedit:37|t_ff:2|d_latch:1|~3~1' 
-- Equation name is '_LC066', type is buried 
-- synthesized logic cell 
_LC066   = LCELL( _EQ019 $  _EQ020);
  _EQ019 =  btn2 & !btn3 &  btn4 & !clkL & !_LC026 & !_LC028 & !_LC073 & 
              _LC078 & !_LC082 &  _LC087 &  _X021 &  _X022 &  _X026 &  _X028 & 
              _X029 &  _X030 &  _X031 &  _X032
         #  btn2 & !btn3 &  btn4 & !clkL & !_LC017 &  _LC026 & !_LC078 & 
             !_LC082 &  _LC087 &  _X021 &  _X022 &  _X026 &  _X028 &  _X029 & 
              _X030 &  _X031 &  _X032
         #  btn2 & !btn3 &  btn4 & !clkL & !_LC017 &  _LC028 & !_LC078 & 
             !_LC082 &  _LC087 &  _X021 &  _X022 &  _X026 &  _X028 &  _X029 & 
              _X030 &  _X031 &  _X032
         # !btn2 &  btn3 &  btn4 & !clkL & !_LC017 &  _LC026 &  _LC073 & 
             !_LC078 & !_LC082 &  _X021 &  _X022 &  _X026 &  _X028 &  _X029 & 
              _X030 &  _X031 &  _X032;
  _X021  = EXP( btn2 &  btn3 &  btn4 & !clkL & !_LC073 & !_LC078 & !_LC087);
  _X022  = EXP(!clkL & !_LC017 & !_LC026 & !_LC028 & !_LC073 & !_LC078 & !_LC087);
  _X026  = EXP(!clkL &  reset);
  _X028  = EXP( clkL & !_LC066);
  _X029  = EXP(!clkL & !_LC017 &  _LC073 & !_LC078 &  _LC087);
  _X030  = EXP(!btn2 & !clkL &  _LC017 &  _LC078);
  _X031  = EXP(!btn4 & !clkL &  _LC017 &  _LC078);
  _X032  = EXP(!btn3 & !clkL &  _LC017 &  _LC078);
  _EQ020 = !_LC082 &  _X021 &  _X022 &  _X026 &  _X028 &  _X029 &  _X030 & 
              _X031 &  _X032;
  _X021  = EXP( btn2 &  btn3 &  btn4 & !clkL & !_LC073 & !_LC078 & !_LC087);
  _X022  = EXP(!clkL & !_LC017 & !_LC026 & !_LC028 & !_LC073 & !_LC078 & !_LC087);
  _X026  = EXP(!clkL &  reset);
  _X028  = EXP( clkL & !_LC066);
  _X029  = EXP(!clkL & !_LC017 &  _LC073 & !_LC078 &  _LC087);
  _X030  = EXP(!btn2 & !clkL &  _LC017 &  _LC078);
  _X031  = EXP(!btn4 & !clkL &  _LC017 &  _LC078);
  _X032  = EXP(!btn3 & !clkL &  _LC017 &  _LC078);

-- Node name is '|btn4lvedit:37|t_ff:2|d_latch:2|~3~1' 
-- Equation name is '_LC078', type is buried 
-- synthesized logic cell 
_LC078   = LCELL( _EQ021 $  GND);
  _EQ021 =  clkL &  _LC066
         # !clkL &  _LC078
         #  _LC066 &  _LC078;

-- Node name is '|btn4lvedit:37|t_ff:3|d_latch:1|~3~2' = '|btn4lvedit:37|t_ff:3|d_latch:1|q~2' 
-- Equation name is '_LC086', type is buried 
-- synthesized logic cell 
_LC086   = LCELL( _EQ022 $  GND);
  _EQ022 = !btn2 &  btn3 &  btn4 & !clkL & !_LC017 &  _LC026 &  _LC073 & 
             !_LC087
         # !btn2 &  btn3 &  btn4 & !clkL & !_LC017 &  _LC028 &  _LC073 & 
             !_LC087
         #  btn2 &  btn3 &  btn4 & !clkL & !_LC017 & !_LC073 & !_LC078 & 
             !_LC087
         #  btn1 &  btn2 &  btn3 &  btn4 & !clkL & !_LC087
         # !clkL & !_LC017 &  _LC073 &  _LC078 & !_LC087;

-- Node name is '|btn4lvedit:37|t_ff:3|d_latch:1|~3~1' 
-- Equation name is '_LC083', type is buried 
-- synthesized logic cell 
_LC083   = LCELL( _EQ023 $  _EQ024);
  _EQ023 = !btn1 &  btn2 &  btn3 &  btn4 & !clkL & !_LC026 & !_LC028 & 
             !_LC073 & !_LC078 & !_LC086 &  _LC087 &  _X022 &  _X026 &  _X033 & 
              _X034 &  _X035 &  _X036 &  _X037
         #  btn2 & !btn3 &  btn4 & !clkL & !_LC026 & !_LC028 & !_LC073 & 
              _LC078 & !_LC086 &  _LC087 &  _X022 &  _X026 &  _X033 &  _X034 & 
              _X035 &  _X036 &  _X037
         #  btn2 & !btn3 &  btn4 & !clkL & !_LC017 &  _LC026 &  _LC078 & 
             !_LC086 & !_LC087 &  _X022 &  _X026 &  _X033 &  _X034 &  _X035 & 
              _X036 &  _X037
         #  btn2 & !btn3 &  btn4 & !clkL & !_LC017 &  _LC028 &  _LC078 & 
             !_LC086 & !_LC087 &  _X022 &  _X026 &  _X033 &  _X034 &  _X035 & 
              _X036 &  _X037;
  _X022  = EXP(!clkL & !_LC017 & !_LC026 & !_LC028 & !_LC073 & !_LC078 & !_LC087);
  _X026  = EXP(!clkL &  reset);
  _X033  = EXP(!btn1 & !clkL &  _LC017 &  _LC087);
  _X034  = EXP(!btn2 & !clkL &  _LC017 &  _LC087);
  _X035  = EXP(!btn4 & !clkL &  _LC017 &  _LC087);
  _X036  = EXP(!btn3 & !clkL &  _LC017 &  _LC087);
  _X037  = EXP( clkL & !_LC083);
  _EQ024 = !_LC086 &  _X022 &  _X026 &  _X033 &  _X034 &  _X035 &  _X036 & 
              _X037;
  _X022  = EXP(!clkL & !_LC017 & !_LC026 & !_LC028 & !_LC073 & !_LC078 & !_LC087);
  _X026  = EXP(!clkL &  reset);
  _X033  = EXP(!btn1 & !clkL &  _LC017 &  _LC087);
  _X034  = EXP(!btn2 & !clkL &  _LC017 &  _LC087);
  _X035  = EXP(!btn4 & !clkL &  _LC017 &  _LC087);
  _X036  = EXP(!btn3 & !clkL &  _LC017 &  _LC087);
  _X037  = EXP( clkL & !_LC083);

-- Node name is '|btn4lvedit:37|t_ff:3|d_latch:2|~3~1' 
-- Equation name is '_LC087', type is buried 
-- synthesized logic cell 
_LC087   = LCELL( _EQ025 $  GND);
  _EQ025 =  clkL &  _LC083
         # !clkL &  _LC087
         #  _LC083 &  _LC087;

-- Node name is '|btn4lvedit:37|t_ff:4|d_latch:1|~3~2' = '|btn4lvedit:37|t_ff:4|d_latch:1|q~2' 
-- Equation name is '_LC092', type is buried 
-- synthesized logic cell 
_LC092   = LCELL( _EQ026 $  GND);
  _EQ026 =  btn1 &  btn2 &  btn3 &  btn4 & !clkL &  _LC028 & !_LC073
         #  btn1 &  btn2 &  btn3 &  btn4 & !clkL &  _LC028 & !_LC087
         # !btn2 & !btn3 & !clkL & !_LC026 & !_LC028 &  _LC073 & !_LC078
         # !clkL & !_LC026 & !_LC028 &  _LC073 & !_LC078 &  _LC087
         # !btn4 & !clkL & !_LC026 & !_LC028 &  _LC073 & !_LC078;

-- Node name is '|btn4lvedit:37|t_ff:4|d_latch:1|~3~3' = '|btn4lvedit:37|t_ff:4|d_latch:1|q~3' 
-- Equation name is '_LC090', type is buried 
-- synthesized logic cell 
_LC090   = LCELL( _EQ027 $  GND);
  _EQ027 = !btn2 & !clkL &  _LC026 &  _LC073 &  _LC078
         # !clkL & !_LC017 &  _LC026 &  _LC073 &  _LC078
         # !btn3 & !clkL &  _LC026 &  _LC073 &  _LC078
         # !btn4 & !clkL &  _LC026 &  _LC073 &  _LC078
         # !btn2 & !clkL &  _LC028 &  _LC073 &  _LC078;

-- Node name is '|btn4lvedit:37|t_ff:4|d_latch:1|~3~1' 
-- Equation name is '_LC031', type is buried 
-- synthesized logic cell 
_LC031   = LCELL( _EQ028 $  _EQ029);
  _EQ028 =  btn2 & !btn3 &  btn4 & !clkL & !_LC026 & !_LC028 & !_LC073 & 
              _LC078 &  _LC087 & !_LC089 & !_LC090 & !_LC092 &  _X026 & 
              _X038 &  _X039 &  _X040
         # !btn1 &  btn2 &  btn3 &  btn4 & !clkL & !_LC026 & !_LC028 & 
             !_LC078 &  _LC087 & !_LC089 & !_LC090 & !_LC092 &  _X026 & 
              _X038 &  _X039 &  _X040
         # !btn2 &  btn3 &  btn4 & !clkL & !_LC026 & !_LC028 & !_LC073 & 
              _LC078 & !_LC087 & !_LC089 & !_LC090 & !_LC092 &  _X026 & 
              _X038 &  _X039 &  _X040
         # !btn1 &  btn2 &  btn3 &  btn4 & !clkL &  _LC017 & !_LC026 & 
             !_LC028 & !_LC089 & !_LC090 & !_LC092 &  _X026 &  _X038 &  _X039 & 
              _X040;
  _X026  = EXP(!clkL &  reset);
  _X038  = EXP(!clkL & !_LC017 &  _LC028 &  _LC073 &  _LC078);
  _X039  = EXP(!btn3 & !clkL &  _LC028 &  _LC073 &  _LC078);
  _X040  = EXP(!btn4 & !clkL &  _LC028 &  _LC073 &  _LC078);
  _EQ029 = !_LC089 & !_LC090 & !_LC092 &  _X026 &  _X038 &  _X039 &  _X040;
  _X026  = EXP(!clkL &  reset);
  _X038  = EXP(!clkL & !_LC017 &  _LC028 &  _LC073 &  _LC078);
  _X039  = EXP(!btn3 & !clkL &  _LC028 &  _LC073 &  _LC078);
  _X040  = EXP(!btn4 & !clkL &  _LC028 &  _LC073 &  _LC078);

-- Node name is '|btn4lvedit:37|t_ff:4|d_latch:2|~2~1' 
-- Equation name is '_LC026', type is buried 
-- synthesized logic cell 
_LC026   = LCELL( _EQ030 $  VCC);
  _EQ030 =  clkL &  _LC031
         # !_LC026 & !_LC028;

-- Node name is '|btn4lvedit:37|t_ff:4|d_latch:2|~6~1' 
-- Equation name is '_LC028', type is buried 
-- synthesized logic cell 
_LC028   = LCELL( _EQ031 $  GND);
  _EQ031 =  clkL & !_LC031;

-- Node name is '|btn4lvedit:37|t_ff:4|d_latch:2|~6~2' 
-- Equation name is '_LC089', type is buried 
-- synthesized logic cell 
_LC089   = LCELL( _EQ032 $  GND);
  _EQ032 =  clkL & !_LC031
         #  btn1 &  btn2 &  btn3 &  btn4 & !clkL &  _LC026 &  _LC078
         #  btn1 &  btn2 &  btn3 &  btn4 & !clkL &  _LC028 &  _LC078
         #  btn1 &  btn2 &  btn3 &  btn4 & !clkL &  _LC026 & !_LC073
         #  btn1 &  btn2 &  btn3 &  btn4 & !clkL &  _LC026 & !_LC087;

-- Node name is '|clkdiv18:38|:56' = '|clkdiv18:38|clk_div' 
-- Equation name is '_LC068', type is buried 
_LC068   = TFFE( VCC,  _LC072,  VCC,  VCC,  VCC);

-- Node name is '|clkdiv18:38|:38' 
-- Equation name is '_LC018', type is buried 
_LC018   = TFFE( VCC, GLOBAL( GCLK),  VCC,  VCC,  VCC);

-- Node name is '|clkdiv18:38|:40' 
-- Equation name is '_LC074', type is buried 
_LC074   = TFFE( VCC,  _LC018,  VCC,  VCC,  VCC);

-- Node name is '|clkdiv18:38|:41' 
-- Equation name is '_LC076', type is buried 
_LC076   = TFFE( VCC,  _LC074,  VCC,  VCC,  VCC);

-- Node name is '|clkdiv18:38|:50' 
-- Equation name is '_LC077', type is buried 
_LC077   = TFFE( VCC,  _LC080,  VCC,  VCC,  VCC);

-- Node name is '|clkdiv18:38|:51' 
-- Equation name is '_LC080', type is buried 
_LC080   = TFFE( VCC,  _LC076,  VCC,  VCC,  VCC);

-- Node name is '|clkdiv18:38|:52' 
-- Equation name is '_LC069', type is buried 
_LC069   = TFFE( VCC,  _LC070,  VCC,  VCC,  VCC);

-- Node name is '|clkdiv18:38|:53' 
-- Equation name is '_LC070', type is buried 
_LC070   = TFFE( VCC,  _LC077,  VCC,  VCC,  VCC);

-- Node name is '|clkdiv18:38|:54' 
-- Equation name is '_LC067', type is buried 
_LC067   = TFFE( VCC,  _LC071,  VCC,  VCC,  VCC);

-- Node name is '|clkdiv18:38|:55' 
-- Equation name is '_LC071', type is buried 
_LC071   = TFFE( VCC,  _LC069,  VCC,  VCC,  VCC);

-- Node name is '|clkdiv18:38|:57' 
-- Equation name is '_LC072', type is buried 
_LC072   = TFFE( VCC,  _LC079,  VCC,  VCC,  VCC);

-- Node name is '|clkdiv18:38|:58' 
-- Equation name is '_LC079', type is buried 
_LC079   = TFFE( VCC,  _LC075,  VCC,  VCC,  VCC);

-- Node name is '|clkdiv18:38|:59' 
-- Equation name is '_LC075', type is buried 
_LC075   = TFFE( VCC,  _LC127,  VCC,  VCC,  VCC);

-- Node name is '|clkdiv18:38|:60' 
-- Equation name is '_LC127', type is buried 
_LC127   = TFFE( VCC,  _LC126,  VCC,  VCC,  VCC);

-- Node name is '|clkdiv18:38|:61' 
-- Equation name is '_LC126', type is buried 
_LC126   = TFFE( VCC,  _LC125,  VCC,  VCC,  VCC);

-- Node name is '|clkdiv18:38|:62' 
-- Equation name is '_LC125', type is buried 
_LC125   = TFFE( VCC,  _LC122,  VCC,  VCC,  VCC);

-- Node name is '|clkdiv18:38|:63' 
-- Equation name is '_LC122', type is buried 
_LC122   = TFFE( VCC,  _LC114,  VCC,  VCC,  VCC);

-- Node name is '|clkdiv18:38|:64' 
-- Equation name is '_LC114', type is buried 
_LC114   = TFFE( VCC,  _LC067,  VCC,  VCC,  VCC);

-- Node name is '|light4lveditreal:44|bcd_a:32|~17~1' 
-- Equation name is '_LC030', type is buried 
-- synthesized logic cell 
_LC030   = LCELL( _EQ033 $  _LC124);
  _EQ033 = !_LC098 & !_LC100 & !_LC102
         # !_LC020 & !_LC032 & !_LC098;

-- Node name is '|light4lveditreal:44|bcd_b:33|~18~1' 
-- Equation name is '_LC023', type is buried 
-- synthesized logic cell 
_LC023   = LCELL( _EQ034 $  _LC098);
  _EQ034 = !_LC020 & !_LC032 & !_LC098 &  _LC100 &  _LC124
         # !_LC020 & !_LC032 & !_LC098 &  _LC102 &  _LC124
         # !_LC098 & !_LC100 & !_LC102 & !_LC124
         #  _LC098 & !_LC100 & !_LC102;

-- Node name is '|light4lveditreal:44|t_ff:1|d_latch:1|~3~1~2' 
-- Equation name is '_LC112', type is buried 
-- synthesized logic cell 
_LC112   = LCELL( _EQ035 $  GND);
  _EQ035 = !clkL & !_LC020 & !_LC032 &  _LC098 & !_LC100 & !_LC102 & !reset & 
              start &  _X041
         # !_LC020 & !_LC032 &  _LC098 &  _LC111 &  _LC124 & !reset &  _X041
         # !_LC100 & !_LC102 &  _LC111 & !_LC124 & !reset &  start
         # !_LC100 & !_LC102 &  _LC111 & !reset &  _X042;
  _X041  = EXP(!_LC100 & !_LC102);
  _X042  = EXP(!_LC020 & !_LC032 &  _LC098);

-- Node name is '|light4lveditreal:44|t_ff:1|d_latch:1|~3~1' 
-- Equation name is '_LC111', type is buried 
-- synthesized logic cell 
_LC111   = LCELL( _EQ036 $  GND);
  _EQ036 = !clkL & !_LC020 & !_LC032 &  _LC098 &  _LC124 & !reset &  _X041
         # !clkL & !_LC100 & !_LC102 & !_LC124 & !reset &  start
         # !clkL & !_LC100 & !_LC102 & !reset &  _X042
         #  clkL &  _LC111
         #  _LC112;
  _X041  = EXP(!_LC100 & !_LC102);
  _X042  = EXP(!_LC020 & !_LC032 &  _LC098);

-- Node name is '|light4lveditreal:44|t_ff:1|d_latch:2|~2~1' 
-- Equation name is '_LC102', type is buried 
-- synthesized logic cell 
_LC102   = LCELL( _EQ037 $  VCC);
  _EQ037 =  clkL &  _LC111
         # !_LC100 & !_LC102;

-- Node name is '|light4lveditreal:44|t_ff:1|d_latch:2|~6~1' 
-- Equation name is '_LC100', type is buried 
-- synthesized logic cell 
_LC100   = LCELL( _EQ038 $  GND);
  _EQ038 =  clkL & !_LC111;

-- Node name is '|light4lveditreal:44|t_ff:3|d_latch:1|~3~1~2' 
-- Equation name is '_LC110', type is buried 
-- synthesized logic cell 
_LC110   = LCELL( _EQ039 $  GND);
  _EQ039 = !clkL & !_LC020 & !_LC032 & !_LC100 & !_LC102 & !start &  _X043
         # !_LC020 & !_LC032 &  _LC098 & !_LC100 & !_LC102 & !_LC106 & !start
         # !clkL & !_LC020 & !_LC032 &  _LC124 &  _X043
         # !_LC020 & !_LC032 &  _LC098 & !_LC106 &  _LC124
         # !_LC098 & !_LC106 &  _X043;
  _X043  = EXP(!_LC020 & !_LC032 &  _LC124);

-- Node name is '|light4lveditreal:44|t_ff:3|d_latch:1|~3~1~3' 
-- Equation name is '_LC108', type is buried 
-- synthesized logic cell 
_LC108   = LCELL( _EQ040 $  GND);
  _EQ040 = !_LC106 &  reset
         #  clkL & !_LC106
         #  _LC110;

-- Node name is '|light4lveditreal:44|t_ff:3|d_latch:1|~3~1' 
-- Equation name is '_LC106', type is buried 
-- synthesized logic cell 
_LC106   = LCELL( _EQ041 $  VCC);
  _EQ041 = !clkL & !_LC020 & !_LC032 &  _LC098 & !_LC100 & !_LC102 & !start
         # !clkL & !_LC020 & !_LC032 &  _LC098 &  _LC124
         # !clkL & !_LC098 &  _X043
         # !clkL &  reset
         #  _LC108;
  _X043  = EXP(!_LC020 & !_LC032 &  _LC124);

-- Node name is '|light4lveditreal:44|t_ff:3|d_latch:2|~3~1' 
-- Equation name is '_LC098', type is buried 
-- synthesized logic cell 
_LC098   = LCELL( _EQ042 $  GND);
  _EQ042 =  clkL &  _LC106
         # !clkL &  _LC098
         #  _LC098 &  _LC106;

-- Node name is '|light4lveditreal:44|t_ff:4|d_latch:1|~3~1~2' 
-- Equation name is '_LC120', type is buried 
-- synthesized logic cell 
_LC120   = LCELL( _EQ043 $  GND);
  _EQ043 = !clkL & !_LC020 & !_LC032 & !_LC100 & !_LC102 & !_LC124 & !reset & 
              start &  _X041
         # !clkL & !_LC020 & !_LC032 & !_LC098 & !_LC100 & !_LC102 & !_LC124 & 
             !reset &  _X041
         # !clkL & !_LC020 & !_LC032 & !_LC098 & !_LC100 & !_LC102 & !reset & 
              start &  _X044
         # !_LC020 & !_LC032 & !_LC098 & !_LC100 & !_LC102 &  _LC121 & 
             !_LC124 & !reset &  start
         # !clkL & !_LC020 & !_LC032 &  _LC098 & !reset &  start &  _X041 & 
              _X044;
  _X041  = EXP(!_LC100 & !_LC102);
  _X044  = EXP(!_LC020 & !_LC032);

-- Node name is '|light4lveditreal:44|t_ff:4|d_latch:1|~3~1~3' 
-- Equation name is '_LC118', type is buried 
-- synthesized logic cell 
_LC118   = LCELL( _EQ044 $  GND);
  _EQ044 = !_LC020 & !_LC032 &  _LC098 &  _LC121 & !_LC124 & !reset &  start & 
              _X041
         # !clkL & !_LC020 & !_LC032 & !_LC098 & !reset & !start &  _X041 & 
              _X044
         # !_LC020 & !_LC032 & !_LC098 &  _LC121 & !_LC124 & !reset & !start & 
              _X041
         #  _LC121 &  _LC124 & !reset &  _X044
         #  clkL &  _LC121;
  _X041  = EXP(!_LC100 & !_LC102);
  _X044  = EXP(!_LC020 & !_LC032);

-- Node name is '|light4lveditreal:44|t_ff:4|d_latch:1|~3~1~4' 
-- Equation name is '_LC117', type is buried 
-- synthesized logic cell 
_LC117   = LCELL( _EQ045 $  GND);
  _EQ045 =  _LC120
         #  _LC118;

-- Node name is '|light4lveditreal:44|t_ff:4|d_latch:1|~3~1' 
-- Equation name is '_LC121', type is buried 
-- synthesized logic cell 
_LC121   = LCELL( _EQ046 $  GND);
  _EQ046 = !clkL & !_LC020 & !_LC032 & !_LC098 & !_LC100 & !_LC102 & !_LC124 & 
             !reset &  start
         # !clkL & !_LC020 & !_LC032 &  _LC098 & !_LC124 & !reset &  start & 
              _X041
         # !clkL & !_LC020 & !_LC032 & !_LC098 & !_LC124 & !reset & !start & 
              _X041
         # !clkL &  _LC124 & !reset &  _X044
         #  _LC117;
  _X041  = EXP(!_LC100 & !_LC102);
  _X044  = EXP(!_LC020 & !_LC032);

-- Node name is '|light4lveditreal:44|t_ff:4|d_latch:2|~3~1' 
-- Equation name is '_LC124', type is buried 
-- synthesized logic cell 
_LC124   = LCELL( _EQ047 $  GND);
  _EQ047 =  clkL &  _LC121
         # !clkL &  _LC124
         #  _LC121 &  _LC124;

-- Node name is '|light4lveditreal:44|t_ff:5|d_latch:1|~3~1' 
-- Equation name is '_LC103', type is buried 
-- synthesized logic cell 
_LC103   = LCELL( _EQ048 $  _EQ049);
  _EQ048 = !clkL & !_LC020 & !_LC032 &  _LC098 & !_LC100 & !_LC102 & !start & 
              _X026 &  _X045 &  _X046 &  _X047 &  _X048
         # !clkL & !_LC098 & !_LC100 & !_LC102 & !_LC124 &  start &  _X026 & 
              _X045 &  _X046 &  _X047 &  _X048
         # !clkL &  _LC098 &  _LC102 & !_LC124 &  start &  _X026 &  _X045 & 
              _X046 &  _X047 &  _X048
         # !clkL &  _LC098 &  _LC100 & !_LC124 &  start &  _X026 &  _X045 & 
              _X046 &  _X047 &  _X048;
  _X026  = EXP(!clkL &  reset);
  _X045  = EXP( clkL & !_LC103);
  _X046  = EXP(!clkL & !_LC020 & !_LC032 &  _LC124);
  _X047  = EXP(!clkL & !_LC098 &  _LC102 & !start);
  _X048  = EXP(!clkL & !_LC098 &  _LC100 & !start);
  _EQ049 =  _X026 &  _X045 &  _X046 &  _X047 &  _X048;
  _X026  = EXP(!clkL &  reset);
  _X045  = EXP( clkL & !_LC103);
  _X046  = EXP(!clkL & !_LC020 & !_LC032 &  _LC124);
  _X047  = EXP(!clkL & !_LC098 &  _LC102 & !start);
  _X048  = EXP(!clkL & !_LC098 &  _LC100 & !start);

-- Node name is '|light4lveditreal:44|t_ff:5|d_latch:2|~2~1' 
-- Equation name is '_LC020', type is buried 
-- synthesized logic cell 
_LC020   = LCELL( _EQ050 $  VCC);
  _EQ050 =  clkL &  _LC103
         # !_LC020 & !_LC032;

-- Node name is '|light4lveditreal:44|t_ff:5|d_latch:2|~6~1' 
-- Equation name is '_LC032', type is buried 
-- synthesized logic cell 
_LC032   = LCELL( _EQ051 $  GND);
  _EQ051 =  clkL & !_LC103;

-- Node name is '|light4lveditreal:44|7448:42|~24~1' 
-- Equation name is '_LC022', type is buried 
-- synthesized logic cell 
_LC022   = LCELL( _EQ052 $  GND);
  _EQ052 = !_LC100 & !_LC102 &  _LC124
         #  _LC098 & !_LC100 & !_LC102;

-- Node name is '|light4lveditreal:44|7448:42|~38~1' 
-- Equation name is '_LC116', type is buried 
-- synthesized logic cell 
_LC116   = LCELL( _EQ053 $ !_LC023);
  _EQ053 = !_LC023 &  _LC098 & !_LC100 & !_LC102
         # !_LC023 & !_LC100 & !_LC102 &  _LC124;



--     Shareable expanders that are duplicated in multiple LABs:
--    _X003 occurs in LABs B, H
--    _X005 occurs in LABs B, H
--    _X011 occurs in LABs B, H
--    _X022 occurs in LABs E, F
--    _X026 occurs in LABs B, E, F, G
--    _X041 occurs in LABs G, H




Project Informationc:\users\hp bang\onedrive\desktop\logic\logic\seq2b8lv_gdf\seq2b8lv\seq2bit4lvreal2.rpt

** COMPILATION SETTINGS & TIMES **

Processing Menu Commands
------------------------

Design Doctor                             = off

Logic Synthesis:

   Synthesis Type Used                    = Standard

   Default Synthesis Style                = NORMAL

      Logic option settings in 'NORMAL' style for 'MAX7000S' family

      DECOMPOSE_GATES                     = on
      DUPLICATE_LOGIC_EXTRACTION          = on
      MINIMIZATION                        = full
      MULTI_LEVEL_FACTORING               = on
      NOT_GATE_PUSH_BACK                  = on
      PARALLEL_EXPANDERS                  = off
      REDUCE_LOGIC                        = on
      REFACTORIZATION                     = on
      REGISTER_OPTIMIZATION               = on
      RESYNTHESIZE_NETWORK                = on
      SLOW_SLEW_RATE                      = off
      SOFT_BUFFER_INSERTION               = on
      SUBFACTOR_EXTRACTION                = on
      TURBO_BIT                           = on
      XOR_SYNTHESIS                       = on
      IGNORE_SOFT_BUFFERS                 = off
      USE_LPM_FOR_AHDL_OPERATORS          = off

   Other logic synthesis settings:

      Automatic Global Clock              = on
      Automatic Global Clear              = on
      Automatic Global Preset             = on
      Automatic Global Output Enable      = on
      Automatic Fast I/O                  = off
      Automatic Register Packing          = off
      Automatic Open-Drain Pins           = on
      Automatic Implement in EAB          = off
      One-Hot State Machine Encoding      = off
      Optimize                            = 5

Default Timing Specifications: None

Cut All Bidir Feedback Timing Paths       = on
Cut All Clear & Preset Timing Paths       = on

Ignore Timing Assignments                 = off

Functional SNF Extractor                  = off

Linked SNF Extractor                      = off
Timing SNF Extractor                      = on
Optimize Timing SNF                       = off
Generate AHDL TDO File                    = off
Fitter Settings                           = NORMAL
Smart Recompile                           = off
Total Recompile                           = off

Interfaces Menu Commands
------------------------

EDIF Netlist Writer                       = off
Verilog Netlist Writer                    = off
VHDL Netlist Writer                       = off

Compilation Times
-----------------

   Compiler Netlist Extractor             00:00:00
   Database Builder                       00:00:00
   Logic Synthesizer                      00:00:00
   Partitioner                            00:00:00
   Fitter                                 00:00:01
   Timing SNF Extractor                   00:00:00
   Assembler                              00:00:00
   --------------------------             --------
   Total Time                             00:00:01


Memory Allocated
-----------------

Peak memory allocated during compilation  = 4,178K
