Project Informationc:\users\hp bang\onedrive\desktop\logic\logic\seq2b8lv_gdf\seq2b8lv\state2b8lv.rpt

MAX+plus II Compiler Report File
Version 10.2 07/10/2002
Compiled: 10/17/2022 17:07:31

Copyright (C) 1988-2002 Altera Corporation
Any megafunction design, and related net list (encrypted or decrypted),
support information, device programming or simulation file, and any other
associated documentation or information provided by Altera or a partner
under Altera's Megafunction Partnership Program may be used only to
program PLD devices (but not masked PLD devices) from Altera.  Any other
use of such megafunction design, net list, support information, device
programming or simulation file, or any other related documentation or
information is prohibited for any other purpose, including, but not
limited to modification, reverse engineering, de-compiling, or use with
any other silicon devices, unless such use is explicitly licensed under
a separate agreement with Altera or a megafunction partner.  Title to
the intellectual property, including patents, copyrights, trademarks,
trade secrets, or maskworks, embodied in any such megafunction design,
net list, support information, device programming or simulation file, or
any other related documentation or information provided by Altera or a
megafunction partner, remains with Altera, the megafunction partner, or
their respective licensors.  No other licenses, including any licenses
needed under any third party's intellectual property, are provided herein.



***** Project compilation was successful




** DEVICE SUMMARY **

Chip/                     Input   Output   Bidir         Shareable
POF       Device          Pins    Pins     Pins     LCs  Expanders  % Utilized

state2b8lv
      EPM7128SLC84-6       20       3        0      67      29          52 %

User Pins:                 20       3        0  



Project Informationc:\users\hp bang\onedrive\desktop\logic\logic\seq2b8lv_gdf\seq2b8lv\state2b8lv.rpt

** FILE HIERARCHY **



|state2b:3|
|state2b:3|c2b:5|
|state2b:3|c2b:5|reg1b:1|
|state2b:3|c2b:5|reg1b:1|d_latch:16|
|state2b:3|c2b:5|reg1b:1|d_latch:17|
|state2b:3|c2b:5|reg1b:2|
|state2b:3|c2b:5|reg1b:2|d_latch:16|
|state2b:3|c2b:5|reg1b:2|d_latch:17|
|state2b:4|
|state2b:4|c2b:5|
|state2b:4|c2b:5|reg1b:1|
|state2b:4|c2b:5|reg1b:1|d_latch:16|
|state2b:4|c2b:5|reg1b:1|d_latch:17|
|state2b:4|c2b:5|reg1b:2|
|state2b:4|c2b:5|reg1b:2|d_latch:16|
|state2b:4|c2b:5|reg1b:2|d_latch:17|
|state2b:6|
|state2b:6|c2b:5|
|state2b:6|c2b:5|reg1b:1|
|state2b:6|c2b:5|reg1b:1|d_latch:16|
|state2b:6|c2b:5|reg1b:1|d_latch:17|
|state2b:6|c2b:5|reg1b:2|
|state2b:6|c2b:5|reg1b:2|d_latch:16|
|state2b:6|c2b:5|reg1b:2|d_latch:17|
|state2b:5|
|state2b:5|c2b:5|
|state2b:5|c2b:5|reg1b:1|
|state2b:5|c2b:5|reg1b:1|d_latch:16|
|state2b:5|c2b:5|reg1b:1|d_latch:17|
|state2b:5|c2b:5|reg1b:2|
|state2b:5|c2b:5|reg1b:2|d_latch:16|
|state2b:5|c2b:5|reg1b:2|d_latch:17|
|state2b:10|
|state2b:10|c2b:5|
|state2b:10|c2b:5|reg1b:1|
|state2b:10|c2b:5|reg1b:1|d_latch:16|
|state2b:10|c2b:5|reg1b:1|d_latch:17|
|state2b:10|c2b:5|reg1b:2|
|state2b:10|c2b:5|reg1b:2|d_latch:16|
|state2b:10|c2b:5|reg1b:2|d_latch:17|
|state2b:9|
|state2b:9|c2b:5|
|state2b:9|c2b:5|reg1b:1|
|state2b:9|c2b:5|reg1b:1|d_latch:16|
|state2b:9|c2b:5|reg1b:1|d_latch:17|
|state2b:9|c2b:5|reg1b:2|
|state2b:9|c2b:5|reg1b:2|d_latch:16|
|state2b:9|c2b:5|reg1b:2|d_latch:17|
|state2b:8|
|state2b:8|c2b:5|
|state2b:8|c2b:5|reg1b:1|
|state2b:8|c2b:5|reg1b:1|d_latch:16|
|state2b:8|c2b:5|reg1b:1|d_latch:17|
|state2b:8|c2b:5|reg1b:2|
|state2b:8|c2b:5|reg1b:2|d_latch:16|
|state2b:8|c2b:5|reg1b:2|d_latch:17|
|state2b:7|
|state2b:7|c2b:5|
|state2b:7|c2b:5|reg1b:1|
|state2b:7|c2b:5|reg1b:1|d_latch:16|
|state2b:7|c2b:5|reg1b:1|d_latch:17|
|state2b:7|c2b:5|reg1b:2|
|state2b:7|c2b:5|reg1b:2|d_latch:16|
|state2b:7|c2b:5|reg1b:2|d_latch:17|
|dc4:30|
|dc4:31|


Device-Specific Information:c:\users\hp bang\onedrive\desktop\logic\logic\seq2b8lv_gdf\seq2b8lv\state2b8lv.rpt
state2b8lv

***** Logic for device 'state2b8lv' compiled without errors.




Device: EPM7128SLC84-6

Device Options:
    Turbo Bit                                    = ON
    Security Bit                                 = OFF
    Enable JTAG Support                        = ON
    User Code                                  = ffff
    MultiVolt I/O                              = OFF

                                                        R  R  R     R        
                 D  D  D     D  D  D                    E  E  E     E  D     
                 C  C  C     C  C  C  V                 S  S  S     S  C  s  
              R  O  O  O     O  O  I  C                 E  E  E  V  E  4  h  
              e  M  M  M     M  M  M  C                 R  R  R  C  R  _  o  
              s  _  _  _  G  _  _  _  I  G  G  G  G  G  V  V  V  C  V  O  w  
              e  e  b  b  N  b  b  b  N  N  N  N  N  N  E  E  E  I  E  M  b  
              t  n  3  2  D  1  0  0  T  D  D  D  D  D  D  D  D  O  D  0  0  
            -----------------------------------------------------------------_ 
          /  11 10  9  8  7  6  5  4  3  2  1 84 83 82 81 80 79 78 77 76 75   | 
     CLK | 12                                                              74 | RESERVED 
   VCCIO | 13                                                              73 | RESERVED 
    #TDI | 14                                                              72 | GND 
    DS_2 | 15                                                              71 | #TDO 
    DS_4 | 16                                                              70 | RESERVED 
 DCIM_b3 | 17                                                              69 | RESERVED 
 DCIM_b2 | 18                                                              68 | RESERVED 
     GND | 19                                                              67 | RESERVED 
 DCIM_en | 20                                                              66 | VCCIO 
 DCIM_b1 | 21                                                              65 | RESERVED 
RESERVED | 22                        EPM7128SLC84-6                        64 | RESERVED 
    #TMS | 23                                                              63 | RESERVED 
RESERVED | 24                                                              62 | #TCK 
RESERVED | 25                                                              61 | RESERVED 
   VCCIO | 26                                                              60 | RESERVED 
    DS_7 | 27                                                              59 | GND 
RESERVED | 28                                                              58 | RESERVED 
    DS_8 | 29                                                              57 | RESERVED 
  showb1 | 30                                                              56 | RESERVED 
    DS_1 | 31                                                              55 | RESERVED 
     GND | 32                                                              54 | RESERVED 
         |_  33 34 35 36 37 38 39 40 41 42 43 44 45 46 47 48 49 50 51 52 53  _| 
           ------------------------------------------------------------------ 
              R  D  R  R  D  V  R  R  D  G  V  R  R  R  G  R  R  R  R  R  V  
              E  S  E  E  S  C  E  E  S  N  C  E  E  E  N  E  E  E  E  E  C  
              S  _  S  S  _  C  S  S  _  D  C  S  S  S  D  S  S  S  S  S  C  
              E  3  E  E  5  I  E  E  6     I  E  E  E     E  E  E  E  E  I  
              R     R  R     O  R  R        N  R  R  R     R  R  R  R  R  O  
              V     V  V        V  V        T  V  V  V     V  V  V  V  V     
              E     E  E        E  E           E  E  E     E  E  E  E  E     
              D     D  D        D  D           D  D  D     D  D  D  D  D     


N.C. = No Connect. This pin has no internal connection to the device.
VCCINT = Dedicated power pin, which MUST be connected to VCC (5.0 volts).
VCCIO = Dedicated power pin, which MUST be connected to VCC (5.0 volts).
GND = Dedicated ground pin or unused dedicated input, which MUST be connected to GND.
RESERVED = Unused I/O pin, which MUST be left unconnected.

^ = Dedicated configuration pin.
+ = Reserved configuration pin, which is tri-stated during user mode.
* = Reserved configuration pin, which drives out in user mode.
PDn = Power Down pin. 
@ = Special-purpose pin. 
# = JTAG Boundary-Scan Testing/In-System Programming or Configuration Pin. The JTAG inputs TMS and TDI should be tied to VCC and TCK should be tied to GND when not in use.
& = JTAG pin used for I/O. When used as user I/O, JTAG pins must be kept stable before and during configuration.  JTAG pin stability prevents accidental loading of JTAG instructions.


Device-Specific Information:c:\users\hp bang\onedrive\desktop\logic\logic\seq2b8lv_gdf\seq2b8lv\state2b8lv.rpt
state2b8lv

** RESOURCE USAGE **

                                                Shareable     External
Logic Array Block     Logic Cells   I/O Pins    Expanders   Interconnect

A:     LC1 - LC16     1/16(  6%)   8/ 8(100%)   0/16(  0%)   3/36(  8%) 
B:    LC17 - LC32     1/16(  6%)   7/ 8( 87%)   1/16(  6%)  19/36( 52%) 
C:    LC33 - LC48     2/16( 12%)   5/ 8( 62%)  13/16( 81%)  32/36( 88%) 
D:    LC49 - LC64     6/16( 37%)   3/ 8( 37%)   3/16( 18%)  15/36( 41%) 
E:    LC65 - LC80    16/16(100%)   0/ 8(  0%)   8/16( 50%)  26/36( 72%) 
F:    LC81 - LC96    16/16(100%)   1/ 8( 12%)  12/16( 75%)  29/36( 80%) 
G:   LC97 - LC112    12/16( 75%)   1/ 8( 12%)   3/16( 18%)  32/36( 88%) 
H:  LC113 - LC128    13/16( 81%)   2/ 8( 25%)  14/16( 87%)  32/36( 88%) 


Total dedicated input pins used:                 0/4      (  0%)
Total I/O pins used:                            27/64     ( 42%)
Total logic cells used:                         67/128    ( 52%)
Total shareable expanders used:                 29/128    ( 22%)
Total Turbo logic cells used:                   67/128    ( 52%)
Total shareable expanders not available (n/a):  25/128    ( 19%)
Average fan-in:                                  6.13
Total fan-in:                                   411

Total input pins required:                      20
Total fast input logic cells required:           0
Total output pins required:                      3
Total bidirectional pins required:               0
Total reserved pins required                     4
Total logic cells required:                     67
Total flipflops required:                        0
Total product terms required:                  244
Total logic cells lending parallel expanders:    0
Total shareable expanders in database:          29

Synthesized logic cells:                        64/ 128   ( 50%)



Device-Specific Information:c:\users\hp bang\onedrive\desktop\logic\logic\seq2b8lv_gdf\seq2b8lv\state2b8lv.rpt
state2b8lv

** INPUTS **

                                         Shareable
                                         Expanders     Fan-In    Fan-Out
 Pin     LC  LAB  Primitive    Code   Total Shared n/a INP  FBK  OUT  FBK  Name
  12    (3)  (A)      INPUT               0      0   0    0    0    2   54  CLK
   4   (16)  (A)      INPUT               0      0   0    0    0    2    4  DCIM_b0
  21   (19)  (B)      INPUT               0      0   0    0    0    2    4  DCIM_b1
  18   (24)  (B)      INPUT               0      0   0    0    0    2    4  DCIM_b2
  17   (25)  (B)      INPUT               0      0   0    0    0    2    4  DCIM_b3
  20   (21)  (B)      INPUT               0      0   0    0    0    2    4  DCIM_en
   5   (14)  (A)      INPUT               0      0   0    0    0    3    4  DCOM_b0
   6   (13)  (A)      INPUT               0      0   0    0    0    3    4  DCOM_b1
   8   (11)  (A)      INPUT               0      0   0    0    0    3    4  DCOM_b2
   9    (8)  (A)      INPUT               0      0   0    0    0    3    4  DCOM_b3
  10    (6)  (A)      INPUT               0      0   0    0    0    3    4  DCOM_en
  31   (35)  (C)      INPUT               0      0   0    0    0    0    3  DS_1
  15   (29)  (B)      INPUT               0      0   0    0    0    0    3  DS_2
  34   (61)  (D)      INPUT               0      0   0    0    0    0    3  DS_3
  16   (27)  (B)      INPUT               0      0   0    0    0    0    4  DS_4
  37   (56)  (D)      INPUT               0      0   0    0    0    0    4  DS_5
  41   (49)  (D)      INPUT               0      0   0    0    0    0    4  DS_6
  27   (43)  (C)      INPUT               0      0   0    0    0    0    4  DS_7
  29   (38)  (C)      INPUT               0      0   0    0    0    0    4  DS_8
  11    (5)  (A)      INPUT               0      0   0    0    0    0   29  Reset


Code:

s = Synthesized pin or logic cell
t = Turbo logic cell
+ = Synchronous flipflop
/ = Slow slew-rate output
! = NOT gate push-back
r = Fitter-inserted logic cell


Device-Specific Information:c:\users\hp bang\onedrive\desktop\logic\logic\seq2b8lv_gdf\seq2b8lv\state2b8lv.rpt
state2b8lv

** OUTPUTS **

                                         Shareable
                                         Expanders     Fan-In    Fan-Out
 Pin     LC  LAB  Primitive    Code   Total Shared n/a INP  FBK  OUT  FBK  Name
  76    120    H     OUTPUT      t        0      0   0    5    0    0    0  DC4_OM0
  75    118    H     OUTPUT      t       12      0   0   11   13    0    0  showb0
  30     37    C     OUTPUT      t       12      0   0   11   13    0    0  showb1


Code:

s = Synthesized pin or logic cell
t = Turbo logic cell
+ = Synchronous flipflop
/ = Slow slew-rate output
! = NOT gate push-back
r = Fitter-inserted logic cell


Device-Specific Information:c:\users\hp bang\onedrive\desktop\logic\logic\seq2b8lv_gdf\seq2b8lv\state2b8lv.rpt
state2b8lv

** BURIED LOGIC **

                                         Shareable
                                         Expanders     Fan-In    Fan-Out
 Pin     LC  LAB  Primitive    Code   Total Shared n/a INP  FBK  OUT  FBK  Name
   -    127    H      LCELL    s t        1      0   1    3    2    1    2  |state2b:3|c2b:5|reg1b:1|d_latch:16|~3~1
   -    124    H      LCELL    s t        0      0   0    1    2    1    4  |state2b:3|c2b:5|reg1b:1|d_latch:17|~2~1
   -    103    G      LCELL    s t        0      0   0    2    3    0    1  |state2b:3|c2b:5|reg1b:2|d_latch:16|~3~1~2
 (70)   109    G      LCELL    s t        1      0   1    3    4    1    3  |state2b:3|c2b:5|reg1b:2|d_latch:16|~3~1
 (65)   101    G      LCELL    s t        0      0   0    1    2    1    3  |state2b:3|c2b:5|reg1b:2|d_latch:17|~2~1
   -    116    H      LCELL    s t        1      0   1    3    2    1    2  |state2b:4|c2b:5|reg1b:1|d_latch:16|~3~1
 (74)   117    H      LCELL    s t        0      0   0    1    2    1    4  |state2b:4|c2b:5|reg1b:1|d_latch:17|~2~1
 (34)    61    D      LCELL    s t        0      0   0    2    3    0    1  |state2b:4|c2b:5|reg1b:2|d_latch:16|~3~1~2
 (41)    49    D      LCELL    s t        1      0   1    3    4    1    3  |state2b:4|c2b:5|reg1b:2|d_latch:16|~3~1
   -     10    A      LCELL    s t        0      0   0    1    2    1    3  |state2b:4|c2b:5|reg1b:2|d_latch:17|~2~1
 (73)   115    H      LCELL    s t        0      0   0    2    3    0    1  |state2b:5|c2b:5|reg1b:1|d_latch:16|~3~1~2
 (55)    85    F      LCELL    s t        1      0   1    3    4    0    4  |state2b:5|c2b:5|reg1b:1|d_latch:16|~3~1
   -    121    H      LCELL    s t        0      0   0    1    3    1    6  |state2b:5|c2b:5|reg1b:1|d_latch:17|~2~1
   -    113    H      LCELL    s t        0      0   0    1    1    1    6  |state2b:5|c2b:5|reg1b:1|d_latch:17|~6~1
 (56)    86    F      LCELL    s t        2      1   1    2    5    0    1  |state2b:5|c2b:5|reg1b:2|d_latch:16|~3~1~2
 (36)    57    D      LCELL    s t        0      0   0    2    2    0    1  |state2b:5|c2b:5|reg1b:2|d_latch:16|~3~1~3
   -     81    F      LCELL    s t        2      1   1    3    5    0    4  |state2b:5|c2b:5|reg1b:2|d_latch:16|~3~1
 (63)    97    G      LCELL    s t        0      0   0    1    3    1    4  |state2b:5|c2b:5|reg1b:2|d_latch:17|~2~1
   -     98    G      LCELL    s t        0      0   0    1    1    1    4  |state2b:5|c2b:5|reg1b:2|d_latch:17|~6~1
   -     54    D      LCELL    s t        1      0   1    3    2    0    4  |state2b:6|c2b:5|reg1b:1|d_latch:16|~3~1
   -    114    H      LCELL    s t        0      0   0    1    2    1    6  |state2b:6|c2b:5|reg1b:1|d_latch:17|~2~1
 (40)    51    D      LCELL    s t        0      0   0    2    3    0    1  |state2b:6|c2b:5|reg1b:2|d_latch:16|~3~1~2
   -     50    D      LCELL    s t        1      0   1    3    4    0    5  |state2b:6|c2b:5|reg1b:2|d_latch:16|~3~1
 (64)    99    G      LCELL    s t        0      0   0    1    2    1    5  |state2b:6|c2b:5|reg1b:2|d_latch:17|~2~1
   -     68    E      LCELL    s t        0      0   0    2    3    0    1  |state2b:7|c2b:5|reg1b:1|d_latch:16|~3~1~2
   -     66    E      LCELL    s t        1      0   1    3    4    0    4  |state2b:7|c2b:5|reg1b:1|d_latch:16|~3~1
 (81)   128    H      LCELL    s t        0      0   0    1    3    1    6  |state2b:7|c2b:5|reg1b:1|d_latch:17|~2~1
   -    122    H      LCELL    s t        0      0   0    1    1    1    6  |state2b:7|c2b:5|reg1b:1|d_latch:17|~6~1
   -     70    E      LCELL    s t        2      1   1    2    5    0    1  |state2b:7|c2b:5|reg1b:2|d_latch:16|~3~1~2
 (52)    80    E      LCELL    s t        0      0   0    2    2    0    1  |state2b:7|c2b:5|reg1b:2|d_latch:16|~3~1~3
 (48)    72    E      LCELL    s t        2      1   1    3    5    0    4  |state2b:7|c2b:5|reg1b:2|d_latch:16|~3~1
   -    102    G      LCELL    s t        0      0   0    1    3    1    4  |state2b:7|c2b:5|reg1b:2|d_latch:17|~2~1
   -    100    G      LCELL    s t        0      0   0    1    1    1    4  |state2b:7|c2b:5|reg1b:2|d_latch:17|~6~1
   -     87    F      LCELL    s t        0      0   0    2    3    0    1  |state2b:8|c2b:5|reg1b:1|d_latch:16|~3~1~2
 (62)    96    F      LCELL    s t        1      0   1    3    4    0    4  |state2b:8|c2b:5|reg1b:1|d_latch:16|~3~1
 (60)    93    F      LCELL    s t        0      0   0    1    3    0    6  |state2b:8|c2b:5|reg1b:1|d_latch:17|~2~1
 (58)    91    F      LCELL    s t        0      0   0    1    1    0    6  |state2b:8|c2b:5|reg1b:1|d_latch:17|~6~1
 (61)    94    F      LCELL    s t        2      1   1    2    5    0    1  |state2b:8|c2b:5|reg1b:2|d_latch:16|~3~1~2
   -     79    E      LCELL    s t        0      0   0    2    2    0    1  |state2b:8|c2b:5|reg1b:2|d_latch:16|~3~1~3
   -     90    F      LCELL    s t        2      1   1    3    5    0    4  |state2b:8|c2b:5|reg1b:2|d_latch:16|~3~1
 (68)   105    G      LCELL    s t        0      0   0    1    3    0    4  |state2b:8|c2b:5|reg1b:2|d_latch:17|~2~1
 (67)   104    G      LCELL    s t        0      0   0    1    1    0    4  |state2b:8|c2b:5|reg1b:2|d_latch:17|~6~1
   -     95    F      LCELL    s t        0      0   0    2    3    0    1  |state2b:9|c2b:5|reg1b:1|d_latch:16|~3~1~2
 (57)    88    F      LCELL    s t        1      0   1    3    4    0    4  |state2b:9|c2b:5|reg1b:1|d_latch:16|~3~1
 (54)    83    F      LCELL    s t        0      0   0    1    3    0    7  |state2b:9|c2b:5|reg1b:1|d_latch:17|~2~1
   -     82    F      LCELL    s t        0      0   0    1    1    0    7  |state2b:9|c2b:5|reg1b:1|d_latch:17|~6~1
   -     92    F      LCELL    s t        2      1   1    2    5    0    1  |state2b:9|c2b:5|reg1b:2|d_latch:16|~3~1~2
 (51)    77    E      LCELL    s t        0      0   0    2    2    0    1  |state2b:9|c2b:5|reg1b:2|d_latch:16|~3~1~3
   -     84    F      LCELL    s t        2      1   1    3    5    0    4  |state2b:9|c2b:5|reg1b:2|d_latch:16|~3~1
   -     89    F      LCELL    s t        0      0   0    1    3    0    5  |state2b:9|c2b:5|reg1b:2|d_latch:17|~2~1
 (79)   125    H      LCELL    s t        0      0   0    1    1    0    5  |state2b:9|c2b:5|reg1b:2|d_latch:17|~6~1
 (46)    69    E      LCELL    s t        0      0   0    2    3    0    1  |state2b:10|c2b:5|reg1b:1|d_latch:16|~3~1~2
   -     78    E      LCELL    s t        1      0   1    3    4    0    4  |state2b:10|c2b:5|reg1b:1|d_latch:16|~3~1
 (49)    73    E      LCELL    s t        0      0   0    1    3    1    6  |state2b:10|c2b:5|reg1b:1|d_latch:17|~2~1
   -     74    E      LCELL    s t        0      0   0    1    1    1    6  |state2b:10|c2b:5|reg1b:1|d_latch:17|~6~1
   -     71    E      LCELL    s t        2      1   1    2    5    0    1  |state2b:10|c2b:5|reg1b:2|d_latch:16|~3~1~2
 (44)    65    E      LCELL    s t        0      0   0    2    2    0    1  |state2b:10|c2b:5|reg1b:2|d_latch:16|~3~1~3
 (45)    67    E      LCELL    s t        2      1   1    3    5    0    4  |state2b:10|c2b:5|reg1b:2|d_latch:16|~3~1
 (50)    75    E      LCELL    s t        0      0   0    1    3    1    4  |state2b:10|c2b:5|reg1b:2|d_latch:17|~2~1
   -     76    E      LCELL    s t        0      0   0    1    1    1    4  |state2b:10|c2b:5|reg1b:2|d_latch:17|~6~1
   -     34    C       SOFT    s t        1      0   1   10    8    1    0  ~11~2
 (17)    25    B       SOFT    s t        1      0   1   11    8    1    0  ~11~3
   -    106    G       SOFT    s t        1      0   1   10    8    1    0  ~12~2
   -    110    G       SOFT    s t        1      0   1   11    8    1    0  ~12~3


Code:

s = Synthesized pin or logic cell
t = Turbo logic cell
+ = Synchronous flipflop
/ = Slow slew-rate output
! = NOT gate push-back
r = Fitter-inserted logic cell


Device-Specific Information:c:\users\hp bang\onedrive\desktop\logic\logic\seq2b8lv_gdf\seq2b8lv\state2b8lv.rpt
state2b8lv

** LOGIC CELL INTERCONNECTIONS **

Logic Array Block 'A':

           Logic cells placed in LAB 'A'
        +- LC10 |state2b:4|c2b:5|reg1b:2|d_latch:17|~2~1
        | 
        |   Other LABs fed by signals
        |   that feed LAB 'A'
LC      | | A B C D E F G H |     Logic cells that feed LAB 'A':
LC10 -> * | * - * * - - - - | <-- |state2b:4|c2b:5|reg1b:2|d_latch:17|~2~1

Pin
12   -> * | * * * * * * * * | <-- CLK
LC49 -> * | * - * * - - - - | <-- |state2b:4|c2b:5|reg1b:2|d_latch:16|~3~1


* = The logic cell or pin is an input to the logic cell (or LAB) through the PIA.
- = The logic cell or pin is not an input to the logic cell (or LAB).


Device-Specific Information:c:\users\hp bang\onedrive\desktop\logic\logic\seq2b8lv_gdf\seq2b8lv\state2b8lv.rpt
state2b8lv

** LOGIC CELL INTERCONNECTIONS **

Logic Array Block 'B':

           Logic cells placed in LAB 'B'
        +- LC25 ~11~3
        | 
        |   Other LABs fed by signals
        |   that feed LAB 'B'
LC      | | A B C D E F G H |     Logic cells that feed LAB 'B':

Pin
12   -> * | * * * * * * * * | <-- CLK
4    -> * | - * * - - - * * | <-- DCIM_b0
21   -> * | - * * - - - * * | <-- DCIM_b1
18   -> * | - * * - - - * * | <-- DCIM_b2
17   -> * | - * * - - - * * | <-- DCIM_b3
20   -> * | - * * - - - * * | <-- DCIM_en
5    -> * | - * * - - - * * | <-- DCOM_b0
6    -> * | - * * - - - * * | <-- DCOM_b1
8    -> * | - * * - - - * * | <-- DCOM_b2
9    -> * | - * * - - - * * | <-- DCOM_b3
10   -> * | - * * - - - * * | <-- DCOM_en
LC121-> * | - * - - - * - * | <-- |state2b:5|c2b:5|reg1b:1|d_latch:17|~2~1
LC113-> * | - * - - - * - * | <-- |state2b:5|c2b:5|reg1b:1|d_latch:17|~6~1
LC54 -> * | - * * * - - - * | <-- |state2b:6|c2b:5|reg1b:1|d_latch:16|~3~1
LC114-> * | - * * * - - - * | <-- |state2b:6|c2b:5|reg1b:1|d_latch:17|~2~1
LC83 -> * | - * * - - * - - | <-- |state2b:9|c2b:5|reg1b:1|d_latch:17|~2~1
LC82 -> * | - * * - - * - - | <-- |state2b:9|c2b:5|reg1b:1|d_latch:17|~6~1
LC73 -> * | - * - - * - - * | <-- |state2b:10|c2b:5|reg1b:1|d_latch:17|~2~1
LC74 -> * | - * - - * - - * | <-- |state2b:10|c2b:5|reg1b:1|d_latch:17|~6~1


* = The logic cell or pin is an input to the logic cell (or LAB) through the PIA.
- = The logic cell or pin is not an input to the logic cell (or LAB).


Device-Specific Information:c:\users\hp bang\onedrive\desktop\logic\logic\seq2b8lv_gdf\seq2b8lv\state2b8lv.rpt
state2b8lv

** LOGIC CELL INTERCONNECTIONS **

Logic Array Block 'C':

             Logic cells placed in LAB 'C'
        +--- LC37 showb1
        | +- LC34 ~11~2
        | | 
        | |   Other LABs fed by signals
        | |   that feed LAB 'C'
LC      | | | A B C D E F G H |     Logic cells that feed LAB 'C':

Pin
12   -> * - | * * * * * * * * | <-- CLK
4    -> * * | - * * - - - * * | <-- DCIM_b0
21   -> * * | - * * - - - * * | <-- DCIM_b1
18   -> * * | - * * - - - * * | <-- DCIM_b2
17   -> * * | - * * - - - * * | <-- DCIM_b3
20   -> * * | - * * - - - * * | <-- DCIM_en
5    -> * * | - * * - - - * * | <-- DCOM_b0
6    -> * * | - * * - - - * * | <-- DCOM_b1
8    -> * * | - * * - - - * * | <-- DCOM_b2
9    -> * * | - * * - - - * * | <-- DCOM_b3
10   -> * * | - * * - - - * * | <-- DCOM_en
LC109-> * - | - - * - - - * - | <-- |state2b:3|c2b:5|reg1b:2|d_latch:16|~3~1
LC101-> * - | - - * - - - * - | <-- |state2b:3|c2b:5|reg1b:2|d_latch:17|~2~1
LC49 -> * - | * - * * - - - - | <-- |state2b:4|c2b:5|reg1b:2|d_latch:16|~3~1
LC10 -> * - | * - * * - - - - | <-- |state2b:4|c2b:5|reg1b:2|d_latch:17|~2~1
LC97 -> * - | - - * - - * * - | <-- |state2b:5|c2b:5|reg1b:2|d_latch:17|~2~1
LC98 -> * - | - - * - - * * - | <-- |state2b:5|c2b:5|reg1b:2|d_latch:17|~6~1
LC54 -> - * | - * * * - - - * | <-- |state2b:6|c2b:5|reg1b:1|d_latch:16|~3~1
LC114-> - * | - * * * - - - * | <-- |state2b:6|c2b:5|reg1b:1|d_latch:17|~2~1
LC99 -> * - | - - * * - - * - | <-- |state2b:6|c2b:5|reg1b:2|d_latch:17|~2~1
LC128-> - * | - - * - * - - * | <-- |state2b:7|c2b:5|reg1b:1|d_latch:17|~2~1
LC122-> - * | - - * - * - - * | <-- |state2b:7|c2b:5|reg1b:1|d_latch:17|~6~1
LC102-> * - | - - * - * - * - | <-- |state2b:7|c2b:5|reg1b:2|d_latch:17|~2~1
LC100-> * - | - - * - * - * - | <-- |state2b:7|c2b:5|reg1b:2|d_latch:17|~6~1
LC93 -> - * | - - * - - * - - | <-- |state2b:8|c2b:5|reg1b:1|d_latch:17|~2~1
LC91 -> - * | - - * - - * - - | <-- |state2b:8|c2b:5|reg1b:1|d_latch:17|~6~1
LC83 -> - * | - * * - - * - - | <-- |state2b:9|c2b:5|reg1b:1|d_latch:17|~2~1
LC82 -> - * | - * * - - * - - | <-- |state2b:9|c2b:5|reg1b:1|d_latch:17|~6~1
LC75 -> * - | - - * - * - * - | <-- |state2b:10|c2b:5|reg1b:2|d_latch:17|~2~1
LC76 -> * - | - - * - * - * - | <-- |state2b:10|c2b:5|reg1b:2|d_latch:17|~6~1
LC106-> * - | - - * - - - - - | <-- ~12~2
LC110-> * - | - - * - - - - - | <-- ~12~3


* = The logic cell or pin is an input to the logic cell (or LAB) through the PIA.
- = The logic cell or pin is not an input to the logic cell (or LAB).


Device-Specific Information:c:\users\hp bang\onedrive\desktop\logic\logic\seq2b8lv_gdf\seq2b8lv\state2b8lv.rpt
state2b8lv

** LOGIC CELL INTERCONNECTIONS **

Logic Array Block 'D':

                     Logic cells placed in LAB 'D'
        +----------- LC61 |state2b:4|c2b:5|reg1b:2|d_latch:16|~3~1~2
        | +--------- LC49 |state2b:4|c2b:5|reg1b:2|d_latch:16|~3~1
        | | +------- LC57 |state2b:5|c2b:5|reg1b:2|d_latch:16|~3~1~3
        | | | +----- LC54 |state2b:6|c2b:5|reg1b:1|d_latch:16|~3~1
        | | | | +--- LC51 |state2b:6|c2b:5|reg1b:2|d_latch:16|~3~1~2
        | | | | | +- LC50 |state2b:6|c2b:5|reg1b:2|d_latch:16|~3~1
        | | | | | | 
        | | | | | |   Other LABs fed by signals
        | | | | | |   that feed LAB 'D'
LC      | | | | | | | A B C D E F G H |     Logic cells that feed LAB 'D':
LC61 -> - * - - - - | - - - * - - - - | <-- |state2b:4|c2b:5|reg1b:2|d_latch:16|~3~1~2
LC49 -> * * - - - - | * - * * - - - - | <-- |state2b:4|c2b:5|reg1b:2|d_latch:16|~3~1
LC54 -> - - - * - - | - * * * - - - * | <-- |state2b:6|c2b:5|reg1b:1|d_latch:16|~3~1
LC51 -> - - - - - * | - - - * - - - - | <-- |state2b:6|c2b:5|reg1b:2|d_latch:16|~3~1~2
LC50 -> - - - - * * | - - - * - - * - | <-- |state2b:6|c2b:5|reg1b:2|d_latch:16|~3~1

Pin
12   -> - * * * - * | * * * * * * * * | <-- CLK
15   -> * * - - - - | - - - * - - - * | <-- DS_2
34   -> - - - * * * | - - - * - - - - | <-- DS_3
11   -> * * * * * * | - - - * * * * * | <-- Reset
LC117-> * * - - - - | - - - * - - - * | <-- |state2b:4|c2b:5|reg1b:1|d_latch:17|~2~1
LC10 -> * * - - - - | * - * * - - - - | <-- |state2b:4|c2b:5|reg1b:2|d_latch:17|~2~1
LC86 -> - - * - - - | - - - * - - - - | <-- |state2b:5|c2b:5|reg1b:2|d_latch:16|~3~1~2
LC81 -> - - * - - - | - - - * - * * - | <-- |state2b:5|c2b:5|reg1b:2|d_latch:16|~3~1
LC114-> - - - * * * | - * * * - - - * | <-- |state2b:6|c2b:5|reg1b:1|d_latch:17|~2~1
LC99 -> - - - - * * | - - * * - - * - | <-- |state2b:6|c2b:5|reg1b:2|d_latch:17|~2~1


* = The logic cell or pin is an input to the logic cell (or LAB) through the PIA.
- = The logic cell or pin is not an input to the logic cell (or LAB).


Device-Specific Information:c:\users\hp bang\onedrive\desktop\logic\logic\seq2b8lv_gdf\seq2b8lv\state2b8lv.rpt
state2b8lv

** LOGIC CELL INTERCONNECTIONS **

Logic Array Block 'E':

                                         Logic cells placed in LAB 'E'
        +------------------------------- LC68 |state2b:7|c2b:5|reg1b:1|d_latch:16|~3~1~2
        | +----------------------------- LC66 |state2b:7|c2b:5|reg1b:1|d_latch:16|~3~1
        | | +--------------------------- LC70 |state2b:7|c2b:5|reg1b:2|d_latch:16|~3~1~2
        | | | +------------------------- LC80 |state2b:7|c2b:5|reg1b:2|d_latch:16|~3~1~3
        | | | | +----------------------- LC72 |state2b:7|c2b:5|reg1b:2|d_latch:16|~3~1
        | | | | | +--------------------- LC79 |state2b:8|c2b:5|reg1b:2|d_latch:16|~3~1~3
        | | | | | | +------------------- LC77 |state2b:9|c2b:5|reg1b:2|d_latch:16|~3~1~3
        | | | | | | | +----------------- LC69 |state2b:10|c2b:5|reg1b:1|d_latch:16|~3~1~2
        | | | | | | | | +--------------- LC78 |state2b:10|c2b:5|reg1b:1|d_latch:16|~3~1
        | | | | | | | | | +------------- LC73 |state2b:10|c2b:5|reg1b:1|d_latch:17|~2~1
        | | | | | | | | | | +----------- LC74 |state2b:10|c2b:5|reg1b:1|d_latch:17|~6~1
        | | | | | | | | | | | +--------- LC71 |state2b:10|c2b:5|reg1b:2|d_latch:16|~3~1~2
        | | | | | | | | | | | | +------- LC65 |state2b:10|c2b:5|reg1b:2|d_latch:16|~3~1~3
        | | | | | | | | | | | | | +----- LC67 |state2b:10|c2b:5|reg1b:2|d_latch:16|~3~1
        | | | | | | | | | | | | | | +--- LC75 |state2b:10|c2b:5|reg1b:2|d_latch:17|~2~1
        | | | | | | | | | | | | | | | +- LC76 |state2b:10|c2b:5|reg1b:2|d_latch:17|~6~1
        | | | | | | | | | | | | | | | | 
        | | | | | | | | | | | | | | | |   Other LABs fed by signals
        | | | | | | | | | | | | | | | |   that feed LAB 'E'
LC      | | | | | | | | | | | | | | | | | A B C D E F G H |     Logic cells that feed LAB 'E':
LC68 -> - * - - - - - - - - - - - - - - | - - - - * - - - | <-- |state2b:7|c2b:5|reg1b:1|d_latch:16|~3~1~2
LC66 -> * * - - - - - - - - - - - - - - | - - - - * - - * | <-- |state2b:7|c2b:5|reg1b:1|d_latch:16|~3~1
LC70 -> - - - * - - - - - - - - - - - - | - - - - * - - - | <-- |state2b:7|c2b:5|reg1b:2|d_latch:16|~3~1~2
LC80 -> - - - - * - - - - - - - - - - - | - - - - * - - - | <-- |state2b:7|c2b:5|reg1b:2|d_latch:16|~3~1~3
LC72 -> - - * * - - - - - - - - - - - - | - - - - * - * - | <-- |state2b:7|c2b:5|reg1b:2|d_latch:16|~3~1
LC69 -> - - - - - - - - * - - - - - - - | - - - - * - - - | <-- |state2b:10|c2b:5|reg1b:1|d_latch:16|~3~1~2
LC78 -> - - - - - - - * * * * - - - - - | - - - - * - - - | <-- |state2b:10|c2b:5|reg1b:1|d_latch:16|~3~1
LC73 -> - - - - - - - * * * - * - * - - | - * - - * - - * | <-- |state2b:10|c2b:5|reg1b:1|d_latch:17|~2~1
LC74 -> - - - - - - - * * * - * - * - - | - * - - * - - * | <-- |state2b:10|c2b:5|reg1b:1|d_latch:17|~6~1
LC71 -> - - - - - - - - - - - - * - - - | - - - - * - - - | <-- |state2b:10|c2b:5|reg1b:2|d_latch:16|~3~1~2
LC65 -> - - - - - - - - - - - - - * - - | - - - - * - - - | <-- |state2b:10|c2b:5|reg1b:2|d_latch:16|~3~1~3
LC67 -> - - - - - - - - - - - * * - * * | - - - - * - - - | <-- |state2b:10|c2b:5|reg1b:2|d_latch:16|~3~1
LC75 -> - - - - - - - - - - - * - * * - | - - * - * - * - | <-- |state2b:10|c2b:5|reg1b:2|d_latch:17|~2~1
LC76 -> - - - - - - - - - - - * - * * - | - - * - * - * - | <-- |state2b:10|c2b:5|reg1b:2|d_latch:17|~6~1

Pin
12   -> - * * * * * * - * * * * * * * * | * * * * * * * * | <-- CLK
37   -> - - - - - - - * * - - * - * - - | - - - - * - - - | <-- DS_5
29   -> * * * - * - - - - - - - - - - - | - - - - * - - - | <-- DS_8
11   -> * * - * * * * * * - - - * * - - | - - - * * * * * | <-- Reset
LC128-> * * * - * - - - - - - - - - - - | - - * - * - - * | <-- |state2b:7|c2b:5|reg1b:1|d_latch:17|~2~1
LC122-> * * * - * - - - - - - - - - - - | - - * - * - - * | <-- |state2b:7|c2b:5|reg1b:1|d_latch:17|~6~1
LC102-> - - * - * - - - - - - - - - - - | - - * - * - * - | <-- |state2b:7|c2b:5|reg1b:2|d_latch:17|~2~1
LC100-> - - * - * - - - - - - - - - - - | - - * - * - * - | <-- |state2b:7|c2b:5|reg1b:2|d_latch:17|~6~1
LC94 -> - - - - - * - - - - - - - - - - | - - - - * - - - | <-- |state2b:8|c2b:5|reg1b:2|d_latch:16|~3~1~2
LC90 -> - - - - - * - - - - - - - - - - | - - - - * * * - | <-- |state2b:8|c2b:5|reg1b:2|d_latch:16|~3~1
LC92 -> - - - - - - * - - - - - - - - - | - - - - * - - - | <-- |state2b:9|c2b:5|reg1b:2|d_latch:16|~3~1~2
LC84 -> - - - - - - * - - - - - - - - - | - - - - * * - * | <-- |state2b:9|c2b:5|reg1b:2|d_latch:16|~3~1


* = The logic cell or pin is an input to the logic cell (or LAB) through the PIA.
- = The logic cell or pin is not an input to the logic cell (or LAB).


Device-Specific Information:c:\users\hp bang\onedrive\desktop\logic\logic\seq2b8lv_gdf\seq2b8lv\state2b8lv.rpt
state2b8lv

** LOGIC CELL INTERCONNECTIONS **

Logic Array Block 'F':

                                         Logic cells placed in LAB 'F'
        +------------------------------- LC85 |state2b:5|c2b:5|reg1b:1|d_latch:16|~3~1
        | +----------------------------- LC86 |state2b:5|c2b:5|reg1b:2|d_latch:16|~3~1~2
        | | +--------------------------- LC81 |state2b:5|c2b:5|reg1b:2|d_latch:16|~3~1
        | | | +------------------------- LC87 |state2b:8|c2b:5|reg1b:1|d_latch:16|~3~1~2
        | | | | +----------------------- LC96 |state2b:8|c2b:5|reg1b:1|d_latch:16|~3~1
        | | | | | +--------------------- LC93 |state2b:8|c2b:5|reg1b:1|d_latch:17|~2~1
        | | | | | | +------------------- LC91 |state2b:8|c2b:5|reg1b:1|d_latch:17|~6~1
        | | | | | | | +----------------- LC94 |state2b:8|c2b:5|reg1b:2|d_latch:16|~3~1~2
        | | | | | | | | +--------------- LC90 |state2b:8|c2b:5|reg1b:2|d_latch:16|~3~1
        | | | | | | | | | +------------- LC95 |state2b:9|c2b:5|reg1b:1|d_latch:16|~3~1~2
        | | | | | | | | | | +----------- LC88 |state2b:9|c2b:5|reg1b:1|d_latch:16|~3~1
        | | | | | | | | | | | +--------- LC83 |state2b:9|c2b:5|reg1b:1|d_latch:17|~2~1
        | | | | | | | | | | | | +------- LC82 |state2b:9|c2b:5|reg1b:1|d_latch:17|~6~1
        | | | | | | | | | | | | | +----- LC92 |state2b:9|c2b:5|reg1b:2|d_latch:16|~3~1~2
        | | | | | | | | | | | | | | +--- LC84 |state2b:9|c2b:5|reg1b:2|d_latch:16|~3~1
        | | | | | | | | | | | | | | | +- LC89 |state2b:9|c2b:5|reg1b:2|d_latch:17|~2~1
        | | | | | | | | | | | | | | | | 
        | | | | | | | | | | | | | | | |   Other LABs fed by signals
        | | | | | | | | | | | | | | | |   that feed LAB 'F'
LC      | | | | | | | | | | | | | | | | | A B C D E F G H |     Logic cells that feed LAB 'F':
LC85 -> * - - - - - - - - - - - - - - - | - - - - - * - * | <-- |state2b:5|c2b:5|reg1b:1|d_latch:16|~3~1
LC81 -> - * - - - - - - - - - - - - - - | - - - * - * * - | <-- |state2b:5|c2b:5|reg1b:2|d_latch:16|~3~1
LC87 -> - - - - * - - - - - - - - - - - | - - - - - * - - | <-- |state2b:8|c2b:5|reg1b:1|d_latch:16|~3~1~2
LC96 -> - - - * * * * - - - - - - - - - | - - - - - * - - | <-- |state2b:8|c2b:5|reg1b:1|d_latch:16|~3~1
LC93 -> - - - * * * - * * - - - - - - - | - - * - - * - - | <-- |state2b:8|c2b:5|reg1b:1|d_latch:17|~2~1
LC91 -> - - - * * * - * * - - - - - - - | - - * - - * - - | <-- |state2b:8|c2b:5|reg1b:1|d_latch:17|~6~1
LC90 -> - - - - - - - * - - - - - - - - | - - - - * * * - | <-- |state2b:8|c2b:5|reg1b:2|d_latch:16|~3~1
LC95 -> - - - - - - - - - - * - - - - - | - - - - - * - - | <-- |state2b:9|c2b:5|reg1b:1|d_latch:16|~3~1~2
LC88 -> - - - - - - - - - * * * * - - - | - - - - - * - - | <-- |state2b:9|c2b:5|reg1b:1|d_latch:16|~3~1
LC83 -> - - - - - - - - - * * * - * * - | - * * - - * - - | <-- |state2b:9|c2b:5|reg1b:1|d_latch:17|~2~1
LC82 -> - - - - - - - - - * * * - * * - | - * * - - * - - | <-- |state2b:9|c2b:5|reg1b:1|d_latch:17|~6~1
LC84 -> - - - - - - - - - - - - - * - * | - - - - * * - * | <-- |state2b:9|c2b:5|reg1b:2|d_latch:16|~3~1
LC89 -> - - - - - - - - - - - - - * * * | - - - - - * * - | <-- |state2b:9|c2b:5|reg1b:2|d_latch:17|~2~1

Pin
12   -> * * * - * * * * * - * * * * * * | * * * * * * * * | <-- CLK
16   -> * * * - - - - - - - - - - - - - | - - - - - * - * | <-- DS_4
41   -> - - - - - - - - - * * - - * * - | - - - - - * - - | <-- DS_6
27   -> - - - * * - - * * - - - - - - - | - - - - - * - - | <-- DS_7
11   -> * - * * * - - - * * * - - - * - | - - - * * * * * | <-- Reset
LC115-> * - - - - - - - - - - - - - - - | - - - - - * - - | <-- |state2b:5|c2b:5|reg1b:1|d_latch:16|~3~1~2
LC121-> * * * - - - - - - - - - - - - - | - * - - - * - * | <-- |state2b:5|c2b:5|reg1b:1|d_latch:17|~2~1
LC113-> * * * - - - - - - - - - - - - - | - * - - - * - * | <-- |state2b:5|c2b:5|reg1b:1|d_latch:17|~6~1
LC57 -> - - * - - - - - - - - - - - - - | - - - - - * - - | <-- |state2b:5|c2b:5|reg1b:2|d_latch:16|~3~1~3
LC97 -> - * * - - - - - - - - - - - - - | - - * - - * * - | <-- |state2b:5|c2b:5|reg1b:2|d_latch:17|~2~1
LC98 -> - * * - - - - - - - - - - - - - | - - * - - * * - | <-- |state2b:5|c2b:5|reg1b:2|d_latch:17|~6~1
LC79 -> - - - - - - - - * - - - - - - - | - - - - - * - - | <-- |state2b:8|c2b:5|reg1b:2|d_latch:16|~3~1~3
LC105-> - - - - - - - * * - - - - - - - | - - - - - * * - | <-- |state2b:8|c2b:5|reg1b:2|d_latch:17|~2~1
LC104-> - - - - - - - * * - - - - - - - | - - - - - * * - | <-- |state2b:8|c2b:5|reg1b:2|d_latch:17|~6~1
LC77 -> - - - - - - - - - - - - - - * - | - - - - - * - - | <-- |state2b:9|c2b:5|reg1b:2|d_latch:16|~3~1~3
LC125-> - - - - - - - - - - - - - * * * | - - - - - * * - | <-- |state2b:9|c2b:5|reg1b:2|d_latch:17|~6~1


* = The logic cell or pin is an input to the logic cell (or LAB) through the PIA.
- = The logic cell or pin is not an input to the logic cell (or LAB).


Device-Specific Information:c:\users\hp bang\onedrive\desktop\logic\logic\seq2b8lv_gdf\seq2b8lv\state2b8lv.rpt
state2b8lv

** LOGIC CELL INTERCONNECTIONS **

Logic Array Block 'G':

                                 Logic cells placed in LAB 'G'
        +----------------------- LC103 |state2b:3|c2b:5|reg1b:2|d_latch:16|~3~1~2
        | +--------------------- LC109 |state2b:3|c2b:5|reg1b:2|d_latch:16|~3~1
        | | +------------------- LC101 |state2b:3|c2b:5|reg1b:2|d_latch:17|~2~1
        | | | +----------------- LC97 |state2b:5|c2b:5|reg1b:2|d_latch:17|~2~1
        | | | | +--------------- LC98 |state2b:5|c2b:5|reg1b:2|d_latch:17|~6~1
        | | | | | +------------- LC99 |state2b:6|c2b:5|reg1b:2|d_latch:17|~2~1
        | | | | | | +----------- LC102 |state2b:7|c2b:5|reg1b:2|d_latch:17|~2~1
        | | | | | | | +--------- LC100 |state2b:7|c2b:5|reg1b:2|d_latch:17|~6~1
        | | | | | | | | +------- LC105 |state2b:8|c2b:5|reg1b:2|d_latch:17|~2~1
        | | | | | | | | | +----- LC104 |state2b:8|c2b:5|reg1b:2|d_latch:17|~6~1
        | | | | | | | | | | +--- LC106 ~12~2
        | | | | | | | | | | | +- LC110 ~12~3
        | | | | | | | | | | | | 
        | | | | | | | | | | | |   Other LABs fed by signals
        | | | | | | | | | | | |   that feed LAB 'G'
LC      | | | | | | | | | | | | | A B C D E F G H |     Logic cells that feed LAB 'G':
LC103-> - * - - - - - - - - - - | - - - - - - * - | <-- |state2b:3|c2b:5|reg1b:2|d_latch:16|~3~1~2
LC109-> * * * - - - - - - - - - | - - * - - - * - | <-- |state2b:3|c2b:5|reg1b:2|d_latch:16|~3~1
LC101-> * * * - - - - - - - - - | - - * - - - * - | <-- |state2b:3|c2b:5|reg1b:2|d_latch:17|~2~1
LC97 -> - - - * - - - - - - - * | - - * - - * * - | <-- |state2b:5|c2b:5|reg1b:2|d_latch:17|~2~1
LC98 -> - - - * - - - - - - - * | - - * - - * * - | <-- |state2b:5|c2b:5|reg1b:2|d_latch:17|~6~1
LC99 -> - - - - - * - - - - * * | - - * * - - * - | <-- |state2b:6|c2b:5|reg1b:2|d_latch:17|~2~1
LC102-> - - - - - - * - - - * - | - - * - * - * - | <-- |state2b:7|c2b:5|reg1b:2|d_latch:17|~2~1
LC100-> - - - - - - * - - - * - | - - * - * - * - | <-- |state2b:7|c2b:5|reg1b:2|d_latch:17|~6~1
LC105-> - - - - - - - - * - * - | - - - - - * * - | <-- |state2b:8|c2b:5|reg1b:2|d_latch:17|~2~1
LC104-> - - - - - - - - * - * - | - - - - - * * - | <-- |state2b:8|c2b:5|reg1b:2|d_latch:17|~6~1

Pin
12   -> - * * * * * * * * * - * | * * * * * * * * | <-- CLK
4    -> - - - - - - - - - - * * | - * * - - - * * | <-- DCIM_b0
21   -> - - - - - - - - - - * * | - * * - - - * * | <-- DCIM_b1
18   -> - - - - - - - - - - * * | - * * - - - * * | <-- DCIM_b2
17   -> - - - - - - - - - - * * | - * * - - - * * | <-- DCIM_b3
20   -> - - - - - - - - - - * * | - * * - - - * * | <-- DCIM_en
5    -> - - - - - - - - - - * * | - * * - - - * * | <-- DCOM_b0
6    -> - - - - - - - - - - * * | - * * - - - * * | <-- DCOM_b1
8    -> - - - - - - - - - - * * | - * * - - - * * | <-- DCOM_b2
9    -> - - - - - - - - - - * * | - * * - - - * * | <-- DCOM_b3
10   -> - - - - - - - - - - * * | - * * - - - * * | <-- DCOM_en
31   -> * * - - - - - - - - - - | - - - - - - * * | <-- DS_1
11   -> * * - - - - - - - - - - | - - - * * * * * | <-- Reset
LC124-> * * - - - - - - - - - - | - - - - - - * * | <-- |state2b:3|c2b:5|reg1b:1|d_latch:17|~2~1
LC81 -> - - - * * - - - - - - - | - - - * - * * - | <-- |state2b:5|c2b:5|reg1b:2|d_latch:16|~3~1
LC50 -> - - - - - * - - - - * * | - - - * - - * - | <-- |state2b:6|c2b:5|reg1b:2|d_latch:16|~3~1
LC72 -> - - - - - - * * - - - - | - - - - * - * - | <-- |state2b:7|c2b:5|reg1b:2|d_latch:16|~3~1
LC90 -> - - - - - - - - * * - - | - - - - * * * - | <-- |state2b:8|c2b:5|reg1b:2|d_latch:16|~3~1
LC89 -> - - - - - - - - - - * * | - - - - - * * - | <-- |state2b:9|c2b:5|reg1b:2|d_latch:17|~2~1
LC125-> - - - - - - - - - - * * | - - - - - * * - | <-- |state2b:9|c2b:5|reg1b:2|d_latch:17|~6~1
LC75 -> - - - - - - - - - - - * | - - * - * - * - | <-- |state2b:10|c2b:5|reg1b:2|d_latch:17|~2~1
LC76 -> - - - - - - - - - - - * | - - * - * - * - | <-- |state2b:10|c2b:5|reg1b:2|d_latch:17|~6~1


* = The logic cell or pin is an input to the logic cell (or LAB) through the PIA.
- = The logic cell or pin is not an input to the logic cell (or LAB).


Device-Specific Information:c:\users\hp bang\onedrive\desktop\logic\logic\seq2b8lv_gdf\seq2b8lv\state2b8lv.rpt
state2b8lv

** LOGIC CELL INTERCONNECTIONS **

Logic Array Block 'H':

                                   Logic cells placed in LAB 'H'
        +------------------------- LC120 DC4_OM0
        | +----------------------- LC118 showb0
        | | +--------------------- LC127 |state2b:3|c2b:5|reg1b:1|d_latch:16|~3~1
        | | | +------------------- LC124 |state2b:3|c2b:5|reg1b:1|d_latch:17|~2~1
        | | | | +----------------- LC116 |state2b:4|c2b:5|reg1b:1|d_latch:16|~3~1
        | | | | | +--------------- LC117 |state2b:4|c2b:5|reg1b:1|d_latch:17|~2~1
        | | | | | | +------------- LC115 |state2b:5|c2b:5|reg1b:1|d_latch:16|~3~1~2
        | | | | | | | +----------- LC121 |state2b:5|c2b:5|reg1b:1|d_latch:17|~2~1
        | | | | | | | | +--------- LC113 |state2b:5|c2b:5|reg1b:1|d_latch:17|~6~1
        | | | | | | | | | +------- LC114 |state2b:6|c2b:5|reg1b:1|d_latch:17|~2~1
        | | | | | | | | | | +----- LC128 |state2b:7|c2b:5|reg1b:1|d_latch:17|~2~1
        | | | | | | | | | | | +--- LC122 |state2b:7|c2b:5|reg1b:1|d_latch:17|~6~1
        | | | | | | | | | | | | +- LC125 |state2b:9|c2b:5|reg1b:2|d_latch:17|~6~1
        | | | | | | | | | | | | | 
        | | | | | | | | | | | | |   Other LABs fed by signals
        | | | | | | | | | | | | |   that feed LAB 'H'
LC      | | | | | | | | | | | | | | A B C D E F G H |     Logic cells that feed LAB 'H':
LC127-> - * * * - - - - - - - - - | - - - - - - - * | <-- |state2b:3|c2b:5|reg1b:1|d_latch:16|~3~1
LC124-> - * * * - - - - - - - - - | - - - - - - * * | <-- |state2b:3|c2b:5|reg1b:1|d_latch:17|~2~1
LC116-> - * - - * * - - - - - - - | - - - - - - - * | <-- |state2b:4|c2b:5|reg1b:1|d_latch:16|~3~1
LC117-> - * - - * * - - - - - - - | - - - * - - - * | <-- |state2b:4|c2b:5|reg1b:1|d_latch:17|~2~1
LC121-> - * - - - - * * - - - - - | - * - - - * - * | <-- |state2b:5|c2b:5|reg1b:1|d_latch:17|~2~1
LC113-> - * - - - - * * - - - - - | - * - - - * - * | <-- |state2b:5|c2b:5|reg1b:1|d_latch:17|~6~1
LC114-> - * - - - - - - - * - - - | - * * * - - - * | <-- |state2b:6|c2b:5|reg1b:1|d_latch:17|~2~1
LC128-> - * - - - - - - - - * - - | - - * - * - - * | <-- |state2b:7|c2b:5|reg1b:1|d_latch:17|~2~1
LC122-> - * - - - - - - - - * - - | - - * - * - - * | <-- |state2b:7|c2b:5|reg1b:1|d_latch:17|~6~1

Pin
12   -> - * * * * * - * * * * * * | * * * * * * * * | <-- CLK
4    -> - * - - - - - - - - - - - | - * * - - - * * | <-- DCIM_b0
21   -> - * - - - - - - - - - - - | - * * - - - * * | <-- DCIM_b1
18   -> - * - - - - - - - - - - - | - * * - - - * * | <-- DCIM_b2
17   -> - * - - - - - - - - - - - | - * * - - - * * | <-- DCIM_b3
20   -> - * - - - - - - - - - - - | - * * - - - * * | <-- DCIM_en
5    -> * * - - - - - - - - - - - | - * * - - - * * | <-- DCOM_b0
6    -> * * - - - - - - - - - - - | - * * - - - * * | <-- DCOM_b1
8    -> * * - - - - - - - - - - - | - * * - - - * * | <-- DCOM_b2
9    -> * * - - - - - - - - - - - | - * * - - - * * | <-- DCOM_b3
10   -> * * - - - - - - - - - - - | - * * - - - * * | <-- DCOM_en
31   -> - - * - - - - - - - - - - | - - - - - - * * | <-- DS_1
15   -> - - - - * - - - - - - - - | - - - * - - - * | <-- DS_2
16   -> - - - - - - * - - - - - - | - - - - - * - * | <-- DS_4
11   -> - - * - * - * - - - - - - | - - - * * * * * | <-- Reset
LC85 -> - - - - - - * * * - - - - | - - - - - * - * | <-- |state2b:5|c2b:5|reg1b:1|d_latch:16|~3~1
LC54 -> - - - - - - - - - * - - - | - * * * - - - * | <-- |state2b:6|c2b:5|reg1b:1|d_latch:16|~3~1
LC66 -> - - - - - - - - - - * * - | - - - - * - - * | <-- |state2b:7|c2b:5|reg1b:1|d_latch:16|~3~1
LC84 -> - - - - - - - - - - - - * | - - - - * * - * | <-- |state2b:9|c2b:5|reg1b:2|d_latch:16|~3~1
LC73 -> - * - - - - - - - - - - - | - * - - * - - * | <-- |state2b:10|c2b:5|reg1b:1|d_latch:17|~2~1
LC74 -> - * - - - - - - - - - - - | - * - - * - - * | <-- |state2b:10|c2b:5|reg1b:1|d_latch:17|~6~1
LC34 -> - * - - - - - - - - - - - | - - - - - - - * | <-- ~11~2
LC25 -> - * - - - - - - - - - - - | - - - - - - - * | <-- ~11~3


* = The logic cell or pin is an input to the logic cell (or LAB) through the PIA.
- = The logic cell or pin is not an input to the logic cell (or LAB).


Device-Specific Information:c:\users\hp bang\onedrive\desktop\logic\logic\seq2b8lv_gdf\seq2b8lv\state2b8lv.rpt
state2b8lv

** EQUATIONS **

CLK      : INPUT;
DCIM_b0  : INPUT;
DCIM_b1  : INPUT;
DCIM_b2  : INPUT;
DCIM_b3  : INPUT;
DCIM_en  : INPUT;
DCOM_b0  : INPUT;
DCOM_b1  : INPUT;
DCOM_b2  : INPUT;
DCOM_b3  : INPUT;
DCOM_en  : INPUT;
DS_1     : INPUT;
DS_2     : INPUT;
DS_3     : INPUT;
DS_4     : INPUT;
DS_5     : INPUT;
DS_6     : INPUT;
DS_7     : INPUT;
DS_8     : INPUT;
Reset    : INPUT;

-- Node name is 'DC4_OM0' 
-- Equation name is 'DC4_OM0', location is LC120, type is output.
 DC4_OM0 = LCELL( _EQ001 $  GND);
  _EQ001 = !DCOM_b0 & !DCOM_b1 & !DCOM_b2 & !DCOM_b3 &  DCOM_en;

-- Node name is 'showb0' 
-- Equation name is 'showb0', location is LC118, type is output.
 showb0  = LCELL( _EQ002 $  VCC);
  _EQ002 = !_LC025 & !_LC034 &  _X001 &  _X002 &  _X003 &  _X004 &  _X005 & 
              _X006 &  _X007 &  _X008 &  _X009 &  _X010 &  _X011 &  _X012;
  _X001  = EXP(!CLK & !DCIM_b0 & !DCIM_b1 & !DCIM_b2 & !DCIM_b3 &  DCIM_en & 
             !_LC124);
  _X002  = EXP(!DCIM_b0 & !DCIM_b1 &  DCIM_b2 & !DCIM_b3 &  DCIM_en & !_LC073 & 
             !_LC074);
  _X003  = EXP(!DCOM_b0 &  DCOM_b1 & !DCOM_b2 & !DCOM_b3 &  DCOM_en &  _LC116 & 
             !_LC117);
  _X004  = EXP(!CLK &  DCOM_b0 & !DCOM_b1 & !DCOM_b2 & !DCOM_b3 &  DCOM_en & 
             !_LC124);
  _X005  = EXP(!DCIM_b0 & !DCIM_b1 & !DCIM_b2 & !DCIM_b3 &  DCIM_en & !_LC124 & 
              _LC127);
  _X006  = EXP(!CLK &  DCIM_b0 & !DCIM_b1 & !DCIM_b2 & !DCIM_b3 &  DCIM_en & 
             !_LC117);
  _X007  = EXP(!CLK & !DCOM_b0 &  DCOM_b1 & !DCOM_b2 & !DCOM_b3 &  DCOM_en & 
             !_LC117);
  _X008  = EXP(!CLK & !DCIM_b0 &  DCIM_b1 & !DCIM_b2 & !DCIM_b3 &  DCIM_en & 
             !_LC114);
  _X009  = EXP(!DCOM_b0 & !DCOM_b1 &  DCOM_b2 & !DCOM_b3 &  DCOM_en & !_LC113 & 
             !_LC121);
  _X010  = EXP( DCIM_b0 & !DCIM_b1 & !DCIM_b2 & !DCIM_b3 &  DCIM_en &  _LC116 & 
             !_LC117);
  _X011  = EXP(!DCOM_b0 & !DCOM_b1 & !DCOM_b2 &  DCOM_b3 &  DCOM_en & !_LC122 & 
             !_LC128);
  _X012  = EXP( DCOM_b0 & !DCOM_b1 & !DCOM_b2 & !DCOM_b3 &  DCOM_en & !_LC124 & 
              _LC127);

-- Node name is 'showb1' 
-- Equation name is 'showb1', location is LC037, type is output.
 showb1  = LCELL( _EQ003 $  VCC);
  _EQ003 = !_LC106 & !_LC110 &  _X013 &  _X014 &  _X015 &  _X016 &  _X017 & 
              _X018 &  _X019 &  _X020 &  _X021 &  _X022 &  _X023 &  _X024;
  _X013  = EXP(!CLK & !DCIM_b0 & !DCIM_b1 & !DCIM_b2 & !DCIM_b3 &  DCIM_en & 
             !_LC101);
  _X014  = EXP(!DCIM_b0 & !DCIM_b1 &  DCIM_b2 & !DCIM_b3 &  DCIM_en & !_LC075 & 
             !_LC076);
  _X015  = EXP(!DCOM_b0 &  DCOM_b1 & !DCOM_b2 & !DCOM_b3 &  DCOM_en & !_LC010 & 
              _LC049);
  _X016  = EXP(!CLK &  DCOM_b0 & !DCOM_b1 & !DCOM_b2 & !DCOM_b3 &  DCOM_en & 
             !_LC101);
  _X017  = EXP(!DCIM_b0 & !DCIM_b1 & !DCIM_b2 & !DCIM_b3 &  DCIM_en & !_LC101 & 
              _LC109);
  _X018  = EXP(!CLK &  DCIM_b0 & !DCIM_b1 & !DCIM_b2 & !DCIM_b3 &  DCIM_en & 
             !_LC010);
  _X019  = EXP(!CLK & !DCOM_b0 &  DCOM_b1 & !DCOM_b2 & !DCOM_b3 &  DCOM_en & 
             !_LC010);
  _X020  = EXP(!CLK & !DCIM_b0 &  DCIM_b1 & !DCIM_b2 & !DCIM_b3 &  DCIM_en & 
             !_LC099);
  _X021  = EXP(!DCOM_b0 & !DCOM_b1 &  DCOM_b2 & !DCOM_b3 &  DCOM_en & !_LC097 & 
             !_LC098);
  _X022  = EXP( DCIM_b0 & !DCIM_b1 & !DCIM_b2 & !DCIM_b3 &  DCIM_en & !_LC010 & 
              _LC049);
  _X023  = EXP(!DCOM_b0 & !DCOM_b1 & !DCOM_b2 &  DCOM_b3 &  DCOM_en & !_LC100 & 
             !_LC102);
  _X024  = EXP( DCOM_b0 & !DCOM_b1 & !DCOM_b2 & !DCOM_b3 &  DCOM_en & !_LC101 & 
              _LC109);

-- Node name is '|state2b:3|c2b:5|reg1b:1|d_latch:16|~3~1' 
-- Equation name is '_LC127', type is buried 
-- synthesized logic cell 
_LC127   = LCELL( _EQ004 $  GND);
  _EQ004 = !CLK & !DS_1 &  _LC124 & !Reset
         # !CLK &  DS_1 & !_LC124 & !Reset
         #  CLK &  _LC127
         # !DS_1 &  _LC124 &  _LC127 & !Reset
         #  DS_1 & !_LC124 &  _LC127 & !Reset;

-- Node name is '|state2b:3|c2b:5|reg1b:1|d_latch:17|~2~1' 
-- Equation name is '_LC124', type is buried 
-- synthesized logic cell 
_LC124   = LCELL( _EQ005 $  GND);
  _EQ005 =  CLK & !_LC127
         # !CLK &  _LC124
         #  _LC124 & !_LC127;

-- Node name is '|state2b:3|c2b:5|reg1b:2|d_latch:16|~3~1~2' 
-- Equation name is '_LC103', type is buried 
-- synthesized logic cell 
_LC103   = LCELL( _EQ006 $  GND);
  _EQ006 = !DS_1 &  _LC101 &  _LC109 & !_LC124 & !Reset
         # !_LC101 &  _LC109 &  _LC124 & !Reset
         #  DS_1 & !_LC101 &  _LC109 & !Reset;

-- Node name is '|state2b:3|c2b:5|reg1b:2|d_latch:16|~3~1' 
-- Equation name is '_LC109', type is buried 
-- synthesized logic cell 
_LC109   = LCELL( _EQ007 $  GND);
  _EQ007 = !CLK & !DS_1 &  _LC101 & !_LC124 & !Reset
         # !CLK & !_LC101 &  _LC124 & !Reset
         # !CLK &  DS_1 & !_LC101 & !Reset
         #  CLK &  _LC109
         #  _LC103;

-- Node name is '|state2b:3|c2b:5|reg1b:2|d_latch:17|~2~1' 
-- Equation name is '_LC101', type is buried 
-- synthesized logic cell 
_LC101   = LCELL( _EQ008 $  GND);
  _EQ008 =  CLK & !_LC109
         # !CLK &  _LC101
         #  _LC101 & !_LC109;

-- Node name is '|state2b:4|c2b:5|reg1b:1|d_latch:16|~3~1' 
-- Equation name is '_LC116', type is buried 
-- synthesized logic cell 
_LC116   = LCELL( _EQ009 $  GND);
  _EQ009 = !CLK & !DS_2 &  _LC117 & !Reset
         # !CLK &  DS_2 & !_LC117 & !Reset
         #  CLK &  _LC116
         # !DS_2 &  _LC116 &  _LC117 & !Reset
         #  DS_2 &  _LC116 & !_LC117 & !Reset;

-- Node name is '|state2b:4|c2b:5|reg1b:1|d_latch:17|~2~1' 
-- Equation name is '_LC117', type is buried 
-- synthesized logic cell 
_LC117   = LCELL( _EQ010 $  GND);
  _EQ010 =  CLK & !_LC116
         # !CLK &  _LC117
         # !_LC116 &  _LC117;

-- Node name is '|state2b:4|c2b:5|reg1b:2|d_latch:16|~3~1~2' 
-- Equation name is '_LC061', type is buried 
-- synthesized logic cell 
_LC061   = LCELL( _EQ011 $  GND);
  _EQ011 = !DS_2 &  _LC010 &  _LC049 & !_LC117 & !Reset
         # !_LC010 &  _LC049 &  _LC117 & !Reset
         #  DS_2 & !_LC010 &  _LC049 & !Reset;

-- Node name is '|state2b:4|c2b:5|reg1b:2|d_latch:16|~3~1' 
-- Equation name is '_LC049', type is buried 
-- synthesized logic cell 
_LC049   = LCELL( _EQ012 $  GND);
  _EQ012 = !CLK & !DS_2 &  _LC010 & !_LC117 & !Reset
         # !CLK & !_LC010 &  _LC117 & !Reset
         # !CLK &  DS_2 & !_LC010 & !Reset
         #  CLK &  _LC049
         #  _LC061;

-- Node name is '|state2b:4|c2b:5|reg1b:2|d_latch:17|~2~1' 
-- Equation name is '_LC010', type is buried 
-- synthesized logic cell 
_LC010   = LCELL( _EQ013 $  GND);
  _EQ013 =  CLK & !_LC049
         # !CLK &  _LC010
         #  _LC010 & !_LC049;

-- Node name is '|state2b:5|c2b:5|reg1b:1|d_latch:16|~3~1~2' 
-- Equation name is '_LC115', type is buried 
-- synthesized logic cell 
_LC115   = LCELL( _EQ014 $  GND);
  _EQ014 =  DS_4 &  _LC085 & !_LC113 & !_LC121 & !Reset
         # !DS_4 &  _LC085 &  _LC113 & !Reset
         # !DS_4 &  _LC085 &  _LC121 & !Reset;

-- Node name is '|state2b:5|c2b:5|reg1b:1|d_latch:16|~3~1' 
-- Equation name is '_LC085', type is buried 
-- synthesized logic cell 
_LC085   = LCELL( _EQ015 $  GND);
  _EQ015 = !CLK &  DS_4 & !_LC113 & !_LC121 & !Reset
         # !CLK & !DS_4 &  _LC113 & !Reset
         # !CLK & !DS_4 &  _LC121 & !Reset
         #  CLK &  _LC085
         #  _LC115;

-- Node name is '|state2b:5|c2b:5|reg1b:1|d_latch:17|~2~1' 
-- Equation name is '_LC121', type is buried 
-- synthesized logic cell 
_LC121   = LCELL( _EQ016 $  VCC);
  _EQ016 =  CLK &  _LC085
         # !_LC113 & !_LC121;

-- Node name is '|state2b:5|c2b:5|reg1b:1|d_latch:17|~6~1' 
-- Equation name is '_LC113', type is buried 
-- synthesized logic cell 
_LC113   = LCELL( _EQ017 $  GND);
  _EQ017 =  CLK & !_LC085;

-- Node name is '|state2b:5|c2b:5|reg1b:2|d_latch:16|~3~1~2' 
-- Equation name is '_LC086', type is buried 
-- synthesized logic cell 
_LC086   = LCELL( _EQ018 $  GND);
  _EQ018 = !CLK & !DS_4 & !_LC098 & !_LC113 & !_LC121 &  _X025
         # !CLK & !DS_4 & !_LC097 & !_LC113 & !_LC121 &  _X025
         # !DS_4 & !_LC081 & !_LC097 & !_LC098 & !_LC113 & !_LC121
         # !_LC081 &  _LC097 &  _X025
         # !_LC081 &  _LC098 &  _X025;
  _X025  = EXP(!DS_4 & !_LC113 & !_LC121);

-- Node name is '|state2b:5|c2b:5|reg1b:2|d_latch:16|~3~1~3' 
-- Equation name is '_LC057', type is buried 
-- synthesized logic cell 
_LC057   = LCELL( _EQ019 $  GND);
  _EQ019 = !_LC081 &  Reset
         #  CLK & !_LC081
         #  _LC086;

-- Node name is '|state2b:5|c2b:5|reg1b:2|d_latch:16|~3~1' 
-- Equation name is '_LC081', type is buried 
-- synthesized logic cell 
_LC081   = LCELL( _EQ020 $  VCC);
  _EQ020 = !CLK & !DS_4 & !_LC097 & !_LC098 & !_LC113 & !_LC121
         # !CLK &  _LC097 &  _X025
         # !CLK &  _LC098 &  _X025
         # !CLK &  Reset
         #  _LC057;
  _X025  = EXP(!DS_4 & !_LC113 & !_LC121);

-- Node name is '|state2b:5|c2b:5|reg1b:2|d_latch:17|~2~1' 
-- Equation name is '_LC097', type is buried 
-- synthesized logic cell 
_LC097   = LCELL( _EQ021 $  VCC);
  _EQ021 =  CLK &  _LC081
         # !_LC097 & !_LC098;

-- Node name is '|state2b:5|c2b:5|reg1b:2|d_latch:17|~6~1' 
-- Equation name is '_LC098', type is buried 
-- synthesized logic cell 
_LC098   = LCELL( _EQ022 $  GND);
  _EQ022 =  CLK & !_LC081;

-- Node name is '|state2b:6|c2b:5|reg1b:1|d_latch:16|~3~1' 
-- Equation name is '_LC054', type is buried 
-- synthesized logic cell 
_LC054   = LCELL( _EQ023 $  GND);
  _EQ023 = !CLK & !DS_3 &  _LC114 & !Reset
         # !CLK &  DS_3 & !_LC114 & !Reset
         #  CLK &  _LC054
         # !DS_3 &  _LC054 &  _LC114 & !Reset
         #  DS_3 &  _LC054 & !_LC114 & !Reset;

-- Node name is '|state2b:6|c2b:5|reg1b:1|d_latch:17|~2~1' 
-- Equation name is '_LC114', type is buried 
-- synthesized logic cell 
_LC114   = LCELL( _EQ024 $  GND);
  _EQ024 =  CLK & !_LC054
         # !CLK &  _LC114
         # !_LC054 &  _LC114;

-- Node name is '|state2b:6|c2b:5|reg1b:2|d_latch:16|~3~1~2' 
-- Equation name is '_LC051', type is buried 
-- synthesized logic cell 
_LC051   = LCELL( _EQ025 $  GND);
  _EQ025 = !DS_3 &  _LC050 &  _LC099 & !_LC114 & !Reset
         #  _LC050 & !_LC099 &  _LC114 & !Reset
         #  DS_3 &  _LC050 & !_LC099 & !Reset;

-- Node name is '|state2b:6|c2b:5|reg1b:2|d_latch:16|~3~1' 
-- Equation name is '_LC050', type is buried 
-- synthesized logic cell 
_LC050   = LCELL( _EQ026 $  GND);
  _EQ026 = !CLK & !DS_3 &  _LC099 & !_LC114 & !Reset
         # !CLK & !_LC099 &  _LC114 & !Reset
         # !CLK &  DS_3 & !_LC099 & !Reset
         #  CLK &  _LC050
         #  _LC051;

-- Node name is '|state2b:6|c2b:5|reg1b:2|d_latch:17|~2~1' 
-- Equation name is '_LC099', type is buried 
-- synthesized logic cell 
_LC099   = LCELL( _EQ027 $  GND);
  _EQ027 =  CLK & !_LC050
         # !CLK &  _LC099
         # !_LC050 &  _LC099;

-- Node name is '|state2b:7|c2b:5|reg1b:1|d_latch:16|~3~1~2' 
-- Equation name is '_LC068', type is buried 
-- synthesized logic cell 
_LC068   = LCELL( _EQ028 $  GND);
  _EQ028 =  DS_8 &  _LC066 & !_LC122 & !_LC128 & !Reset
         # !DS_8 &  _LC066 &  _LC122 & !Reset
         # !DS_8 &  _LC066 &  _LC128 & !Reset;

-- Node name is '|state2b:7|c2b:5|reg1b:1|d_latch:16|~3~1' 
-- Equation name is '_LC066', type is buried 
-- synthesized logic cell 
_LC066   = LCELL( _EQ029 $  GND);
  _EQ029 = !CLK &  DS_8 & !_LC122 & !_LC128 & !Reset
         # !CLK & !DS_8 &  _LC122 & !Reset
         # !CLK & !DS_8 &  _LC128 & !Reset
         #  CLK &  _LC066
         #  _LC068;

-- Node name is '|state2b:7|c2b:5|reg1b:1|d_latch:17|~2~1' 
-- Equation name is '_LC128', type is buried 
-- synthesized logic cell 
_LC128   = LCELL( _EQ030 $  VCC);
  _EQ030 =  CLK &  _LC066
         # !_LC122 & !_LC128;

-- Node name is '|state2b:7|c2b:5|reg1b:1|d_latch:17|~6~1' 
-- Equation name is '_LC122', type is buried 
-- synthesized logic cell 
_LC122   = LCELL( _EQ031 $  GND);
  _EQ031 =  CLK & !_LC066;

-- Node name is '|state2b:7|c2b:5|reg1b:2|d_latch:16|~3~1~2' 
-- Equation name is '_LC070', type is buried 
-- synthesized logic cell 
_LC070   = LCELL( _EQ032 $  GND);
  _EQ032 = !CLK & !DS_8 & !_LC100 & !_LC122 & !_LC128 &  _X026
         # !CLK & !DS_8 & !_LC102 & !_LC122 & !_LC128 &  _X026
         # !DS_8 & !_LC072 & !_LC100 & !_LC102 & !_LC122 & !_LC128
         # !_LC072 &  _LC102 &  _X026
         # !_LC072 &  _LC100 &  _X026;
  _X026  = EXP(!DS_8 & !_LC122 & !_LC128);

-- Node name is '|state2b:7|c2b:5|reg1b:2|d_latch:16|~3~1~3' 
-- Equation name is '_LC080', type is buried 
-- synthesized logic cell 
_LC080   = LCELL( _EQ033 $  GND);
  _EQ033 = !_LC072 &  Reset
         #  CLK & !_LC072
         #  _LC070;

-- Node name is '|state2b:7|c2b:5|reg1b:2|d_latch:16|~3~1' 
-- Equation name is '_LC072', type is buried 
-- synthesized logic cell 
_LC072   = LCELL( _EQ034 $  VCC);
  _EQ034 = !CLK & !DS_8 & !_LC100 & !_LC102 & !_LC122 & !_LC128
         # !CLK &  _LC102 &  _X026
         # !CLK &  _LC100 &  _X026
         # !CLK &  Reset
         #  _LC080;
  _X026  = EXP(!DS_8 & !_LC122 & !_LC128);

-- Node name is '|state2b:7|c2b:5|reg1b:2|d_latch:17|~2~1' 
-- Equation name is '_LC102', type is buried 
-- synthesized logic cell 
_LC102   = LCELL( _EQ035 $  VCC);
  _EQ035 =  CLK &  _LC072
         # !_LC100 & !_LC102;

-- Node name is '|state2b:7|c2b:5|reg1b:2|d_latch:17|~6~1' 
-- Equation name is '_LC100', type is buried 
-- synthesized logic cell 
_LC100   = LCELL( _EQ036 $  GND);
  _EQ036 =  CLK & !_LC072;

-- Node name is '|state2b:8|c2b:5|reg1b:1|d_latch:16|~3~1~2' 
-- Equation name is '_LC087', type is buried 
-- synthesized logic cell 
_LC087   = LCELL( _EQ037 $  GND);
  _EQ037 =  DS_7 & !_LC091 & !_LC093 &  _LC096 & !Reset
         # !DS_7 &  _LC091 &  _LC096 & !Reset
         # !DS_7 &  _LC093 &  _LC096 & !Reset;

-- Node name is '|state2b:8|c2b:5|reg1b:1|d_latch:16|~3~1' 
-- Equation name is '_LC096', type is buried 
-- synthesized logic cell 
_LC096   = LCELL( _EQ038 $  GND);
  _EQ038 = !CLK &  DS_7 & !_LC091 & !_LC093 & !Reset
         # !CLK & !DS_7 &  _LC091 & !Reset
         # !CLK & !DS_7 &  _LC093 & !Reset
         #  CLK &  _LC096
         #  _LC087;

-- Node name is '|state2b:8|c2b:5|reg1b:1|d_latch:17|~2~1' 
-- Equation name is '_LC093', type is buried 
-- synthesized logic cell 
_LC093   = LCELL( _EQ039 $  VCC);
  _EQ039 =  CLK &  _LC096
         # !_LC091 & !_LC093;

-- Node name is '|state2b:8|c2b:5|reg1b:1|d_latch:17|~6~1' 
-- Equation name is '_LC091', type is buried 
-- synthesized logic cell 
_LC091   = LCELL( _EQ040 $  GND);
  _EQ040 =  CLK & !_LC096;

-- Node name is '|state2b:8|c2b:5|reg1b:2|d_latch:16|~3~1~2' 
-- Equation name is '_LC094', type is buried 
-- synthesized logic cell 
_LC094   = LCELL( _EQ041 $  GND);
  _EQ041 = !CLK & !DS_7 & !_LC091 & !_LC093 & !_LC104 &  _X027
         # !CLK & !DS_7 & !_LC091 & !_LC093 & !_LC105 &  _X027
         # !DS_7 & !_LC090 & !_LC091 & !_LC093 & !_LC104 & !_LC105
         # !_LC090 &  _LC105 &  _X027
         # !_LC090 &  _LC104 &  _X027;
  _X027  = EXP(!DS_7 & !_LC091 & !_LC093);

-- Node name is '|state2b:8|c2b:5|reg1b:2|d_latch:16|~3~1~3' 
-- Equation name is '_LC079', type is buried 
-- synthesized logic cell 
_LC079   = LCELL( _EQ042 $  GND);
  _EQ042 = !_LC090 &  Reset
         #  CLK & !_LC090
         #  _LC094;

-- Node name is '|state2b:8|c2b:5|reg1b:2|d_latch:16|~3~1' 
-- Equation name is '_LC090', type is buried 
-- synthesized logic cell 
_LC090   = LCELL( _EQ043 $  VCC);
  _EQ043 = !CLK & !DS_7 & !_LC091 & !_LC093 & !_LC104 & !_LC105
         # !CLK &  _LC105 &  _X027
         # !CLK &  _LC104 &  _X027
         # !CLK &  Reset
         #  _LC079;
  _X027  = EXP(!DS_7 & !_LC091 & !_LC093);

-- Node name is '|state2b:8|c2b:5|reg1b:2|d_latch:17|~2~1' 
-- Equation name is '_LC105', type is buried 
-- synthesized logic cell 
_LC105   = LCELL( _EQ044 $  VCC);
  _EQ044 =  CLK &  _LC090
         # !_LC104 & !_LC105;

-- Node name is '|state2b:8|c2b:5|reg1b:2|d_latch:17|~6~1' 
-- Equation name is '_LC104', type is buried 
-- synthesized logic cell 
_LC104   = LCELL( _EQ045 $  GND);
  _EQ045 =  CLK & !_LC090;

-- Node name is '|state2b:9|c2b:5|reg1b:1|d_latch:16|~3~1~2' 
-- Equation name is '_LC095', type is buried 
-- synthesized logic cell 
_LC095   = LCELL( _EQ046 $  GND);
  _EQ046 =  DS_6 & !_LC082 & !_LC083 &  _LC088 & !Reset
         # !DS_6 &  _LC082 &  _LC088 & !Reset
         # !DS_6 &  _LC083 &  _LC088 & !Reset;

-- Node name is '|state2b:9|c2b:5|reg1b:1|d_latch:16|~3~1' 
-- Equation name is '_LC088', type is buried 
-- synthesized logic cell 
_LC088   = LCELL( _EQ047 $  GND);
  _EQ047 = !CLK &  DS_6 & !_LC082 & !_LC083 & !Reset
         # !CLK & !DS_6 &  _LC082 & !Reset
         # !CLK & !DS_6 &  _LC083 & !Reset
         #  CLK &  _LC088
         #  _LC095;

-- Node name is '|state2b:9|c2b:5|reg1b:1|d_latch:17|~2~1' 
-- Equation name is '_LC083', type is buried 
-- synthesized logic cell 
_LC083   = LCELL( _EQ048 $  VCC);
  _EQ048 =  CLK &  _LC088
         # !_LC082 & !_LC083;

-- Node name is '|state2b:9|c2b:5|reg1b:1|d_latch:17|~6~1' 
-- Equation name is '_LC082', type is buried 
-- synthesized logic cell 
_LC082   = LCELL( _EQ049 $  GND);
  _EQ049 =  CLK & !_LC088;

-- Node name is '|state2b:9|c2b:5|reg1b:2|d_latch:16|~3~1~2' 
-- Equation name is '_LC092', type is buried 
-- synthesized logic cell 
_LC092   = LCELL( _EQ050 $  GND);
  _EQ050 = !CLK & !DS_6 & !_LC082 & !_LC083 & !_LC125 &  _X028
         # !CLK & !DS_6 & !_LC082 & !_LC083 & !_LC089 &  _X028
         # !DS_6 & !_LC082 & !_LC083 & !_LC084 & !_LC089 & !_LC125
         # !_LC084 &  _LC089 &  _X028
         # !_LC084 &  _LC125 &  _X028;
  _X028  = EXP(!DS_6 & !_LC082 & !_LC083);

-- Node name is '|state2b:9|c2b:5|reg1b:2|d_latch:16|~3~1~3' 
-- Equation name is '_LC077', type is buried 
-- synthesized logic cell 
_LC077   = LCELL( _EQ051 $  GND);
  _EQ051 = !_LC084 &  Reset
         #  CLK & !_LC084
         #  _LC092;

-- Node name is '|state2b:9|c2b:5|reg1b:2|d_latch:16|~3~1' 
-- Equation name is '_LC084', type is buried 
-- synthesized logic cell 
_LC084   = LCELL( _EQ052 $  VCC);
  _EQ052 = !CLK & !DS_6 & !_LC082 & !_LC083 & !_LC089 & !_LC125
         # !CLK &  _LC089 &  _X028
         # !CLK &  _LC125 &  _X028
         # !CLK &  Reset
         #  _LC077;
  _X028  = EXP(!DS_6 & !_LC082 & !_LC083);

-- Node name is '|state2b:9|c2b:5|reg1b:2|d_latch:17|~2~1' 
-- Equation name is '_LC089', type is buried 
-- synthesized logic cell 
_LC089   = LCELL( _EQ053 $  VCC);
  _EQ053 =  CLK &  _LC084
         # !_LC089 & !_LC125;

-- Node name is '|state2b:9|c2b:5|reg1b:2|d_latch:17|~6~1' 
-- Equation name is '_LC125', type is buried 
-- synthesized logic cell 
_LC125   = LCELL( _EQ054 $  GND);
  _EQ054 =  CLK & !_LC084;

-- Node name is '|state2b:10|c2b:5|reg1b:1|d_latch:16|~3~1~2' 
-- Equation name is '_LC069', type is buried 
-- synthesized logic cell 
_LC069   = LCELL( _EQ055 $  GND);
  _EQ055 =  DS_5 & !_LC073 & !_LC074 &  _LC078 & !Reset
         # !DS_5 &  _LC074 &  _LC078 & !Reset
         # !DS_5 &  _LC073 &  _LC078 & !Reset;

-- Node name is '|state2b:10|c2b:5|reg1b:1|d_latch:16|~3~1' 
-- Equation name is '_LC078', type is buried 
-- synthesized logic cell 
_LC078   = LCELL( _EQ056 $  GND);
  _EQ056 = !CLK &  DS_5 & !_LC073 & !_LC074 & !Reset
         # !CLK & !DS_5 &  _LC074 & !Reset
         # !CLK & !DS_5 &  _LC073 & !Reset
         #  CLK &  _LC078
         #  _LC069;

-- Node name is '|state2b:10|c2b:5|reg1b:1|d_latch:17|~2~1' 
-- Equation name is '_LC073', type is buried 
-- synthesized logic cell 
_LC073   = LCELL( _EQ057 $  VCC);
  _EQ057 =  CLK &  _LC078
         # !_LC073 & !_LC074;

-- Node name is '|state2b:10|c2b:5|reg1b:1|d_latch:17|~6~1' 
-- Equation name is '_LC074', type is buried 
-- synthesized logic cell 
_LC074   = LCELL( _EQ058 $  GND);
  _EQ058 =  CLK & !_LC078;

-- Node name is '|state2b:10|c2b:5|reg1b:2|d_latch:16|~3~1~2' 
-- Equation name is '_LC071', type is buried 
-- synthesized logic cell 
_LC071   = LCELL( _EQ059 $  GND);
  _EQ059 = !CLK & !DS_5 & !_LC073 & !_LC074 & !_LC076 &  _X029
         # !CLK & !DS_5 & !_LC073 & !_LC074 & !_LC075 &  _X029
         # !DS_5 & !_LC067 & !_LC073 & !_LC074 & !_LC075 & !_LC076
         # !_LC067 &  _LC075 &  _X029
         # !_LC067 &  _LC076 &  _X029;
  _X029  = EXP(!DS_5 & !_LC073 & !_LC074);

-- Node name is '|state2b:10|c2b:5|reg1b:2|d_latch:16|~3~1~3' 
-- Equation name is '_LC065', type is buried 
-- synthesized logic cell 
_LC065   = LCELL( _EQ060 $  GND);
  _EQ060 = !_LC067 &  Reset
         #  CLK & !_LC067
         #  _LC071;

-- Node name is '|state2b:10|c2b:5|reg1b:2|d_latch:16|~3~1' 
-- Equation name is '_LC067', type is buried 
-- synthesized logic cell 
_LC067   = LCELL( _EQ061 $  VCC);
  _EQ061 = !CLK & !DS_5 & !_LC073 & !_LC074 & !_LC075 & !_LC076
         # !CLK &  _LC075 &  _X029
         # !CLK &  _LC076 &  _X029
         # !CLK &  Reset
         #  _LC065;
  _X029  = EXP(!DS_5 & !_LC073 & !_LC074);

-- Node name is '|state2b:10|c2b:5|reg1b:2|d_latch:17|~2~1' 
-- Equation name is '_LC075', type is buried 
-- synthesized logic cell 
_LC075   = LCELL( _EQ062 $  VCC);
  _EQ062 =  CLK &  _LC067
         # !_LC075 & !_LC076;

-- Node name is '|state2b:10|c2b:5|reg1b:2|d_latch:17|~6~1' 
-- Equation name is '_LC076', type is buried 
-- synthesized logic cell 
_LC076   = LCELL( _EQ063 $  GND);
  _EQ063 =  CLK & !_LC067;

-- Node name is '~11~2' 
-- Equation name is '~11~2', location is LC034, type is buried.
-- synthesized logic cell 
_LC034   = LCELL( _EQ064 $  GND);
  _EQ064 =  DCIM_b0 &  DCIM_b1 &  DCIM_b2 & !DCIM_b3 &  DCIM_en & !_LC122 & 
             !_LC128
         #  DCOM_b0 &  DCOM_b1 &  DCOM_b2 & !DCOM_b3 &  DCOM_en & !_LC091 & 
             !_LC093
         #  DCOM_b0 &  DCOM_b1 & !DCOM_b2 & !DCOM_b3 &  DCOM_en &  _LC054 & 
             !_LC114
         # !DCIM_b0 &  DCIM_b1 &  DCIM_b2 & !DCIM_b3 &  DCIM_en & !_LC091 & 
             !_LC093
         # !DCOM_b0 &  DCOM_b1 &  DCOM_b2 & !DCOM_b3 &  DCOM_en & !_LC082 & 
             !_LC083;

-- Node name is '~11~3' 
-- Equation name is '~11~3', location is LC025, type is buried.
-- synthesized logic cell 
_LC025   = LCELL( _EQ065 $  GND);
  _EQ065 =  DCIM_b0 & !DCIM_b1 &  DCIM_b2 & !DCIM_b3 &  DCIM_en & !_LC082 & 
             !_LC083
         #  DCOM_b0 & !DCOM_b1 &  DCOM_b2 & !DCOM_b3 &  DCOM_en & !_LC073 & 
             !_LC074
         #  DCIM_b0 &  DCIM_b1 & !DCIM_b2 & !DCIM_b3 &  DCIM_en & !_LC113 & 
             !_LC121
         # !DCIM_b0 &  DCIM_b1 & !DCIM_b2 & !DCIM_b3 &  DCIM_en &  _LC054 & 
             !_LC114
         # !CLK &  DCOM_b0 &  DCOM_b1 & !DCOM_b2 & !DCOM_b3 &  DCOM_en & 
             !_LC114;

-- Node name is '~12~2' 
-- Equation name is '~12~2', location is LC106, type is buried.
-- synthesized logic cell 
_LC106   = LCELL( _EQ066 $  GND);
  _EQ066 =  DCIM_b0 &  DCIM_b1 &  DCIM_b2 & !DCIM_b3 &  DCIM_en & !_LC100 & 
             !_LC102
         #  DCOM_b0 &  DCOM_b1 &  DCOM_b2 & !DCOM_b3 &  DCOM_en & !_LC104 & 
             !_LC105
         #  DCOM_b0 &  DCOM_b1 & !DCOM_b2 & !DCOM_b3 &  DCOM_en &  _LC050 & 
             !_LC099
         # !DCIM_b0 &  DCIM_b1 &  DCIM_b2 & !DCIM_b3 &  DCIM_en & !_LC104 & 
             !_LC105
         # !DCOM_b0 &  DCOM_b1 &  DCOM_b2 & !DCOM_b3 &  DCOM_en & !_LC089 & 
             !_LC125;

-- Node name is '~12~3' 
-- Equation name is '~12~3', location is LC110, type is buried.
-- synthesized logic cell 
_LC110   = LCELL( _EQ067 $  GND);
  _EQ067 =  DCIM_b0 & !DCIM_b1 &  DCIM_b2 & !DCIM_b3 &  DCIM_en & !_LC089 & 
             !_LC125
         #  DCOM_b0 & !DCOM_b1 &  DCOM_b2 & !DCOM_b3 &  DCOM_en & !_LC075 & 
             !_LC076
         #  DCIM_b0 &  DCIM_b1 & !DCIM_b2 & !DCIM_b3 &  DCIM_en & !_LC097 & 
             !_LC098
         # !DCIM_b0 &  DCIM_b1 & !DCIM_b2 & !DCIM_b3 &  DCIM_en &  _LC050 & 
             !_LC099
         # !CLK &  DCOM_b0 &  DCOM_b1 & !DCOM_b2 & !DCOM_b3 &  DCOM_en & 
             !_LC099;



--     Shareable expanders that are duplicated in multiple LABs:
--     (none)




Project Informationc:\users\hp bang\onedrive\desktop\logic\logic\seq2b8lv_gdf\seq2b8lv\state2b8lv.rpt

** COMPILATION SETTINGS & TIMES **

Processing Menu Commands
------------------------

Design Doctor                             = off

Logic Synthesis:

   Synthesis Type Used                    = Standard

   Default Synthesis Style                = NORMAL

      Logic option settings in 'NORMAL' style for 'MAX7000S' family

      DECOMPOSE_GATES                     = on
      DUPLICATE_LOGIC_EXTRACTION          = on
      MINIMIZATION                        = full
      MULTI_LEVEL_FACTORING               = on
      NOT_GATE_PUSH_BACK                  = on
      PARALLEL_EXPANDERS                  = off
      REDUCE_LOGIC                        = on
      REFACTORIZATION                     = on
      REGISTER_OPTIMIZATION               = on
      RESYNTHESIZE_NETWORK                = on
      SLOW_SLEW_RATE                      = off
      SOFT_BUFFER_INSERTION               = on
      SUBFACTOR_EXTRACTION                = on
      TURBO_BIT                           = on
      XOR_SYNTHESIS                       = on
      IGNORE_SOFT_BUFFERS                 = off
      USE_LPM_FOR_AHDL_OPERATORS          = off

   Other logic synthesis settings:

      Automatic Global Clock              = on
      Automatic Global Clear              = on
      Automatic Global Preset             = on
      Automatic Global Output Enable      = on
      Automatic Fast I/O                  = off
      Automatic Register Packing          = off
      Automatic Open-Drain Pins           = on
      Automatic Implement in EAB          = off
      One-Hot State Machine Encoding      = off
      Optimize                            = 5

Default Timing Specifications: None

Cut All Bidir Feedback Timing Paths       = on
Cut All Clear & Preset Timing Paths       = on

Ignore Timing Assignments                 = off

Functional SNF Extractor                  = off

Linked SNF Extractor                      = off
Timing SNF Extractor                      = on
Optimize Timing SNF                       = off
Generate AHDL TDO File                    = off
Fitter Settings                           = NORMAL
Smart Recompile                           = off
Total Recompile                           = off

Interfaces Menu Commands
------------------------

EDIF Netlist Writer                       = off
Verilog Netlist Writer                    = off
VHDL Netlist Writer                       = off

Compilation Times
-----------------

   Compiler Netlist Extractor             00:00:00
   Database Builder                       00:00:00
   Logic Synthesizer                      00:00:01
   Partitioner                            00:00:00
   Fitter                                 00:00:00
   Timing SNF Extractor                   00:00:00
   Assembler                              00:00:00
   --------------------------             --------
   Total Time                             00:00:01


Memory Allocated
-----------------

Peak memory allocated during compilation  = 4,276K
